{"contracts/AventusStorage.sol":{"l":{"17":1818,"18":1812,"22":342,"23":338,"37":9,"38":9,"42":2,"43":2,"47":199,"49":199,"53":139,"55":139,"62":4,"64":4,"66":2,"74":4269,"81":1503,"89":3,"96":7,"104":2214,"111":173,"119":3,"126":2,"134":90,"141":79,"149":169,"156":46,"164":3,"171":2,"179":2556,"183":2160,"191":1971},"path":"/home/adxm/github/AventusProtocolFoundation/protocol/contracts/AventusStorage.sol","s":{"1":1818,"2":342,"3":9,"4":9,"5":2,"6":2,"7":199,"8":199,"9":139,"10":139,"11":4,"12":4,"13":2,"14":4269,"15":1503,"16":3,"17":7,"18":2214,"19":173,"20":3,"21":2,"22":90,"23":79,"24":169,"25":46,"26":3,"27":2,"28":2556,"29":2160,"30":1971},"b":{"1":[199,0],"2":[131,8],"3":[2,2],"4":[2150,10]},"f":{"1":1818,"2":342,"3":9,"4":2,"5":199,"6":139,"7":4,"8":4269,"9":1503,"10":3,"11":7,"12":2214,"13":173,"14":3,"15":2,"16":90,"17":79,"18":169,"19":46,"20":3,"21":2,"22":2556,"23":2160,"24":1971},"fnMap":{"1":{"name":"onlyWithWriteAccess","line":16,"loc":{"start":{"line":16,"column":2},"end":{"line":16,"column":32}}},"2":{"name":"onlyWithTransferAVTAccess","line":21,"loc":{"start":{"line":21,"column":2},"end":{"line":21,"column":38}}},"3":{"name":"allowAccess","line":36,"loc":{"start":{"line":36,"column":2},"end":{"line":36,"column":88}}},"4":{"name":"denyAccess","line":41,"loc":{"start":{"line":41,"column":2},"end":{"line":41,"column":87}}},"5":{"name":"transferAVTTo","line":46,"loc":{"start":{"line":46,"column":2},"end":{"line":46,"column":86}}},"6":{"name":"transferAVTFrom","line":52,"loc":{"start":{"line":52,"column":2},"end":{"line":52,"column":90}}},"7":{"name":"fallback","line":61,"loc":{"start":{"line":61,"column":2},"end":{"line":61,"column":22}}},"8":{"name":"getUInt","line":69,"loc":{"start":{"line":69,"column":2},"end":{"line":73,"column":3}}},"9":{"name":"setUInt","line":77,"loc":{"start":{"line":77,"column":2},"end":{"line":80,"column":3}}},"10":{"name":"getString","line":84,"loc":{"start":{"line":84,"column":2},"end":{"line":88,"column":3}}},"11":{"name":"setString","line":92,"loc":{"start":{"line":92,"column":2},"end":{"line":95,"column":3}}},"12":{"name":"getAddress","line":99,"loc":{"start":{"line":99,"column":2},"end":{"line":103,"column":3}}},"13":{"name":"setAddress","line":107,"loc":{"start":{"line":107,"column":2},"end":{"line":110,"column":3}}},"14":{"name":"getBytes","line":114,"loc":{"start":{"line":114,"column":2},"end":{"line":118,"column":3}}},"15":{"name":"setBytes","line":122,"loc":{"start":{"line":122,"column":2},"end":{"line":125,"column":3}}},"16":{"name":"getBytes32","line":129,"loc":{"start":{"line":129,"column":2},"end":{"line":133,"column":3}}},"17":{"name":"setBytes32","line":137,"loc":{"start":{"line":137,"column":2},"end":{"line":140,"column":3}}},"18":{"name":"getBoolean","line":144,"loc":{"start":{"line":144,"column":2},"end":{"line":148,"column":3}}},"19":{"name":"setBoolean","line":152,"loc":{"start":{"line":152,"column":2},"end":{"line":155,"column":3}}},"20":{"name":"getInt","line":159,"loc":{"start":{"line":159,"column":2},"end":{"line":163,"column":3}}},"21":{"name":"setInt","line":167,"loc":{"start":{"line":167,"column":2},"end":{"line":170,"column":3}}},"22":{"name":"doGetAddress","line":174,"loc":{"start":{"line":174,"column":2},"end":{"line":178,"column":3}}},"23":{"name":"isAllowedAccess","line":182,"loc":{"start":{"line":182,"column":2},"end":{"line":182,"column":66}}},"24":{"name":"getKey","line":186,"loc":{"start":{"line":186,"column":2},"end":{"line":190,"column":3}}}},"statementMap":{"1":{"start":{"line":17,"column":4},"end":{"line":17,"column":27}},"2":{"start":{"line":22,"column":4},"end":{"line":22,"column":33}},"3":{"start":{"line":37,"column":4},"end":{"line":37,"column":54}},"4":{"start":{"line":38,"column":4},"end":{"line":38,"column":48}},"5":{"start":{"line":42,"column":4},"end":{"line":42,"column":55}},"6":{"start":{"line":43,"column":4},"end":{"line":43,"column":47}},"7":{"start":{"line":47,"column":4},"end":{"line":47,"column":59}},"8":{"start":{"line":49,"column":4},"end":{"line":49,"column":37}},"9":{"start":{"line":53,"column":4},"end":{"line":53,"column":59}},"10":{"start":{"line":55,"column":4},"end":{"line":55,"column":58}},"11":{"start":{"line":62,"column":4},"end":{"line":62,"column":80}},"12":{"start":{"line":64,"column":4},"end":{"line":64,"column":84}},"13":{"start":{"line":66,"column":4},"end":{"line":66,"column":33}},"14":{"start":{"line":74,"column":4},"end":{"line":74,"column":25}},"15":{"start":{"line":81,"column":4},"end":{"line":81,"column":25}},"16":{"start":{"line":89,"column":4},"end":{"line":89,"column":27}},"17":{"start":{"line":96,"column":4},"end":{"line":96,"column":27}},"18":{"start":{"line":104,"column":4},"end":{"line":104,"column":33}},"19":{"start":{"line":111,"column":4},"end":{"line":111,"column":28}},"20":{"start":{"line":119,"column":4},"end":{"line":119,"column":26}},"21":{"start":{"line":126,"column":4},"end":{"line":126,"column":26}},"22":{"start":{"line":134,"column":4},"end":{"line":134,"column":28}},"23":{"start":{"line":141,"column":4},"end":{"line":141,"column":28}},"24":{"start":{"line":149,"column":4},"end":{"line":149,"column":28}},"25":{"start":{"line":156,"column":4},"end":{"line":156,"column":28}},"26":{"start":{"line":164,"column":4},"end":{"line":164,"column":24}},"27":{"start":{"line":171,"column":4},"end":{"line":171,"column":24}},"28":{"start":{"line":179,"column":4},"end":{"line":179,"column":28}},"29":{"start":{"line":183,"column":4},"end":{"line":183,"column":110}},"30":{"start":{"line":191,"column":4},"end":{"line":191,"column":60}}},"branchMap":{"1":{"line":49,"type":"if","locations":[{"start":{"line":49,"column":4},"end":{"line":49,"column":4}},{"start":{"line":49,"column":4},"end":{"line":49,"column":4}}]},"2":{"line":55,"type":"if","locations":[{"start":{"line":55,"column":4},"end":{"line":55,"column":4}},{"start":{"line":55,"column":4},"end":{"line":55,"column":4}}]},"3":{"line":64,"type":"if","locations":[{"start":{"line":64,"column":4},"end":{"line":64,"column":4}},{"start":{"line":64,"column":4},"end":{"line":64,"column":4}}]},"4":{"line":183,"type":"if","locations":[{"start":{"line":183,"column":4},"end":{"line":183,"column":4}},{"start":{"line":183,"column":4},"end":{"line":183,"column":4}}]}}},"contracts/AVTManager.sol":{"l":{"14":2,"18":204,"22":142,"26":24,"34":157},"path":"/home/adxm/github/AventusProtocolFoundation/protocol/contracts/AVTManager.sol","s":{"1":2,"2":157},"b":{},"f":{"1":2,"2":204,"3":142,"4":24,"5":157},"fnMap":{"1":{"name":"constructor","line":13,"loc":{"start":{"line":13,"column":2},"end":{"line":13,"column":40}}},"2":{"name":"withdraw","line":17,"loc":{"start":{"line":17,"column":2},"end":{"line":17,"column":65}}},"3":{"name":"deposit","line":21,"loc":{"start":{"line":21,"column":2},"end":{"line":21,"column":64}}},"4":{"name":"transfer","line":25,"loc":{"start":{"line":25,"column":2},"end":{"line":25,"column":110}}},"5":{"name":"getBalance","line":29,"loc":{"start":{"line":29,"column":2},"end":{"line":33,"column":3}}}},"statementMap":{"1":{"start":{"line":14,"column":4},"end":{"line":14,"column":9}},"2":{"start":{"line":34,"column":4},"end":{"line":34,"column":58}}},"branchMap":{}},"contracts/EventsManager.sol":{"l":{"14":2,"21":19,"25":26,"29":13,"35":16,"42":16,"43":16,"44":4,"48":13},"path":"/home/adxm/github/AventusProtocolFoundation/protocol/contracts/EventsManager.sol","s":{"1":2},"b":{},"f":{"1":2,"2":19,"3":26,"4":13,"5":16,"6":16,"7":13},"fnMap":{"1":{"name":"constructor","line":13,"loc":{"start":{"line":13,"column":2},"end":{"line":13,"column":40}}},"2":{"name":"createEvent","line":17,"loc":{"start":{"line":17,"column":2},"end":{"line":19,"column":3}}},"3":{"name":"sellTicket","line":24,"loc":{"start":{"line":24,"column":2},"end":{"line":24,"column":124}}},"4":{"name":"cancelTicket","line":28,"loc":{"start":{"line":28,"column":2},"end":{"line":28,"column":92}}},"5":{"name":"resellTicket","line":32,"loc":{"start":{"line":32,"column":2},"end":{"line":34,"column":14}}},"6":{"name":"listTicket","line":38,"loc":{"start":{"line":38,"column":2},"end":{"line":41,"column":3}}},"7":{"name":"registerRoleOnEvent","line":47,"loc":{"start":{"line":47,"column":2},"end":{"line":47,"column":99}}}},"statementMap":{"1":{"start":{"line":14,"column":4},"end":{"line":14,"column":9}}},"branchMap":{}},"contracts/interfaces/IAventusStorage.sol":{"l":{},"path":"/home/adxm/github/AventusProtocolFoundation/protocol/contracts/interfaces/IAventusStorage.sol","s":{},"b":{},"f":{},"fnMap":{},"statementMap":{},"branchMap":{}},"contracts/interfaces/IAVTManager.sol":{"l":{},"path":"/home/adxm/github/AventusProtocolFoundation/protocol/contracts/interfaces/IAVTManager.sol","s":{},"b":{},"f":{},"fnMap":{},"statementMap":{},"branchMap":{}},"contracts/interfaces/IERC20.sol":{"l":{},"path":"/home/adxm/github/AventusProtocolFoundation/protocol/contracts/interfaces/IERC20.sol","s":{},"b":{},"f":{},"fnMap":{},"statementMap":{},"branchMap":{}},"contracts/interfaces/IEventsManager.sol":{"l":{},"path":"/home/adxm/github/AventusProtocolFoundation/protocol/contracts/interfaces/IEventsManager.sol","s":{},"b":{},"f":{},"fnMap":{},"statementMap":{},"branchMap":{}},"contracts/interfaces/IMembersManager.sol":{"l":{},"path":"/home/adxm/github/AventusProtocolFoundation/protocol/contracts/interfaces/IMembersManager.sol","s":{},"b":{},"f":{},"fnMap":{},"statementMap":{},"branchMap":{}},"contracts/interfaces/IMerkleRootsManager.sol":{"l":{},"path":"/home/adxm/github/AventusProtocolFoundation/protocol/contracts/interfaces/IMerkleRootsManager.sol","s":{},"b":{},"f":{},"fnMap":{},"statementMap":{},"branchMap":{}},"contracts/interfaces/IProposalsManager.sol":{"l":{},"path":"/home/adxm/github/AventusProtocolFoundation/protocol/contracts/interfaces/IProposalsManager.sol","s":{},"b":{},"f":{},"fnMap":{},"statementMap":{},"branchMap":{}},"contracts/libraries/LAventities.sol":{"l":{"15":35,"16":29,"23":22,"25":20,"27":20,"28":20,"29":20,"36":19,"44":10,"45":10,"46":10,"48":10,"49":10,"51":10,"58":12,"59":12,"61":10,"63":10,"67":19,"68":9,"76":10,"80":69,"88":58,"96":35,"101":20,"102":20,"103":20,"105":20,"113":31,"117":1,"120":1,"126":10,"133":10,"134":10,"137":10,"140":10,"142":10,"143":10,"145":10,"146":10,"147":10,"148":10,"150":10,"151":1,"152":1,"153":1,"154":1,"155":1,"157":9,"158":9,"159":9,"160":9,"161":9,"164":10,"165":10,"168":10,"169":10},"path":"/home/adxm/github/AventusProtocolFoundation/protocol/contracts/libraries/LAventities.sol","s":{"1":35,"2":20,"3":19,"4":10,"5":10,"6":10,"7":10,"8":10,"9":12,"10":12,"11":10,"12":10,"13":9,"14":10,"15":69,"16":58,"17":35,"18":20,"19":20,"20":31,"21":1,"22":1,"23":10,"24":10,"25":10,"26":10,"27":10,"28":10,"29":10,"30":1,"31":1,"32":1,"33":1,"34":1,"35":9,"36":9,"37":9,"38":9,"39":9,"40":10},"b":{"1":[29,6],"2":[10,2],"3":[1,9]},"f":{"1":35,"2":22,"3":19,"4":10,"5":12,"6":19,"7":10,"8":69,"9":58,"10":35,"11":20,"12":31,"13":1,"14":10,"15":10},"fnMap":{"1":{"name":"onlyActiveAndNotUnderChallengeAventity","line":14,"loc":{"start":{"line":14,"column":2},"end":{"line":14,"column":93}}},"2":{"name":"registerAventity","line":19,"loc":{"start":{"line":19,"column":2},"end":{"line":22,"column":3}}},"3":{"name":"deregisterAventity","line":32,"loc":{"start":{"line":32,"column":2},"end":{"line":35,"column":3}}},"4":{"name":"challengeAventity","line":39,"loc":{"start":{"line":39,"column":2},"end":{"line":43,"column":3}}},"5":{"name":"endAventityChallenge","line":54,"loc":{"start":{"line":54,"column":2},"end":{"line":57,"column":3}}},"6":{"name":"claimVoterWinnings","line":66,"loc":{"start":{"line":66,"column":2},"end":{"line":66,"column":82}}},"7":{"name":"getAventityDepositor","line":71,"loc":{"start":{"line":71,"column":2},"end":{"line":75,"column":3}}},"8":{"name":"getExistingAventityDeposit","line":79,"loc":{"start":{"line":79,"column":2},"end":{"line":79,"column":125}}},"9":{"name":"aventityIsActive","line":83,"loc":{"start":{"line":83,"column":2},"end":{"line":87,"column":3}}},"10":{"name":"aventityIsActiveAndNotUnderChallenge","line":91,"loc":{"start":{"line":91,"column":2},"end":{"line":95,"column":3}}},"11":{"name":"unlockAventityDeposit","line":100,"loc":{"start":{"line":100,"column":2},"end":{"line":100,"column":83}}},"12":{"name":"aventityIsNotUnderChallenge","line":108,"loc":{"start":{"line":108,"column":2},"end":{"line":112,"column":3}}},"13":{"name":"setAventityStatusFraudulent","line":116,"loc":{"start":{"line":116,"column":2},"end":{"line":116,"column":90}}},"14":{"name":"setAventityAsClearFromChallenge","line":123,"loc":{"start":{"line":123,"column":2},"end":{"line":125,"column":3}}},"15":{"name":"finaliseChallenge","line":129,"loc":{"start":{"line":129,"column":2},"end":{"line":132,"column":3}}}},"statementMap":{"1":{"start":{"line":15,"column":4},"end":{"line":15,"column":112}},"2":{"start":{"line":25,"column":4},"end":{"line":25,"column":66}},"3":{"start":{"line":36,"column":4},"end":{"line":36,"column":47}},"4":{"start":{"line":44,"column":4},"end":{"line":44,"column":84}},"5":{"start":{"line":45,"column":4},"end":{"line":45,"column":80}},"6":{"start":{"line":46,"column":4},"end":{"line":46,"column":86}},"7":{"start":{"line":48,"column":4},"end":{"line":48,"column":67}},"8":{"start":{"line":49,"column":4},"end":{"line":49,"column":1862}},"9":{"start":{"line":58,"column":4},"end":{"line":58,"column":81}},"10":{"start":{"line":59,"column":4},"end":{"line":59,"column":55}},"11":{"start":{"line":61,"column":4},"end":{"line":61,"column":72}},"12":{"start":{"line":63,"column":4},"end":{"line":63,"column":77}},"13":{"start":{"line":68,"column":4},"end":{"line":68,"column":45}},"14":{"start":{"line":76,"column":4},"end":{"line":76,"column":78}},"15":{"start":{"line":80,"column":4},"end":{"line":80,"column":74}},"16":{"start":{"line":88,"column":4},"end":{"line":88,"column":100}},"17":{"start":{"line":96,"column":4},"end":{"line":96,"column":3684}},"18":{"start":{"line":101,"column":4},"end":{"line":101,"column":75}},"19":{"start":{"line":102,"column":4},"end":{"line":102,"column":85}},"20":{"start":{"line":113,"column":4},"end":{"line":113,"column":103}},"21":{"start":{"line":117,"column":4},"end":{"line":117,"column":57}},"22":{"start":{"line":120,"column":4},"end":{"line":120,"column":47}},"23":{"start":{"line":133,"column":4},"end":{"line":133,"column":85}},"24":{"start":{"line":134,"column":4},"end":{"line":134,"column":88}},"25":{"start":{"line":137,"column":4},"end":{"line":137,"column":57}},"26":{"start":{"line":140,"column":4},"end":{"line":140,"column":67}},"27":{"start":{"line":142,"column":4},"end":{"line":142,"column":66}},"28":{"start":{"line":143,"column":4},"end":{"line":143,"column":67}},"29":{"start":{"line":150,"column":4},"end":{"line":150,"column":5757}},"30":{"start":{"line":151,"column":6},"end":{"line":151,"column":22}},"31":{"start":{"line":152,"column":6},"end":{"line":152,"column":24}},"32":{"start":{"line":153,"column":6},"end":{"line":153,"column":23}},"33":{"start":{"line":154,"column":6},"end":{"line":154,"column":41}},"34":{"start":{"line":155,"column":6},"end":{"line":155,"column":55}},"35":{"start":{"line":157,"column":6},"end":{"line":157,"column":22}},"36":{"start":{"line":158,"column":6},"end":{"line":158,"column":24}},"37":{"start":{"line":159,"column":6},"end":{"line":159,"column":23}},"38":{"start":{"line":160,"column":6},"end":{"line":160,"column":44}},"39":{"start":{"line":161,"column":6},"end":{"line":161,"column":59}},"40":{"start":{"line":164,"column":4},"end":{"line":164,"column":49}}},"branchMap":{"1":{"line":15,"type":"if","locations":[{"start":{"line":15,"column":4},"end":{"line":15,"column":4}},{"start":{"line":15,"column":4},"end":{"line":15,"column":4}}]},"2":{"line":59,"type":"if","locations":[{"start":{"line":59,"column":4},"end":{"line":59,"column":4}},{"start":{"line":59,"column":4},"end":{"line":59,"column":4}}]},"3":{"line":150,"type":"if","locations":[{"start":{"line":150,"column":4},"end":{"line":150,"column":4}},{"start":{"line":150,"column":4},"end":{"line":150,"column":4}}]}}},"contracts/libraries/LAventitiesChallenges.sol":{"l":{"18":19,"19":19,"20":19,"21":19,"23":9,"24":9,"25":9,"26":9,"28":9,"30":9,"32":9,"33":5,"35":4,"37":9,"39":9,"41":9,"44":9,"56":10,"57":10,"58":10,"59":10,"61":10,"62":10,"63":10,"65":10,"67":10,"69":5,"70":5,"73":5,"76":10,"85":10,"94":29},"path":"/home/adxm/github/AventusProtocolFoundation/protocol/contracts/libraries/LAventitiesChallenges.sol","s":{"1":19,"2":19,"3":19,"4":19,"5":9,"6":9,"7":9,"8":9,"9":9,"10":9,"11":5,"12":4,"13":9,"14":9,"15":10,"16":10,"17":10,"18":10,"19":10,"20":10,"21":10,"22":10,"23":10,"24":5,"25":10},"b":{"1":[9,10],"2":[9,0],"3":[9,0],"4":[5,4],"5":[9,0],"6":[5,5]},"f":{"1":19,"2":10,"3":10,"4":29},"fnMap":{"1":{"name":"claimVoterWinnings","line":17,"loc":{"start":{"line":17,"column":4},"end":{"line":17,"column":82}}},"2":{"name":"doWinningsDistribution","line":47,"loc":{"start":{"line":47,"column":2},"end":{"line":55,"column":3}}},"3":{"name":"takeAllWinningsFromProposalLoser","line":79,"loc":{"start":{"line":79,"column":2},"end":{"line":84,"column":3}}},"4":{"name":"giveWinnings","line":88,"loc":{"start":{"line":88,"column":2},"end":{"line":93,"column":3}}}},"statementMap":{"1":{"start":{"line":18,"column":6},"end":{"line":18,"column":31}},"2":{"start":{"line":19,"column":6},"end":{"line":19,"column":92}},"3":{"start":{"line":20,"column":6},"end":{"line":20,"column":100}},"4":{"start":{"line":21,"column":6},"end":{"line":21,"column":72}},"5":{"start":{"line":23,"column":6},"end":{"line":23,"column":92}},"6":{"start":{"line":24,"column":6},"end":{"line":24,"column":31}},"7":{"start":{"line":25,"column":6},"end":{"line":25,"column":92}},"8":{"start":{"line":26,"column":6},"end":{"line":26,"column":35}},"9":{"start":{"line":30,"column":6},"end":{"line":30,"column":1178}},"10":{"start":{"line":32,"column":6},"end":{"line":32,"column":1295}},"11":{"start":{"line":33,"column":8},"end":{"line":33,"column":83}},"12":{"start":{"line":35,"column":8},"end":{"line":35,"column":69}},"13":{"start":{"line":37,"column":6},"end":{"line":37,"column":47}},"14":{"start":{"line":41,"column":6},"end":{"line":41,"column":97}},"15":{"start":{"line":56,"column":4},"end":{"line":56,"column":64}},"16":{"start":{"line":57,"column":4},"end":{"line":57,"column":115}},"17":{"start":{"line":58,"column":4},"end":{"line":58,"column":94}},"18":{"start":{"line":59,"column":4},"end":{"line":59,"column":63}},"19":{"start":{"line":61,"column":4},"end":{"line":61,"column":112}},"20":{"start":{"line":62,"column":4},"end":{"line":62,"column":38}},"21":{"start":{"line":63,"column":4},"end":{"line":63,"column":92}},"22":{"start":{"line":65,"column":4},"end":{"line":65,"column":97}},"23":{"start":{"line":67,"column":4},"end":{"line":67,"column":2780}},"24":{"start":{"line":73,"column":6},"end":{"line":73,"column":53}},"25":{"start":{"line":76,"column":4},"end":{"line":76,"column":70}}},"branchMap":{"1":{"line":21,"type":"if","locations":[{"start":{"line":21,"column":6},"end":{"line":21,"column":6}},{"start":{"line":21,"column":6},"end":{"line":21,"column":6}}]},"2":{"line":24,"type":"if","locations":[{"start":{"line":24,"column":6},"end":{"line":24,"column":6}},{"start":{"line":24,"column":6},"end":{"line":24,"column":6}}]},"3":{"line":26,"type":"if","locations":[{"start":{"line":26,"column":6},"end":{"line":26,"column":6}},{"start":{"line":26,"column":6},"end":{"line":26,"column":6}}]},"4":{"line":32,"type":"if","locations":[{"start":{"line":32,"column":6},"end":{"line":32,"column":6}},{"start":{"line":32,"column":6},"end":{"line":32,"column":6}}]},"5":{"line":41,"type":"if","locations":[{"start":{"line":41,"column":6},"end":{"line":41,"column":6}},{"start":{"line":41,"column":6},"end":{"line":41,"column":6}}]},"6":{"line":67,"type":"if","locations":[{"start":{"line":67,"column":4},"end":{"line":67,"column":4}},{"start":{"line":67,"column":4},"end":{"line":67,"column":4}}]}}},"contracts/libraries/LAventitiesStorage.sol":{"l":{"28":20,"32":20,"40":10,"48":10,"56":10,"64":10,"72":10,"80":30,"84":20,"92":43,"96":20,"104":113,"108":40,"116":19,"120":10,"128":9,"132":10,"140":9,"144":5,"148":5,"149":5,"150":5,"158":10,"162":9,"163":9,"164":9,"165":9,"167":9,"174":9,"175":9,"176":9,"184":24},"path":"/home/adxm/github/AventusProtocolFoundation/protocol/contracts/libraries/LAventitiesStorage.sol","s":{"1":20,"2":10,"3":10,"4":10,"5":10,"6":10,"7":30,"8":43,"9":113,"10":19,"11":9,"12":9,"13":5,"14":5,"15":10,"16":9,"17":9,"18":9,"19":9,"20":9,"21":9,"22":24},"b":{"1":[5,0],"2":[9,0],"3":[9,0]},"f":{"1":20,"2":20,"3":10,"4":10,"5":10,"6":10,"7":10,"8":30,"9":20,"10":43,"11":20,"12":113,"13":40,"14":19,"15":10,"16":9,"17":10,"18":9,"19":5,"20":5,"21":10,"22":9,"23":9,"24":24},"fnMap":{"1":{"name":"getAventityCount","line":23,"loc":{"start":{"line":23,"column":2},"end":{"line":27,"column":3}}},"2":{"name":"setAventityCount","line":31,"loc":{"start":{"line":31,"column":2},"end":{"line":31,"column":83}}},"3":{"name":"getLobbyingPeriodDays","line":35,"loc":{"start":{"line":35,"column":2},"end":{"line":39,"column":3}}},"4":{"name":"getVotingPeriodDays","line":43,"loc":{"start":{"line":43,"column":2},"end":{"line":47,"column":3}}},"5":{"name":"getRevealingPeriodDays","line":51,"loc":{"start":{"line":51,"column":2},"end":{"line":55,"column":3}}},"6":{"name":"getWinningsForChallengeWinnerPercentage","line":59,"loc":{"start":{"line":59,"column":2},"end":{"line":63,"column":3}}},"7":{"name":"getWinningsForChallengeEnderPercentage","line":67,"loc":{"start":{"line":67,"column":2},"end":{"line":71,"column":3}}},"8":{"name":"getDepositor","line":75,"loc":{"start":{"line":75,"column":2},"end":{"line":79,"column":3}}},"9":{"name":"setDepositor","line":83,"loc":{"start":{"line":83,"column":2},"end":{"line":83,"column":96}}},"10":{"name":"getChallengeProposalId","line":87,"loc":{"start":{"line":87,"column":2},"end":{"line":91,"column":3}}},"11":{"name":"setChallengeProposalId","line":95,"loc":{"start":{"line":95,"column":2},"end":{"line":95,"column":113}}},"12":{"name":"getDeposit","line":99,"loc":{"start":{"line":99,"column":2},"end":{"line":103,"column":3}}},"13":{"name":"setDeposit","line":107,"loc":{"start":{"line":107,"column":2},"end":{"line":107,"column":89}}},"14":{"name":"getWinningProposalOption","line":111,"loc":{"start":{"line":111,"column":2},"end":{"line":115,"column":3}}},"15":{"name":"setWinningProposalOption","line":119,"loc":{"start":{"line":119,"column":2},"end":{"line":119,"column":109}}},"16":{"name":"getTotalWinningStake","line":123,"loc":{"start":{"line":123,"column":2},"end":{"line":127,"column":3}}},"17":{"name":"setTotalWinningStake","line":131,"loc":{"start":{"line":131,"column":2},"end":{"line":131,"column":109}}},"18":{"name":"getTotalWinningsToVoters","line":135,"loc":{"start":{"line":135,"column":2},"end":{"line":139,"column":3}}},"19":{"name":"setTotalWinningsToVoters","line":143,"loc":{"start":{"line":143,"column":2},"end":{"line":143,"column":112}}},"20":{"name":"initialiseVotersWinningsPot","line":147,"loc":{"start":{"line":147,"column":2},"end":{"line":147,"column":116}}},"21":{"name":"getVotersWinningsPot","line":153,"loc":{"start":{"line":153,"column":2},"end":{"line":157,"column":3}}},"22":{"name":"reduceVotersWinningsPot","line":161,"loc":{"start":{"line":161,"column":2},"end":{"line":161,"column":104}}},"23":{"name":"incrementNumVotersClaimed","line":170,"loc":{"start":{"line":170,"column":2},"end":{"line":173,"column":3}}},"24":{"name":"getVotersWinningsPotKey","line":179,"loc":{"start":{"line":179,"column":2},"end":{"line":183,"column":3}}}},"statementMap":{"1":{"start":{"line":28,"column":4},"end":{"line":28,"column":54}},"2":{"start":{"line":40,"column":4},"end":{"line":40,"column":73}},"3":{"start":{"line":48,"column":4},"end":{"line":48,"column":69}},"4":{"start":{"line":56,"column":4},"end":{"line":56,"column":75}},"5":{"start":{"line":64,"column":4},"end":{"line":64,"column":80}},"6":{"start":{"line":72,"column":4},"end":{"line":72,"column":78}},"7":{"start":{"line":80,"column":4},"end":{"line":80,"column":106}},"8":{"start":{"line":92,"column":4},"end":{"line":92,"column":113}},"9":{"start":{"line":104,"column":4},"end":{"line":104,"column":99}},"10":{"start":{"line":116,"column":4},"end":{"line":116,"column":111}},"11":{"start":{"line":128,"column":4},"end":{"line":128,"column":119}},"12":{"start":{"line":140,"column":4},"end":{"line":140,"column":122}},"13":{"start":{"line":148,"column":4},"end":{"line":148,"column":78}},"14":{"start":{"line":149,"column":4},"end":{"line":149,"column":62}},"15":{"start":{"line":158,"column":4},"end":{"line":158,"column":72}},"16":{"start":{"line":162,"column":4},"end":{"line":162,"column":26}},"17":{"start":{"line":163,"column":4},"end":{"line":163,"column":53}},"18":{"start":{"line":164,"column":4},"end":{"line":164,"column":49}},"19":{"start":{"line":165,"column":4},"end":{"line":165,"column":42}},"20":{"start":{"line":174,"column":4},"end":{"line":174,"column":93}},"21":{"start":{"line":175,"column":4},"end":{"line":175,"column":44}},"22":{"start":{"line":184,"column":3},"end":{"line":184,"column":94}}},"branchMap":{"1":{"line":149,"type":"if","locations":[{"start":{"line":149,"column":4},"end":{"line":149,"column":4}},{"start":{"line":149,"column":4},"end":{"line":149,"column":4}}]},"2":{"line":162,"type":"if","locations":[{"start":{"line":162,"column":4},"end":{"line":162,"column":4}},{"start":{"line":162,"column":4},"end":{"line":162,"column":4}}]},"3":{"line":165,"type":"if","locations":[{"start":{"line":165,"column":4},"end":{"line":165,"column":4}},{"start":{"line":165,"column":4},"end":{"line":165,"column":4}}]}}},"contracts/libraries/LAVTManager.sol":{"l":{"19":204,"20":56,"22":148,"23":146,"26":198,"27":196,"28":196,"34":142,"35":35,"37":107,"40":138,"41":136,"42":128,"49":24,"50":11,"52":13,"53":9,"56":14,"57":7,"59":7,"62":8,"66":72,"67":72,"69":72,"71":68,"75":67,"76":67,"77":67,"78":67,"86":332,"88":332,"89":331,"93":214,"97":169,"106":8,"109":6,"112":2,"120":109,"122":109,"135":155,"136":155,"137":155,"140":149},"path":"/home/adxm/github/AventusProtocolFoundation/protocol/contracts/libraries/LAVTManager.sol","s":{"1":204,"2":56,"3":148,"4":146,"5":198,"6":196,"7":142,"8":35,"9":107,"10":138,"11":128,"12":24,"13":11,"14":13,"15":9,"16":14,"17":7,"18":7,"19":8,"20":72,"21":72,"22":72,"23":67,"24":67,"25":67,"26":332,"27":332,"28":331,"29":8,"30":6,"31":2,"32":109,"33":109,"34":100,"35":9,"36":1,"37":8,"38":155,"39":155,"40":155,"41":149},"b":{"1":[56,148],"2":[54,2],"3":[146,2],"4":[144,2],"5":[35,107],"6":[33,2],"7":[105,2],"8":[11,13],"9":[9,2],"10":[9,4],"11":[5,4],"12":[7,7],"13":[5,2],"14":[3,4],"15":[68,4],"16":[67,0],"17":[67,0],"18":[331,1],"19":[6,2],"20":[100,9],"21":[1,8],"22":[149,6]},"f":{"1":204,"2":142,"3":24,"4":72,"5":67,"6":332,"7":214,"8":169,"9":8,"10":109,"11":155},"fnMap":{"1":{"name":"withdraw","line":16,"loc":{"start":{"line":16,"column":2},"end":{"line":18,"column":3}}},"2":{"name":"deposit","line":31,"loc":{"start":{"line":31,"column":2},"end":{"line":33,"column":3}}},"3":{"name":"transfer","line":45,"loc":{"start":{"line":45,"column":2},"end":{"line":48,"column":3}}},"4":{"name":"lockDeposit","line":65,"loc":{"start":{"line":65,"column":2},"end":{"line":65,"column":96}}},"5":{"name":"unlockDeposit","line":74,"loc":{"start":{"line":74,"column":2},"end":{"line":74,"column":98}}},"6":{"name":"getBalance","line":81,"loc":{"start":{"line":81,"column":2},"end":{"line":85,"column":3}}},"7":{"name":"decreaseFund","line":92,"loc":{"start":{"line":92,"column":2},"end":{"line":92,"column":109}}},"8":{"name":"increaseFund","line":96,"loc":{"start":{"line":96,"column":2},"end":{"line":96,"column":110}}},"9":{"name":"doTransfer","line":102,"loc":{"start":{"line":102,"column":2},"end":{"line":105,"column":3}}},"10":{"name":"stakeChangeIsBlocked","line":115,"loc":{"start":{"line":115,"column":2},"end":{"line":119,"column":3}}},"11":{"name":"depositWithdrawlIsBlocked","line":130,"loc":{"start":{"line":130,"column":2},"end":{"line":134,"column":3}}}},"statementMap":{"1":{"start":{"line":19,"column":4},"end":{"line":19,"column":673}},"2":{"start":{"line":20,"column":6},"end":{"line":20,"column":96}},"3":{"start":{"line":22,"column":6},"end":{"line":22,"column":125}},"4":{"start":{"line":23,"column":6},"end":{"line":23,"column":112}},"5":{"start":{"line":26,"column":4},"end":{"line":26,"column":53}},"6":{"start":{"line":28,"column":4},"end":{"line":28,"column":52}},"7":{"start":{"line":34,"column":4},"end":{"line":34,"column":1361}},"8":{"start":{"line":35,"column":6},"end":{"line":35,"column":111}},"9":{"start":{"line":37,"column":6},"end":{"line":37,"column":124}},"10":{"start":{"line":40,"column":4},"end":{"line":40,"column":53}},"11":{"start":{"line":42,"column":4},"end":{"line":42,"column":52}},"12":{"start":{"line":49,"column":4},"end":{"line":49,"column":2006}},"13":{"start":{"line":50,"column":6},"end":{"line":50,"column":98}},"14":{"start":{"line":52,"column":6},"end":{"line":52,"column":123}},"15":{"start":{"line":53,"column":6},"end":{"line":53,"column":114}},"16":{"start":{"line":56,"column":4},"end":{"line":56,"column":2437}},"17":{"start":{"line":57,"column":6},"end":{"line":57,"column":101}},"18":{"start":{"line":59,"column":6},"end":{"line":59,"column":119}},"19":{"start":{"line":62,"column":4},"end":{"line":62,"column":76}},"20":{"start":{"line":66,"column":4},"end":{"line":66,"column":95}},"21":{"start":{"line":67,"column":4},"end":{"line":67,"column":88}},"22":{"start":{"line":69,"column":4},"end":{"line":69,"column":71}},"23":{"start":{"line":75,"column":4},"end":{"line":75,"column":24}},"24":{"start":{"line":76,"column":4},"end":{"line":76,"column":84}},"25":{"start":{"line":77,"column":4},"end":{"line":77,"column":39}},"26":{"start":{"line":86,"column":4},"end":{"line":86,"column":3831}},"27":{"start":{"line":88,"column":4},"end":{"line":88,"column":70}},"28":{"start":{"line":89,"column":4},"end":{"line":89,"column":69}},"29":{"start":{"line":106,"column":4},"end":{"line":106,"column":69}},"30":{"start":{"line":109,"column":4},"end":{"line":109,"column":59}},"31":{"start":{"line":112,"column":4},"end":{"line":112,"column":55}},"32":{"start":{"line":120,"column":4},"end":{"line":120,"column":78}},"33":{"start":{"line":122,"column":4},"end":{"line":122,"column":5268}},"34":{"start":{"line":123,"column":6},"end":{"line":123,"column":21}},"35":{"start":{"line":124,"column":9},"end":{"line":124,"column":5347}},"36":{"start":{"line":125,"column":6},"end":{"line":125,"column":21}},"37":{"start":{"line":127,"column":6},"end":{"line":127,"column":20}},"38":{"start":{"line":135,"column":6},"end":{"line":135,"column":86}},"39":{"start":{"line":136,"column":6},"end":{"line":136,"column":74}},"40":{"start":{"line":137,"column":6},"end":{"line":137,"column":87}},"41":{"start":{"line":140,"column":6},"end":{"line":140,"column":59}}},"branchMap":{"1":{"line":19,"type":"if","locations":[{"start":{"line":19,"column":4},"end":{"line":19,"column":4}},{"start":{"line":19,"column":4},"end":{"line":19,"column":4}}]},"2":{"line":20,"type":"if","locations":[{"start":{"line":20,"column":6},"end":{"line":20,"column":6}},{"start":{"line":20,"column":6},"end":{"line":20,"column":6}}]},"3":{"line":22,"type":"if","locations":[{"start":{"line":22,"column":6},"end":{"line":22,"column":6}},{"start":{"line":22,"column":6},"end":{"line":22,"column":6}}]},"4":{"line":23,"type":"if","locations":[{"start":{"line":23,"column":6},"end":{"line":23,"column":6}},{"start":{"line":23,"column":6},"end":{"line":23,"column":6}}]},"5":{"line":34,"type":"if","locations":[{"start":{"line":34,"column":4},"end":{"line":34,"column":4}},{"start":{"line":34,"column":4},"end":{"line":34,"column":4}}]},"6":{"line":35,"type":"if","locations":[{"start":{"line":35,"column":6},"end":{"line":35,"column":6}},{"start":{"line":35,"column":6},"end":{"line":35,"column":6}}]},"7":{"line":37,"type":"if","locations":[{"start":{"line":37,"column":6},"end":{"line":37,"column":6}},{"start":{"line":37,"column":6},"end":{"line":37,"column":6}}]},"8":{"line":49,"type":"if","locations":[{"start":{"line":49,"column":4},"end":{"line":49,"column":4}},{"start":{"line":49,"column":4},"end":{"line":49,"column":4}}]},"9":{"line":50,"type":"if","locations":[{"start":{"line":50,"column":6},"end":{"line":50,"column":6}},{"start":{"line":50,"column":6},"end":{"line":50,"column":6}}]},"10":{"line":52,"type":"if","locations":[{"start":{"line":52,"column":6},"end":{"line":52,"column":6}},{"start":{"line":52,"column":6},"end":{"line":52,"column":6}}]},"11":{"line":53,"type":"if","locations":[{"start":{"line":53,"column":6},"end":{"line":53,"column":6}},{"start":{"line":53,"column":6},"end":{"line":53,"column":6}}]},"12":{"line":56,"type":"if","locations":[{"start":{"line":56,"column":4},"end":{"line":56,"column":4}},{"start":{"line":56,"column":4},"end":{"line":56,"column":4}}]},"13":{"line":57,"type":"if","locations":[{"start":{"line":57,"column":6},"end":{"line":57,"column":6}},{"start":{"line":57,"column":6},"end":{"line":57,"column":6}}]},"14":{"line":59,"type":"if","locations":[{"start":{"line":59,"column":6},"end":{"line":59,"column":6}},{"start":{"line":59,"column":6},"end":{"line":59,"column":6}}]},"15":{"line":69,"type":"if","locations":[{"start":{"line":69,"column":4},"end":{"line":69,"column":4}},{"start":{"line":69,"column":4},"end":{"line":69,"column":4}}]},"16":{"line":75,"type":"if","locations":[{"start":{"line":75,"column":4},"end":{"line":75,"column":4}},{"start":{"line":75,"column":4},"end":{"line":75,"column":4}}]},"17":{"line":77,"type":"if","locations":[{"start":{"line":77,"column":4},"end":{"line":77,"column":4}},{"start":{"line":77,"column":4},"end":{"line":77,"column":4}}]},"18":{"line":88,"type":"if","locations":[{"start":{"line":88,"column":4},"end":{"line":88,"column":4}},{"start":{"line":88,"column":4},"end":{"line":88,"column":4}}]},"19":{"line":106,"type":"if","locations":[{"start":{"line":106,"column":4},"end":{"line":106,"column":4}},{"start":{"line":106,"column":4},"end":{"line":106,"column":4}}]},"20":{"line":122,"type":"if","locations":[{"start":{"line":122,"column":4},"end":{"line":122,"column":4}},{"start":{"line":122,"column":4},"end":{"line":122,"column":4}}]},"21":{"line":124,"type":"if","locations":[{"start":{"line":124,"column":9},"end":{"line":124,"column":9}},{"start":{"line":124,"column":9},"end":{"line":124,"column":9}}]},"22":{"line":137,"type":"if","locations":[{"start":{"line":137,"column":6},"end":{"line":137,"column":6}},{"start":{"line":137,"column":6},"end":{"line":137,"column":6}}]}}},"contracts/libraries/LAVTStorage.sol":{"l":{"17":403,"21":214,"22":214,"23":214,"24":208,"28":169,"29":169,"30":169,"31":167,"39":294,"43":135,"51":109},"path":"/home/adxm/github/AventusProtocolFoundation/protocol/contracts/libraries/LAVTStorage.sol","s":{"1":403,"2":214,"3":214,"4":214,"5":169,"6":169,"7":169,"8":294,"9":109},"b":{"1":[208,6],"2":[167,2]},"f":{"1":403,"2":214,"3":169,"4":294,"5":135,"6":109},"fnMap":{"1":{"name":"getFundBalance","line":12,"loc":{"start":{"line":12,"column":2},"end":{"line":16,"column":3}}},"2":{"name":"decreaseFund","line":20,"loc":{"start":{"line":20,"column":2},"end":{"line":20,"column":113}}},"3":{"name":"increaseFund","line":27,"loc":{"start":{"line":27,"column":2},"end":{"line":27,"column":114}}},"4":{"name":"getExpectedDeposits","line":34,"loc":{"start":{"line":34,"column":2},"end":{"line":38,"column":3}}},"5":{"name":"setExpectedDeposits","line":42,"loc":{"start":{"line":42,"column":2},"end":{"line":42,"column":113}}},"6":{"name":"getStakeUnblockTime","line":46,"loc":{"start":{"line":46,"column":2},"end":{"line":50,"column":3}}}},"statementMap":{"1":{"start":{"line":17,"column":4},"end":{"line":17,"column":93}},"2":{"start":{"line":21,"column":4},"end":{"line":21,"column":76}},"3":{"start":{"line":22,"column":4},"end":{"line":22,"column":43}},"4":{"start":{"line":23,"column":4},"end":{"line":23,"column":84}},"5":{"start":{"line":28,"column":4},"end":{"line":28,"column":76}},"6":{"start":{"line":29,"column":4},"end":{"line":29,"column":43}},"7":{"start":{"line":30,"column":4},"end":{"line":30,"column":66}},"8":{"start":{"line":39,"column":4},"end":{"line":39,"column":115}},"9":{"start":{"line":51,"column":4},"end":{"line":51,"column":112}}},"branchMap":{"1":{"line":23,"type":"if","locations":[{"start":{"line":23,"column":4},"end":{"line":23,"column":4}},{"start":{"line":23,"column":4},"end":{"line":23,"column":4}}]},"2":{"line":30,"type":"if","locations":[{"start":{"line":30,"column":4},"end":{"line":30,"column":4}},{"start":{"line":30,"column":4},"end":{"line":30,"column":4}}]}}},"contracts/libraries/LEvents.sol":{"l":{"35":71,"36":61,"40":13,"41":11,"48":19,"50":11,"58":22,"59":18,"66":11,"67":3,"75":14,"77":4,"85":16,"86":16,"88":16,"96":14,"97":14,"98":14,"105":4,"106":4,"107":4,"108":2,"110":2,"117":11,"118":5,"122":84,"123":84,"125":74,"126":74,"128":72},"path":"/home/adxm/github/AventusProtocolFoundation/protocol/contracts/libraries/LEvents.sol","s":{"1":71,"2":13,"3":19,"4":11,"5":22,"6":18,"7":3,"8":4,"9":16,"10":16,"11":14,"12":14,"13":14,"14":4,"15":4,"16":4,"17":2,"18":5,"19":84,"20":84,"21":10,"22":74,"23":74,"24":2,"25":72},"b":{"1":[61,10],"2":[11,2],"3":[4,10],"4":[10,74],"5":[2,72]},"f":{"1":71,"2":13,"3":19,"4":22,"5":11,"6":14,"7":16,"8":14,"9":4,"10":11,"11":84},"fnMap":{"1":{"name":"onlyWhenTrading","line":34,"loc":{"start":{"line":34,"column":2},"end":{"line":34,"column":67}}},"2":{"name":"onlyWhenExistent","line":39,"loc":{"start":{"line":39,"column":2},"end":{"line":39,"column":68}}},"3":{"name":"createEvent","line":44,"loc":{"start":{"line":44,"column":2},"end":{"line":47,"column":3}}},"4":{"name":"sellTicket","line":53,"loc":{"start":{"line":53,"column":2},"end":{"line":57,"column":3}}},"5":{"name":"cancelTicket","line":62,"loc":{"start":{"line":62,"column":2},"end":{"line":65,"column":3}}},"6":{"name":"resellTicket","line":70,"loc":{"start":{"line":70,"column":2},"end":{"line":74,"column":3}}},"7":{"name":"listTicketA","line":80,"loc":{"start":{"line":80,"column":2},"end":{"line":83,"column":3}}},"8":{"name":"listTicketB","line":91,"loc":{"start":{"line":91,"column":2},"end":{"line":95,"column":3}}},"9":{"name":"listTicketC","line":101,"loc":{"start":{"line":101,"column":2},"end":{"line":104,"column":3}}},"10":{"name":"registerRoleOnEvent","line":113,"loc":{"start":{"line":113,"column":2},"end":{"line":116,"column":3}}},"11":{"name":"getEventState","line":121,"loc":{"start":{"line":121,"column":2},"end":{"line":121,"column":99}}}},"statementMap":{"1":{"start":{"line":35,"column":4},"end":{"line":35,"column":92}},"2":{"start":{"line":40,"column":4},"end":{"line":40,"column":91}},"3":{"start":{"line":48,"column":4},"end":{"line":48,"column":2231}},"4":{"start":{"line":50,"column":4},"end":{"line":50,"column":71}},"5":{"start":{"line":58,"column":4},"end":{"line":58,"column":94}},"6":{"start":{"line":59,"column":4},"end":{"line":59,"column":89}},"7":{"start":{"line":67,"column":4},"end":{"line":67,"column":74}},"8":{"start":{"line":77,"column":4},"end":{"line":77,"column":95}},"9":{"start":{"line":85,"column":4},"end":{"line":85,"column":95}},"10":{"start":{"line":86,"column":4},"end":{"line":86,"column":4179}},"11":{"start":{"line":96,"column":4},"end":{"line":96,"column":90}},"12":{"start":{"line":97,"column":4},"end":{"line":97,"column":86}},"13":{"start":{"line":98,"column":4},"end":{"line":98,"column":92}},"14":{"start":{"line":105,"column":4},"end":{"line":105,"column":90}},"15":{"start":{"line":106,"column":4},"end":{"line":106,"column":76}},"16":{"start":{"line":107,"column":4},"end":{"line":107,"column":123}},"17":{"start":{"line":108,"column":4},"end":{"line":108,"column":67}},"18":{"start":{"line":118,"column":4},"end":{"line":118,"column":64}},"19":{"start":{"line":122,"column":4},"end":{"line":122,"column":72}},"20":{"start":{"line":123,"column":4},"end":{"line":123,"column":63}},"21":{"start":{"line":123,"column":34},"end":{"line":123,"column":63}},"22":{"start":{"line":125,"column":4},"end":{"line":125,"column":59}},"23":{"start":{"line":126,"column":4},"end":{"line":126,"column":100}},"24":{"start":{"line":126,"column":74},"end":{"line":126,"column":100}},"25":{"start":{"line":128,"column":4},"end":{"line":128,"column":29}}},"branchMap":{"1":{"line":35,"type":"if","locations":[{"start":{"line":35,"column":4},"end":{"line":35,"column":4}},{"start":{"line":35,"column":4},"end":{"line":35,"column":4}}]},"2":{"line":40,"type":"if","locations":[{"start":{"line":40,"column":4},"end":{"line":40,"column":4}},{"start":{"line":40,"column":4},"end":{"line":40,"column":4}}]},"3":{"line":98,"type":"if","locations":[{"start":{"line":98,"column":4},"end":{"line":98,"column":4}},{"start":{"line":98,"column":4},"end":{"line":98,"column":4}}]},"4":{"line":123,"type":"if","locations":[{"start":{"line":123,"column":4},"end":{"line":123,"column":4}},{"start":{"line":123,"column":4},"end":{"line":123,"column":4}}]},"5":{"line":126,"type":"if","locations":[{"start":{"line":126,"column":4},"end":{"line":126,"column":4}},{"start":{"line":126,"column":4},"end":{"line":126,"column":4}}]}}},"contracts/libraries/LEventsEvents.sol":{"l":{"13":19,"14":19,"16":17,"17":17,"18":17,"20":17,"21":5,"24":13,"26":13,"27":13,"28":13},"path":"/home/adxm/github/AventusProtocolFoundation/protocol/contracts/libraries/LEventsEvents.sol","s":{"1":19,"2":19,"3":17,"4":17,"5":17,"6":17,"7":13},"b":{"1":[19,0],"2":[17,2],"3":[5,12]},"f":{"1":19},"fnMap":{"1":{"name":"createEvent","line":8,"loc":{"start":{"line":8,"column":2},"end":{"line":12,"column":3}}}},"statementMap":{"1":{"start":{"line":13,"column":4},"end":{"line":13,"column":98}},"2":{"start":{"line":14,"column":4},"end":{"line":14,"column":82}},"3":{"start":{"line":16,"column":4},"end":{"line":16,"column":61}},"4":{"start":{"line":17,"column":4},"end":{"line":17,"column":74}},"5":{"start":{"line":18,"column":4},"end":{"line":18,"column":76}},"6":{"start":{"line":20,"column":4},"end":{"line":20,"column":789}},"7":{"start":{"line":24,"column":4},"end":{"line":24,"column":56}}},"branchMap":{"1":{"line":13,"type":"if","locations":[{"start":{"line":13,"column":4},"end":{"line":13,"column":4}},{"start":{"line":13,"column":4},"end":{"line":13,"column":4}}]},"2":{"line":14,"type":"if","locations":[{"start":{"line":14,"column":4},"end":{"line":14,"column":4}},{"start":{"line":14,"column":4},"end":{"line":14,"column":4}}]},"3":{"line":20,"type":"if","locations":[{"start":{"line":20,"column":4},"end":{"line":20,"column":4}},{"start":{"line":20,"column":4},"end":{"line":20,"column":4}}]}}},"contracts/libraries/LEventsRoles.sol":{"l":{"12":11,"13":9,"17":9,"18":7,"26":7,"27":5,"35":34,"43":4,"51":15,"52":15,"53":15,"61":14,"62":14,"63":14,"71":83,"72":83,"73":83,"81":9,"82":9,"90":94},"path":"/home/adxm/github/AventusProtocolFoundation/protocol/contracts/libraries/LEventsRoles.sol","s":{"1":11,"2":9,"3":7,"4":34,"5":4,"6":15,"7":15,"8":15,"9":14,"10":14,"11":14,"12":83,"13":83,"14":83,"15":9,"16":9,"17":94},"b":{"1":[9,2],"2":[7,2],"3":[5,2]},"f":{"1":11,"2":9,"3":7,"4":34,"5":4,"6":15,"7":14,"8":83,"9":9,"10":94},"fnMap":{"1":{"name":"onlyEventOwner","line":11,"loc":{"start":{"line":11,"column":2},"end":{"line":11,"column":66}}},"2":{"name":"onlyValidEventRole","line":16,"loc":{"start":{"line":16,"column":2},"end":{"line":16,"column":76}}},"3":{"name":"registerRoleOnEvent","line":21,"loc":{"start":{"line":21,"column":2},"end":{"line":25,"column":3}}},"4":{"name":"isVendorOnEvent","line":30,"loc":{"start":{"line":30,"column":2},"end":{"line":34,"column":3}}},"5":{"name":"isResellerOnEvent","line":38,"loc":{"start":{"line":38,"column":2},"end":{"line":42,"column":3}}},"6":{"name":"isValidatorOrVendorOnEvent","line":46,"loc":{"start":{"line":46,"column":2},"end":{"line":50,"column":3}}},"7":{"name":"isValidatorOrResellerOnEvent","line":56,"loc":{"start":{"line":56,"column":2},"end":{"line":60,"column":3}}},"8":{"name":"isTraderOnEvent","line":66,"loc":{"start":{"line":66,"column":2},"end":{"line":70,"column":3}}},"9":{"name":"isValidEventRole","line":76,"loc":{"start":{"line":76,"column":2},"end":{"line":80,"column":3}}},"10":{"name":"isEventOwner","line":85,"loc":{"start":{"line":85,"column":2},"end":{"line":89,"column":3}}}},"statementMap":{"1":{"start":{"line":12,"column":4},"end":{"line":12,"column":92}},"2":{"start":{"line":17,"column":4},"end":{"line":17,"column":83}},"3":{"start":{"line":26,"column":4},"end":{"line":26,"column":121}},"4":{"start":{"line":35,"column":4},"end":{"line":35,"column":68}},"5":{"start":{"line":43,"column":4},"end":{"line":43,"column":70}},"6":{"start":{"line":51,"column":4},"end":{"line":51,"column":98}},"7":{"start":{"line":52,"column":4},"end":{"line":52,"column":80}},"8":{"start":{"line":53,"column":4},"end":{"line":53,"column":45}},"9":{"start":{"line":61,"column":4},"end":{"line":61,"column":98}},"10":{"start":{"line":62,"column":4},"end":{"line":62,"column":84}},"11":{"start":{"line":63,"column":4},"end":{"line":63,"column":47}},"12":{"start":{"line":71,"column":4},"end":{"line":71,"column":63}},"13":{"start":{"line":72,"column":4},"end":{"line":72,"column":89}},"14":{"start":{"line":73,"column":4},"end":{"line":73,"column":39}},"15":{"start":{"line":81,"column":4},"end":{"line":81,"column":56}},"16":{"start":{"line":82,"column":4},"end":{"line":82,"column":93}},"17":{"start":{"line":90,"column":4},"end":{"line":90,"column":70}}},"branchMap":{"1":{"line":12,"type":"if","locations":[{"start":{"line":12,"column":4},"end":{"line":12,"column":4}},{"start":{"line":12,"column":4},"end":{"line":12,"column":4}}]},"2":{"line":17,"type":"if","locations":[{"start":{"line":17,"column":4},"end":{"line":17,"column":4}},{"start":{"line":17,"column":4},"end":{"line":17,"column":4}}]},"3":{"line":26,"type":"if","locations":[{"start":{"line":26,"column":4},"end":{"line":26,"column":4}},{"start":{"line":26,"column":4},"end":{"line":26,"column":4}}]}}},"contracts/libraries/LEventsStorage.sol":{"l":{"17":13,"21":13,"29":119,"36":5,"44":60,"48":27,"56":74,"60":13,"61":13,"62":11,"70":181,"74":13,"81":16,"82":16,"88":2,"89":2,"90":2,"98":4,"106":20,"114":38,"122":22},"path":"/home/adxm/github/AventusProtocolFoundation/protocol/contracts/libraries/LEventsStorage.sol","s":{"1":13,"2":119,"3":60,"4":74,"5":13,"6":13,"7":181,"8":2,"9":4,"10":20,"11":38,"12":22},"b":{"1":[11,2]},"f":{"1":13,"2":13,"3":119,"4":5,"5":60,"6":27,"7":74,"8":13,"9":181,"10":13,"11":16,"12":2,"13":4,"14":20,"15":38,"16":22},"fnMap":{"1":{"name":"getEventCount","line":12,"loc":{"start":{"line":12,"column":2},"end":{"line":16,"column":3}}},"2":{"name":"setEventCount","line":20,"loc":{"start":{"line":20,"column":2},"end":{"line":20,"column":77}}},"3":{"name":"isRoleOnEvent","line":24,"loc":{"start":{"line":24,"column":2},"end":{"line":28,"column":3}}},"4":{"name":"setRoleOnEvent","line":33,"loc":{"start":{"line":33,"column":2},"end":{"line":35,"column":3}}},"5":{"name":"getTicketOwner","line":39,"loc":{"start":{"line":39,"column":2},"end":{"line":43,"column":3}}},"6":{"name":"setTicketOwner","line":47,"loc":{"start":{"line":47,"column":2},"end":{"line":47,"column":113}}},"7":{"name":"getOffSaleTime","line":51,"loc":{"start":{"line":51,"column":2},"end":{"line":55,"column":3}}},"8":{"name":"setOffSaleTime","line":59,"loc":{"start":{"line":59,"column":2},"end":{"line":59,"column":94}}},"9":{"name":"getEventOwner","line":65,"loc":{"start":{"line":65,"column":2},"end":{"line":69,"column":3}}},"10":{"name":"setEventOwner","line":73,"loc":{"start":{"line":73,"column":2},"end":{"line":73,"column":95}}},"11":{"name":"setTemporaryLeafHashAndOwner","line":77,"loc":{"start":{"line":77,"column":2},"end":{"line":80,"column":3}}},"12":{"name":"clearTemporaryLeafHashAndOwner","line":85,"loc":{"start":{"line":85,"column":2},"end":{"line":87,"column":3}}},"13":{"name":"getLeafHashOwner","line":93,"loc":{"start":{"line":93,"column":2},"end":{"line":97,"column":3}}},"14":{"name":"getLeafHash","line":101,"loc":{"start":{"line":101,"column":2},"end":{"line":105,"column":3}}},"15":{"name":"getLeafHashKey","line":109,"loc":{"start":{"line":109,"column":2},"end":{"line":113,"column":3}}},"16":{"name":"getLeafHashOwnerKey","line":117,"loc":{"start":{"line":117,"column":2},"end":{"line":121,"column":3}}}},"statementMap":{"1":{"start":{"line":17,"column":4},"end":{"line":17,"column":48}},"2":{"start":{"line":29,"column":4},"end":{"line":29,"column":798}},"3":{"start":{"line":44,"column":4},"end":{"line":44,"column":125}},"4":{"start":{"line":56,"column":4},"end":{"line":56,"column":101}},"5":{"start":{"line":60,"column":4},"end":{"line":60,"column":60}},"6":{"start":{"line":61,"column":4},"end":{"line":61,"column":84}},"7":{"start":{"line":70,"column":4},"end":{"line":70,"column":97}},"8":{"start":{"line":88,"column":4},"end":{"line":88,"column":75}},"9":{"start":{"line":98,"column":4},"end":{"line":98,"column":63}},"10":{"start":{"line":106,"column":4},"end":{"line":106,"column":82}},"11":{"start":{"line":114,"column":4},"end":{"line":114,"column":117}},"12":{"start":{"line":122,"column":4},"end":{"line":122,"column":89}}},"branchMap":{"1":{"line":61,"type":"if","locations":[{"start":{"line":61,"column":4},"end":{"line":61,"column":4}},{"start":{"line":61,"column":4},"end":{"line":61,"column":4}}]}}},"contracts/libraries/LEventsTickets.sol":{"l":{"12":21,"13":17,"17":15,"19":11,"23":14,"25":12,"29":22,"30":20,"38":7,"39":7,"40":7,"41":7,"42":3,"44":3,"45":1,"55":10,"57":4,"58":1,"67":20,"76":2,"77":2,"78":2,"80":2,"82":2,"83":1,"91":10,"93":6,"94":6,"95":6,"97":4,"106":8,"107":8,"108":7,"111":8,"119":10,"120":10,"121":10,"122":10,"131":22,"132":22,"133":20,"139":43,"140":43,"146":3,"148":3},"path":"/home/adxm/github/AventusProtocolFoundation/protocol/contracts/libraries/LEventsTickets.sol","s":{"1":21,"2":15,"3":14,"4":22,"5":7,"6":7,"7":7,"8":7,"9":3,"10":3,"11":10,"12":4,"13":20,"14":2,"15":2,"16":2,"17":2,"18":2,"19":10,"20":6,"21":6,"22":6,"23":8,"24":8,"25":7,"26":8,"27":10,"28":10,"29":10,"30":10,"31":22,"32":22,"33":43,"34":43,"35":3},"b":{"1":[17,4],"2":[11,4],"3":[12,2],"4":[20,2],"5":[3,4],"6":[1,2],"7":[1,3],"8":[1,1],"9":[7,1],"10":[6,2],"11":[6,4],"12":[20,2]},"f":{"1":21,"2":15,"3":14,"4":22,"5":7,"6":10,"7":20,"8":2,"9":10,"10":8,"11":10,"12":22,"13":43,"14":3},"fnMap":{"1":{"name":"onlyActiveTicket","line":11,"loc":{"start":{"line":11,"column":2},"end":{"line":11,"column":84}}},"2":{"name":"onlyValidatorOrVendorOnEvent","line":16,"loc":{"start":{"line":16,"column":2},"end":{"line":16,"column":80}}},"3":{"name":"onlyValidatorOrResellerOnEvent","line":22,"loc":{"start":{"line":22,"column":2},"end":{"line":22,"column":82}}},"4":{"name":"onlyVendorOnEvent","line":28,"loc":{"start":{"line":28,"column":2},"end":{"line":28,"column":69}}},"5":{"name":"cancelTicket","line":33,"loc":{"start":{"line":33,"column":2},"end":{"line":37,"column":3}}},"6":{"name":"resellTicket","line":49,"loc":{"start":{"line":49,"column":2},"end":{"line":54,"column":3}}},"7":{"name":"sellTicket","line":62,"loc":{"start":{"line":62,"column":2},"end":{"line":66,"column":3}}},"8":{"name":"listTicket","line":70,"loc":{"start":{"line":70,"column":2},"end":{"line":75,"column":3}}},"9":{"name":"doResellTicket","line":87,"loc":{"start":{"line":87,"column":2},"end":{"line":90,"column":3}}},"10":{"name":"getSignerAndValidateProof","line":100,"loc":{"start":{"line":100,"column":2},"end":{"line":105,"column":3}}},"11":{"name":"resellTicketOwnerPermissionCheck","line":115,"loc":{"start":{"line":115,"column":2},"end":{"line":118,"column":9}}},"12":{"name":"addTicket","line":125,"loc":{"start":{"line":125,"column":2},"end":{"line":129,"column":3}}},"13":{"name":"ticketIsActive","line":136,"loc":{"start":{"line":136,"column":2},"end":{"line":138,"column":3}}},"14":{"name":"blockTicket","line":143,"loc":{"start":{"line":143,"column":2},"end":{"line":145,"column":3}}}},"statementMap":{"1":{"start":{"line":12,"column":4},"end":{"line":12,"column":82}},"2":{"start":{"line":17,"column":4},"end":{"line":17,"column":571}},"3":{"start":{"line":23,"column":4},"end":{"line":23,"column":811}},"4":{"start":{"line":29,"column":4},"end":{"line":29,"column":106}},"5":{"start":{"line":38,"column":4},"end":{"line":38,"column":85}},"6":{"start":{"line":39,"column":4},"end":{"line":39,"column":91}},"7":{"start":{"line":40,"column":4},"end":{"line":40,"column":83}},"8":{"start":{"line":41,"column":4},"end":{"line":41,"column":112}},"9":{"start":{"line":42,"column":4},"end":{"line":42,"column":45}},"10":{"start":{"line":44,"column":4},"end":{"line":44,"column":1823}},"11":{"start":{"line":55,"column":4},"end":{"line":55,"column":118}},"12":{"start":{"line":57,"column":4},"end":{"line":57,"column":2415}},"13":{"start":{"line":67,"column":4},"end":{"line":67,"column":92}},"14":{"start":{"line":76,"column":4},"end":{"line":76,"column":82}},"15":{"start":{"line":77,"column":4},"end":{"line":77,"column":101}},"16":{"start":{"line":78,"column":4},"end":{"line":78,"column":117}},"17":{"start":{"line":80,"column":4},"end":{"line":80,"column":88}},"18":{"start":{"line":82,"column":4},"end":{"line":82,"column":3522}},"19":{"start":{"line":91,"column":4},"end":{"line":91,"column":97}},"20":{"start":{"line":93,"column":4},"end":{"line":93,"column":102}},"21":{"start":{"line":94,"column":4},"end":{"line":94,"column":117}},"22":{"start":{"line":95,"column":4},"end":{"line":95,"column":116}},"23":{"start":{"line":106,"column":4},"end":{"line":106,"column":52}},"24":{"start":{"line":107,"column":4},"end":{"line":107,"column":4691}},"25":{"start":{"line":108,"column":6},"end":{"line":108,"column":59}},"26":{"start":{"line":111,"column":4},"end":{"line":111,"column":4894}},"27":{"start":{"line":119,"column":4},"end":{"line":119,"column":85}},"28":{"start":{"line":120,"column":4},"end":{"line":120,"column":82}},"29":{"start":{"line":121,"column":4},"end":{"line":121,"column":72}},"30":{"start":{"line":122,"column":4},"end":{"line":122,"column":75}},"31":{"start":{"line":131,"column":4},"end":{"line":131,"column":79}},"32":{"start":{"line":132,"column":4},"end":{"line":132,"column":95}},"33":{"start":{"line":139,"column":4},"end":{"line":139,"column":85}},"34":{"start":{"line":140,"column":4},"end":{"line":140,"column":40}},"35":{"start":{"line":146,"column":4},"end":{"line":146,"column":72}}},"branchMap":{"1":{"line":12,"type":"if","locations":[{"start":{"line":12,"column":4},"end":{"line":12,"column":4}},{"start":{"line":12,"column":4},"end":{"line":12,"column":4}}]},"2":{"line":17,"type":"if","locations":[{"start":{"line":17,"column":4},"end":{"line":17,"column":4}},{"start":{"line":17,"column":4},"end":{"line":17,"column":4}}]},"3":{"line":23,"type":"if","locations":[{"start":{"line":23,"column":4},"end":{"line":23,"column":4}},{"start":{"line":23,"column":4},"end":{"line":23,"column":4}}]},"4":{"line":29,"type":"if","locations":[{"start":{"line":29,"column":4},"end":{"line":29,"column":4}},{"start":{"line":29,"column":4},"end":{"line":29,"column":4}}]},"5":{"line":41,"type":"if","locations":[{"start":{"line":41,"column":4},"end":{"line":41,"column":4}},{"start":{"line":41,"column":4},"end":{"line":41,"column":4}}]},"6":{"line":44,"type":"if","locations":[{"start":{"line":44,"column":4},"end":{"line":44,"column":4}},{"start":{"line":44,"column":4},"end":{"line":44,"column":4}}]},"7":{"line":57,"type":"if","locations":[{"start":{"line":57,"column":4},"end":{"line":57,"column":4}},{"start":{"line":57,"column":4},"end":{"line":57,"column":4}}]},"8":{"line":82,"type":"if","locations":[{"start":{"line":82,"column":4},"end":{"line":82,"column":4}},{"start":{"line":82,"column":4},"end":{"line":82,"column":4}}]},"9":{"line":107,"type":"if","locations":[{"start":{"line":107,"column":4},"end":{"line":107,"column":4}},{"start":{"line":107,"column":4},"end":{"line":107,"column":4}}]},"10":{"line":111,"type":"if","locations":[{"start":{"line":111,"column":4},"end":{"line":111,"column":4}},{"start":{"line":111,"column":4},"end":{"line":111,"column":4}}]},"11":{"line":122,"type":"if","locations":[{"start":{"line":122,"column":4},"end":{"line":122,"column":4}},{"start":{"line":122,"column":4},"end":{"line":122,"column":4}}]},"12":{"line":132,"type":"if","locations":[{"start":{"line":132,"column":4},"end":{"line":132,"column":4}},{"start":{"line":132,"column":4},"end":{"line":132,"column":4}}]}}},"contracts/libraries/LMembers.sol":{"l":{"21":73,"22":70,"26":21,"27":19,"31":28,"32":26,"36":58,"37":50,"46":26,"47":24,"49":22,"50":22,"53":20,"55":20,"62":19,"63":19,"64":19,"66":19,"72":16,"73":16,"74":10,"76":10,"82":18,"83":18,"85":12,"87":10,"88":1,"91":10,"100":29,"101":29,"107":8,"108":4,"116":23,"117":23,"126":42,"134":191,"138":10,"147":21,"148":21,"150":7,"151":7,"155":73,"156":73},"path":"/home/adxm/github/AventusProtocolFoundation/protocol/contracts/libraries/LMembers.sol","s":{"1":73,"2":21,"3":28,"4":58,"5":26,"6":24,"7":22,"8":22,"9":20,"10":19,"11":19,"12":16,"13":16,"14":10,"15":10,"16":18,"17":18,"18":12,"19":10,"20":10,"21":29,"22":29,"23":8,"24":4,"25":23,"26":23,"27":42,"28":191,"29":21,"30":21,"31":14,"32":7,"33":7,"34":73,"35":73},"b":{"1":[70,3],"2":[19,2],"3":[26,2],"4":[50,8],"5":[24,2],"6":[22,2],"7":[12,6],"8":[1,9],"9":[4,4],"10":[14,7]},"f":{"1":73,"2":21,"3":28,"4":58,"5":26,"6":19,"7":16,"8":18,"9":29,"10":8,"11":23,"12":42,"13":191,"14":10,"15":21,"16":73},"fnMap":{"1":{"name":"onlyValidMemberType","line":20,"loc":{"start":{"line":20,"column":2},"end":{"line":20,"column":57}}},"2":{"name":"onlyAfterCoolingOffPeriod","line":25,"loc":{"start":{"line":25,"column":2},"end":{"line":25,"column":113}}},"3":{"name":"onlyIfNotAlreadyRegistered","line":30,"loc":{"start":{"line":30,"column":2},"end":{"line":30,"column":114}}},"4":{"name":"onlyIfRegistered","line":35,"loc":{"start":{"line":35,"column":2},"end":{"line":35,"column":104}}},"5":{"name":"registerMember","line":40,"loc":{"start":{"line":40,"column":2},"end":{"line":45,"column":3}}},"6":{"name":"deregisterMember","line":58,"loc":{"start":{"line":58,"column":2},"end":{"line":61,"column":3}}},"7":{"name":"challengeMember","line":69,"loc":{"start":{"line":69,"column":2},"end":{"line":71,"column":3}}},"8":{"name":"endMemberChallenge","line":79,"loc":{"start":{"line":79,"column":2},"end":{"line":81,"column":3}}},"9":{"name":"getExistingMemberDeposit","line":94,"loc":{"start":{"line":94,"column":2},"end":{"line":99,"column":3}}},"10":{"name":"checkValidatorActiveAndRecordInteraction","line":104,"loc":{"start":{"line":104,"column":2},"end":{"line":106,"column":3}}},"11":{"name":"memberIsActive","line":111,"loc":{"start":{"line":111,"column":2},"end":{"line":115,"column":3}}},"12":{"name":"getNewMemberDeposit","line":120,"loc":{"start":{"line":120,"column":2},"end":{"line":125,"column":3}}},"13":{"name":"getAventityIdForMember","line":129,"loc":{"start":{"line":129,"column":2},"end":{"line":133,"column":3}}},"14":{"name":"recordInteraction","line":137,"loc":{"start":{"line":137,"column":2},"end":{"line":137,"column":113}}},"15":{"name":"isAfterCoolingOffPeriod","line":141,"loc":{"start":{"line":141,"column":2},"end":{"line":145,"column":3}}},"16":{"name":"isValidMemberType","line":154,"loc":{"start":{"line":154,"column":2},"end":{"line":154,"column":92}}}},"statementMap":{"1":{"start":{"line":21,"column":4},"end":{"line":21,"column":70}},"2":{"start":{"line":26,"column":4},"end":{"line":26,"column":115}},"3":{"start":{"line":31,"column":4},"end":{"line":31,"column":111}},"4":{"start":{"line":36,"column":4},"end":{"line":36,"column":105}},"5":{"start":{"line":46,"column":4},"end":{"line":46,"column":86}},"6":{"start":{"line":47,"column":4},"end":{"line":47,"column":78}},"7":{"start":{"line":49,"column":4},"end":{"line":49,"column":66}},"8":{"start":{"line":50,"column":4},"end":{"line":50,"column":90}},"9":{"start":{"line":55,"column":4},"end":{"line":55,"column":93}},"10":{"start":{"line":62,"column":4},"end":{"line":62,"column":82}},"11":{"start":{"line":66,"column":4},"end":{"line":66,"column":59}},"12":{"start":{"line":72,"column":4},"end":{"line":72,"column":82}},"13":{"start":{"line":73,"column":4},"end":{"line":73,"column":72}},"14":{"start":{"line":74,"column":4},"end":{"line":74,"column":3611}},"15":{"start":{"line":76,"column":4},"end":{"line":76,"column":127}},"16":{"start":{"line":82,"column":4},"end":{"line":82,"column":82}},"17":{"start":{"line":83,"column":4},"end":{"line":83,"column":55}},"18":{"start":{"line":85,"column":4},"end":{"line":85,"column":130}},"19":{"start":{"line":87,"column":4},"end":{"line":87,"column":4241}},"20":{"start":{"line":91,"column":4},"end":{"line":91,"column":97}},"21":{"start":{"line":100,"column":4},"end":{"line":100,"column":82}},"22":{"start":{"line":101,"column":4},"end":{"line":101,"column":85}},"23":{"start":{"line":107,"column":4},"end":{"line":107,"column":99}},"24":{"start":{"line":108,"column":4},"end":{"line":108,"column":55}},"25":{"start":{"line":116,"column":4},"end":{"line":116,"column":82}},"26":{"start":{"line":117,"column":4},"end":{"line":117,"column":77}},"27":{"start":{"line":126,"column":4},"end":{"line":126,"column":79}},"28":{"start":{"line":134,"column":4},"end":{"line":134,"column":85}},"29":{"start":{"line":147,"column":4},"end":{"line":147,"column":107}},"30":{"start":{"line":148,"column":4},"end":{"line":148,"column":45}},"31":{"start":{"line":148,"column":34},"end":{"line":148,"column":45}},"32":{"start":{"line":150,"column":4},"end":{"line":150,"column":117}},"33":{"start":{"line":151,"column":4},"end":{"line":151,"column":69}},"34":{"start":{"line":155,"column":4},"end":{"line":155,"column":64}},"35":{"start":{"line":156,"column":4},"end":{"line":156,"column":80}}},"branchMap":{"1":{"line":21,"type":"if","locations":[{"start":{"line":21,"column":4},"end":{"line":21,"column":4}},{"start":{"line":21,"column":4},"end":{"line":21,"column":4}}]},"2":{"line":26,"type":"if","locations":[{"start":{"line":26,"column":4},"end":{"line":26,"column":4}},{"start":{"line":26,"column":4},"end":{"line":26,"column":4}}]},"3":{"line":31,"type":"if","locations":[{"start":{"line":31,"column":4},"end":{"line":31,"column":4}},{"start":{"line":31,"column":4},"end":{"line":31,"column":4}}]},"4":{"line":36,"type":"if","locations":[{"start":{"line":36,"column":4},"end":{"line":36,"column":4}},{"start":{"line":36,"column":4},"end":{"line":36,"column":4}}]},"5":{"line":46,"type":"if","locations":[{"start":{"line":46,"column":4},"end":{"line":46,"column":4}},{"start":{"line":46,"column":4},"end":{"line":46,"column":4}}]},"6":{"line":47,"type":"if","locations":[{"start":{"line":47,"column":4},"end":{"line":47,"column":4}},{"start":{"line":47,"column":4},"end":{"line":47,"column":4}}]},"7":{"line":83,"type":"if","locations":[{"start":{"line":83,"column":4},"end":{"line":83,"column":4}},{"start":{"line":83,"column":4},"end":{"line":83,"column":4}}]},"8":{"line":87,"type":"if","locations":[{"start":{"line":87,"column":4},"end":{"line":87,"column":4}},{"start":{"line":87,"column":4},"end":{"line":87,"column":4}}]},"9":{"line":107,"type":"if","locations":[{"start":{"line":107,"column":4},"end":{"line":107,"column":4}},{"start":{"line":107,"column":4},"end":{"line":107,"column":4}}]},"10":{"line":148,"type":"if","locations":[{"start":{"line":148,"column":4},"end":{"line":148,"column":4}},{"start":{"line":148,"column":4},"end":{"line":148,"column":4}}]}}},"contracts/libraries/LMembersStorage.sol":{"l":{"15":42,"23":191,"30":20,"34":20,"38":10,"39":10,"48":21,"57":7},"path":"/home/adxm/github/AventusProtocolFoundation/protocol/contracts/libraries/LMembersStorage.sol","s":{"1":42,"2":191,"3":10,"4":21,"5":7},"b":{},"f":{"1":42,"2":191,"3":20,"4":20,"5":10,"6":21,"7":7},"fnMap":{"1":{"name":"getFixedDepositAmount","line":10,"loc":{"start":{"line":10,"column":2},"end":{"line":14,"column":3}}},"2":{"name":"getAventityId","line":18,"loc":{"start":{"line":18,"column":2},"end":{"line":22,"column":3}}},"3":{"name":"setAventityId","line":27,"loc":{"start":{"line":27,"column":2},"end":{"line":29,"column":3}}},"4":{"name":"clearAventityId","line":33,"loc":{"start":{"line":33,"column":2},"end":{"line":33,"column":114}}},"5":{"name":"setLastInteractionTime","line":37,"loc":{"start":{"line":37,"column":2},"end":{"line":37,"column":121}}},"6":{"name":"getLastInteractionTime","line":43,"loc":{"start":{"line":43,"column":2},"end":{"line":47,"column":3}}},"7":{"name":"getCoolingOffPeriod","line":52,"loc":{"start":{"line":52,"column":2},"end":{"line":56,"column":3}}}},"statementMap":{"1":{"start":{"line":15,"column":4},"end":{"line":15,"column":120}},"2":{"start":{"line":23,"column":4},"end":{"line":23,"column":761}},"3":{"start":{"line":38,"column":4},"end":{"line":38,"column":59}},"4":{"start":{"line":48,"column":4},"end":{"line":48,"column":1866}},"5":{"start":{"line":57,"column":4},"end":{"line":57,"column":120}}},"branchMap":{}},"contracts/libraries/LMerkleRoots.sol":{"l":{"13":12,"14":8,"18":8,"19":6,"28":14,"30":14,"31":140,"33":140,"35":73,"38":67,"41":14,"49":6,"50":6,"51":6,"56":22},"path":"/home/adxm/github/AventusProtocolFoundation/protocol/contracts/libraries/LMerkleRoots.sol","s":{"1":12,"2":8,"3":14,"4":14,"5":140,"6":140,"7":73,"8":67,"9":14,"10":6,"11":22},"b":{"1":[8,4],"2":[6,2],"3":[73,67]},"f":{"1":12,"2":8,"3":14,"4":6,"5":22},"fnMap":{"1":{"name":"onlyActiveValidator","line":12,"loc":{"start":{"line":12,"column":2},"end":{"line":12,"column":56}}},"2":{"name":"onlyIfNotAlreadyActive","line":17,"loc":{"start":{"line":17,"column":2},"end":{"line":17,"column":78}}},"3":{"name":"generateMerkleRoot","line":23,"loc":{"start":{"line":23,"column":2},"end":{"line":27,"column":3}}},"4":{"name":"registerMerkleRoot","line":44,"loc":{"start":{"line":44,"column":2},"end":{"line":48,"column":3}}},"5":{"name":"merkleRootIsActive","line":54,"loc":{"start":{"line":54,"column":2},"end":{"line":54,"column":121}}}},"statementMap":{"1":{"start":{"line":13,"column":4},"end":{"line":13,"column":108}},"2":{"start":{"line":18,"column":4},"end":{"line":18,"column":85}},"3":{"start":{"line":28,"column":4},"end":{"line":28,"column":35}},"4":{"start":{"line":30,"column":4},"end":{"line":30,"column":945}},"5":{"start":{"line":31,"column":6},"end":{"line":31,"column":41}},"6":{"start":{"line":33,"column":6},"end":{"line":33,"column":1046}},"7":{"start":{"line":35,"column":8},"end":{"line":35,"column":76}},"8":{"start":{"line":38,"column":8},"end":{"line":38,"column":76}},"9":{"start":{"line":41,"column":4},"end":{"line":41,"column":27}},"10":{"start":{"line":51,"column":4},"end":{"line":51,"column":55}},"11":{"start":{"line":56,"column":4},"end":{"line":56,"column":96}}},"branchMap":{"1":{"line":13,"type":"if","locations":[{"start":{"line":13,"column":4},"end":{"line":13,"column":4}},{"start":{"line":13,"column":4},"end":{"line":13,"column":4}}]},"2":{"line":18,"type":"if","locations":[{"start":{"line":18,"column":4},"end":{"line":18,"column":4}},{"start":{"line":18,"column":4},"end":{"line":18,"column":4}}]},"3":{"line":33,"type":"if","locations":[{"start":{"line":33,"column":6},"end":{"line":33,"column":6}},{"start":{"line":33,"column":6},"end":{"line":33,"column":6}}]}}},"contracts/libraries/LMerkleRootsStorage.sol":{"l":{"13":22,"17":6},"path":"/home/adxm/github/AventusProtocolFoundation/protocol/contracts/libraries/LMerkleRootsStorage.sol","s":{"1":22},"b":{},"f":{"1":22,"2":6},"fnMap":{"1":{"name":"getRootHashOwner","line":8,"loc":{"start":{"line":8,"column":2},"end":{"line":12,"column":3}}},"2":{"name":"setRootHashOwner","line":16,"loc":{"start":{"line":16,"column":2},"end":{"line":16,"column":97}}}},"statementMap":{"1":{"start":{"line":13,"column":4},"end":{"line":13,"column":98}}},"branchMap":{}},"contracts/libraries/LProposals.sol":{"l":{"22":40,"23":38,"27":53,"28":47,"32":45,"33":43,"37":40,"38":40,"39":38,"42":38,"44":38,"52":10,"65":38,"66":32,"75":10,"76":2,"80":31,"81":21,"82":21,"83":21,"90":43,"91":37,"95":38,"99":1,"107":20,"115":10,"123":19,"127":9,"135":9,"139":51,"147":47,"149":47,"150":47,"158":48,"159":48,"160":48,"161":48,"165":40,"166":40,"167":40,"168":40},"path":"/home/adxm/github/AventusProtocolFoundation/protocol/contracts/libraries/LProposals.sol","s":{"1":40,"2":53,"3":45,"4":40,"5":40,"6":38,"7":38,"8":10,"9":32,"10":2,"11":21,"12":21,"13":21,"14":43,"15":37,"16":38,"17":1,"18":20,"19":10,"20":19,"21":9,"22":51,"23":47,"24":47,"25":48,"26":48,"27":48,"28":48,"29":40,"30":40,"31":40,"32":40},"b":{"1":[38,2],"2":[47,6],"3":[43,2]},"f":{"1":40,"2":53,"3":45,"4":40,"5":10,"6":38,"7":10,"8":31,"9":43,"10":38,"11":1,"12":20,"13":10,"14":19,"15":9,"16":9,"17":51,"18":47,"19":48,"20":40},"fnMap":{"1":{"name":"onlyInVotingPeriod","line":21,"loc":{"start":{"line":21,"column":2},"end":{"line":21,"column":73}}},"2":{"name":"onlyAfterRevealingFinishedAndProposalNotEnded","line":26,"loc":{"start":{"line":26,"column":2},"end":{"line":26,"column":100}}},"3":{"name":"onlyGovernanceProposals","line":31,"loc":{"start":{"line":31,"column":2},"end":{"line":31,"column":78}}},"4":{"name":"createGovernanceProposal","line":36,"loc":{"start":{"line":36,"column":2},"end":{"line":36,"column":93}}},"5":{"name":"createProposal","line":47,"loc":{"start":{"line":47,"column":2},"end":{"line":51,"column":3}}},"6":{"name":"castVote","line":56,"loc":{"start":{"line":56,"column":2},"end":{"line":64,"column":3}}},"7":{"name":"cancelVote","line":69,"loc":{"start":{"line":69,"column":2},"end":{"line":74,"column":3}}},"8":{"name":"revealVote","line":79,"loc":{"start":{"line":79,"column":2},"end":{"line":79,"column":118}}},"9":{"name":"endGovernanceProposal","line":86,"loc":{"start":{"line":86,"column":2},"end":{"line":89,"column":3}}},"10":{"name":"getPrevTimeParamForCastVote","line":94,"loc":{"start":{"line":94,"column":2},"end":{"line":94,"column":121}}},"11":{"name":"getAventusTime","line":98,"loc":{"start":{"line":98,"column":2},"end":{"line":98,"column":86}}},"12":{"name":"getTotalRevealedStake","line":102,"loc":{"start":{"line":102,"column":2},"end":{"line":106,"column":3}}},"13":{"name":"getOwner","line":110,"loc":{"start":{"line":110,"column":2},"end":{"line":114,"column":3}}},"14":{"name":"getRevealedVoterStake","line":118,"loc":{"start":{"line":118,"column":2},"end":{"line":122,"column":3}}},"15":{"name":"clearRevealedStake","line":126,"loc":{"start":{"line":126,"column":2},"end":{"line":126,"column":114}}},"16":{"name":"getNumVotersRevealedWithStake","line":130,"loc":{"start":{"line":130,"column":2},"end":{"line":134,"column":3}}},"17":{"name":"getGovernanceProposalDeposit","line":138,"loc":{"start":{"line":138,"column":2},"end":{"line":138,"column":106}}},"18":{"name":"endProposal","line":142,"loc":{"start":{"line":142,"column":2},"end":{"line":146,"column":3}}},"19":{"name":"getTimestamps","line":153,"loc":{"start":{"line":153,"column":2},"end":{"line":157,"column":3}}},"20":{"name":"doCreateGovernanceProposal","line":164,"loc":{"start":{"line":164,"column":2},"end":{"line":164,"column":113}}}},"statementMap":{"1":{"start":{"line":22,"column":4},"end":{"line":22,"column":98}},"2":{"start":{"line":27,"column":4},"end":{"line":27,"column":125}},"3":{"start":{"line":32,"column":4},"end":{"line":32,"column":114}},"4":{"start":{"line":37,"column":4},"end":{"line":37,"column":56}},"5":{"start":{"line":38,"column":4},"end":{"line":38,"column":66}},"6":{"start":{"line":39,"column":4},"end":{"line":39,"column":119}},"7":{"start":{"line":44,"column":4},"end":{"line":44,"column":135}},"8":{"start":{"line":52,"column":4},"end":{"line":52,"column":2510}},"9":{"start":{"line":66,"column":4},"end":{"line":66,"column":65}},"10":{"start":{"line":76,"column":4},"end":{"line":76,"column":50}},"11":{"start":{"line":81,"column":4},"end":{"line":81,"column":83}},"12":{"start":{"line":82,"column":4},"end":{"line":82,"column":79}},"13":{"start":{"line":83,"column":4},"end":{"line":83,"column":87}},"14":{"start":{"line":90,"column":4},"end":{"line":90,"column":74}},"15":{"start":{"line":91,"column":4},"end":{"line":91,"column":72}},"16":{"start":{"line":95,"column":4},"end":{"line":95,"column":82}},"17":{"start":{"line":99,"column":4},"end":{"line":99,"column":48}},"18":{"start":{"line":107,"column":4},"end":{"line":107,"column":90}},"19":{"start":{"line":115,"column":4},"end":{"line":115,"column":61}},"20":{"start":{"line":123,"column":4},"end":{"line":123,"column":93}},"21":{"start":{"line":135,"column":4},"end":{"line":135,"column":105}},"22":{"start":{"line":139,"column":4},"end":{"line":139,"column":75}},"23":{"start":{"line":149,"column":4},"end":{"line":149,"column":80}},"24":{"start":{"line":150,"column":4},"end":{"line":150,"column":84}},"25":{"start":{"line":158,"column":4},"end":{"line":158,"column":77}},"26":{"start":{"line":159,"column":4},"end":{"line":159,"column":73}},"27":{"start":{"line":160,"column":4},"end":{"line":160,"column":79}},"28":{"start":{"line":161,"column":4},"end":{"line":161,"column":75}},"29":{"start":{"line":165,"column":4},"end":{"line":165,"column":101}},"30":{"start":{"line":166,"column":4},"end":{"line":166,"column":97}},"31":{"start":{"line":167,"column":4},"end":{"line":167,"column":103}},"32":{"start":{"line":168,"column":4},"end":{"line":168,"column":7132}}},"branchMap":{"1":{"line":22,"type":"if","locations":[{"start":{"line":22,"column":4},"end":{"line":22,"column":4}},{"start":{"line":22,"column":4},"end":{"line":22,"column":4}}]},"2":{"line":27,"type":"if","locations":[{"start":{"line":27,"column":4},"end":{"line":27,"column":4}},{"start":{"line":27,"column":4},"end":{"line":27,"column":4}}]},"3":{"line":32,"type":"if","locations":[{"start":{"line":32,"column":4},"end":{"line":32,"column":4}},{"start":{"line":32,"column":4},"end":{"line":32,"column":4}}]}}},"contracts/libraries/LProposalsEnact.sol":{"l":{"13":47,"14":47,"15":47,"16":47,"30":50,"32":50,"34":48,"35":48,"36":48,"37":48,"38":48,"39":48,"47":31,"48":31,"55":21,"63":10,"64":10,"71":40,"79":53,"93":155,"94":155,"95":155,"96":155,"98":155,"100":155,"101":6,"103":2,"105":46,"107":47,"109":52,"111":2,"118":48,"119":48,"120":48,"121":48,"123":48,"124":48,"125":48,"126":48,"134":202,"142":47,"146":50},"path":"/home/adxm/github/AventusProtocolFoundation/protocol/contracts/libraries/LProposalsEnact.sol","s":{"1":47,"2":47,"3":50,"4":48,"5":48,"6":48,"7":31,"8":31,"9":21,"10":10,"11":10,"12":40,"13":53,"14":155,"15":155,"16":155,"17":155,"18":155,"19":155,"20":6,"21":149,"22":2,"23":147,"24":46,"25":101,"26":47,"27":54,"28":52,"29":2,"30":48,"31":48,"32":48,"33":48,"34":202,"35":47,"36":50},"b":{"1":[6,149],"2":[2,147],"3":[46,101],"4":[47,54],"5":[52,2]},"f":{"1":47,"2":50,"3":31,"4":21,"5":10,"6":40,"7":53,"8":155,"9":48,"10":202,"11":47,"12":50},"fnMap":{"1":{"name":"doUnlockProposalDeposit","line":12,"loc":{"start":{"line":12,"column":2},"end":{"line":12,"column":87}}},"2":{"name":"doCreateProposal","line":25,"loc":{"start":{"line":25,"column":2},"end":{"line":29,"column":3}}},"3":{"name":"inRevealingPeriodOrLater","line":42,"loc":{"start":{"line":42,"column":2},"end":{"line":46,"column":3}}},"4":{"name":"inRevealingPeriod","line":54,"loc":{"start":{"line":54,"column":2},"end":{"line":54,"column":109}}},"5":{"name":"inVotingPeriodOrAfterRevealingFinished","line":58,"loc":{"start":{"line":58,"column":2},"end":{"line":62,"column":3}}},"6":{"name":"inVotingPeriod","line":70,"loc":{"start":{"line":70,"column":2},"end":{"line":70,"column":106}}},"7":{"name":"afterRevealingFinishedAndProposalNotEnded","line":74,"loc":{"start":{"line":74,"column":2},"end":{"line":78,"column":3}}},"8":{"name":"doGetProposalStatus","line":88,"loc":{"start":{"line":88,"column":2},"end":{"line":92,"column":3}}},"9":{"name":"setProposalTimes","line":114,"loc":{"start":{"line":114,"column":2},"end":{"line":117,"column":3}}},"10":{"name":"getProposalDeposit","line":129,"loc":{"start":{"line":129,"column":2},"end":{"line":133,"column":3}}},"11":{"name":"getProposalOwner","line":137,"loc":{"start":{"line":137,"column":2},"end":{"line":141,"column":3}}},"12":{"name":"thereAreUnrevealedVotes","line":145,"loc":{"start":{"line":145,"column":2},"end":{"line":145,"column":114}}}},"statementMap":{"1":{"start":{"line":13,"column":4},"end":{"line":13,"column":66}},"2":{"start":{"line":14,"column":4},"end":{"line":14,"column":67}},"3":{"start":{"line":30,"column":4},"end":{"line":30,"column":29}},"4":{"start":{"line":34,"column":4},"end":{"line":34,"column":68}},"5":{"start":{"line":35,"column":4},"end":{"line":35,"column":34}},"6":{"start":{"line":39,"column":4},"end":{"line":39,"column":116}},"7":{"start":{"line":47,"column":4},"end":{"line":47,"column":77}},"8":{"start":{"line":48,"column":4},"end":{"line":48,"column":1924}},"9":{"start":{"line":55,"column":4},"end":{"line":55,"column":99}},"10":{"start":{"line":63,"column":4},"end":{"line":63,"column":77}},"11":{"start":{"line":64,"column":4},"end":{"line":64,"column":2585}},"12":{"start":{"line":71,"column":4},"end":{"line":71,"column":96}},"13":{"start":{"line":79,"column":4},"end":{"line":79,"column":123}},"14":{"start":{"line":93,"column":4},"end":{"line":93,"column":77}},"15":{"start":{"line":94,"column":4},"end":{"line":94,"column":83}},"16":{"start":{"line":95,"column":4},"end":{"line":95,"column":79}},"17":{"start":{"line":96,"column":4},"end":{"line":96,"column":59}},"18":{"start":{"line":98,"column":4},"end":{"line":98,"column":59}},"19":{"start":{"line":100,"column":4},"end":{"line":100,"column":3965}},"20":{"start":{"line":101,"column":6},"end":{"line":101,"column":41}},"21":{"start":{"line":102,"column":9},"end":{"line":102,"column":4040}},"22":{"start":{"line":103,"column":6},"end":{"line":103,"column":38}},"23":{"start":{"line":104,"column":9},"end":{"line":104,"column":4121}},"24":{"start":{"line":105,"column":6},"end":{"line":105,"column":36}},"25":{"start":{"line":106,"column":9},"end":{"line":106,"column":4203}},"26":{"start":{"line":107,"column":6},"end":{"line":107,"column":39}},"27":{"start":{"line":108,"column":9},"end":{"line":108,"column":4336}},"28":{"start":{"line":109,"column":6},"end":{"line":109,"column":63}},"29":{"start":{"line":111,"column":6},"end":{"line":111,"column":35}},"30":{"start":{"line":118,"column":4},"end":{"line":118,"column":61}},"31":{"start":{"line":119,"column":4},"end":{"line":119,"column":72}},"32":{"start":{"line":120,"column":4},"end":{"line":120,"column":71}},"33":{"start":{"line":121,"column":4},"end":{"line":121,"column":75}},"34":{"start":{"line":134,"column":4},"end":{"line":134,"column":65}},"35":{"start":{"line":142,"column":4},"end":{"line":142,"column":61}},"36":{"start":{"line":146,"column":4},"end":{"line":146,"column":81}}},"branchMap":{"1":{"line":100,"type":"if","locations":[{"start":{"line":100,"column":4},"end":{"line":100,"column":4}},{"start":{"line":100,"column":4},"end":{"line":100,"column":4}}]},"2":{"line":102,"type":"if","locations":[{"start":{"line":102,"column":9},"end":{"line":102,"column":9}},{"start":{"line":102,"column":9},"end":{"line":102,"column":9}}]},"3":{"line":104,"type":"if","locations":[{"start":{"line":104,"column":9},"end":{"line":104,"column":9}},{"start":{"line":104,"column":9},"end":{"line":104,"column":9}}]},"4":{"line":106,"type":"if","locations":[{"start":{"line":106,"column":9},"end":{"line":106,"column":9}},{"start":{"line":106,"column":9},"end":{"line":106,"column":9}}]},"5":{"line":108,"type":"if","locations":[{"start":{"line":108,"column":9},"end":{"line":108,"column":9}},{"start":{"line":108,"column":9},"end":{"line":108,"column":9}}]}}},"contracts/libraries/LProposalsStorage.sol":{"l":{"25":51,"33":40,"41":40,"49":40,"57":48,"61":48,"69":19,"76":20,"77":20,"85":202,"89":95,"97":45,"101":38,"109":48,"113":48,"121":57,"125":48,"133":114,"139":11,"140":11,"148":9,"153":11,"154":11,"162":224,"166":48,"174":321,"178":48,"186":109,"190":59,"198":203,"202":48,"210":113,"214":33,"222":155,"226":84,"234":23,"238":84,"246":67,"250":59,"258":125,"266":20},"path":"/home/adxm/github/AventusProtocolFoundation/protocol/contracts/libraries/LProposalsStorage.sol","s":{"1":51,"2":40,"3":40,"4":40,"5":48,"6":19,"7":20,"8":202,"9":45,"10":48,"11":57,"12":114,"13":11
[...]
ine":62,"column":2},"end":{"line":67,"column":3}}},"9":{"name":"getPrevTimeParamForCastVote","line":80,"loc":{"start":{"line":80,"column":2},"end":{"line":80,"column":121}}},"10":{"name":"addSendersVoteToDLL","line":102,"loc":{"start":{"line":102,"column":2},"end":{"line":102,"column":98}}},"11":{"name":"removeSendersVoteFromDLL","line":138,"loc":{"start":{"line":138,"column":2},"end":{"line":138,"column":87}}},"12":{"name":"doRemoveVote","line":156,"loc":{"start":{"line":156,"column":2},"end":{"line":156,"column":75}}},"13":{"name":"checkVoterIsSender","line":163,"loc":{"start":{"line":163,"column":2},"end":{"line":167,"column":3}}},"14":{"name":"addVoterStakeToProposal","line":174,"loc":{"start":{"line":174,"column":2},"end":{"line":176,"column":3}}}},"statementMap":{"1":{"start":{"line":12,"column":4},"end":{"line":12,"column":118}},"2":{"start":{"line":13,"column":4},"end":{"line":13,"column":111}},"3":{"start":{"line":18,"column":4},"end":{"line":18,"column":114}},"4":{"start":{"line":23,"column":4},"end":{"line":23,"column":87}},"5":{"start":{"line":24,"column":4},"end":{"line":24,"column":63}},"6":{"start":{"line":29,"column":4},"end":{"line":29,"column":95}},"7":{"start":{"line":34,"column":4},"end":{"line":34,"column":57}},"8":{"start":{"line":47,"column":4},"end":{"line":47,"column":101}},"9":{"start":{"line":50,"column":4},"end":{"line":50,"column":95}},"10":{"start":{"line":52,"column":4},"end":{"line":52,"column":56}},"11":{"start":{"line":59,"column":4},"end":{"line":59,"column":38}},"12":{"start":{"line":68,"column":4},"end":{"line":68,"column":2584}},"13":{"start":{"line":70,"column":4},"end":{"line":70,"column":81}},"14":{"start":{"line":73,"column":4},"end":{"line":73,"column":2840}},"15":{"start":{"line":74,"column":6},"end":{"line":74,"column":71}},"16":{"start":{"line":77,"column":4},"end":{"line":77,"column":38}},"17":{"start":{"line":81,"column":4},"end":{"line":81,"column":29}},"18":{"start":{"line":82,"column":4},"end":{"line":82,"column":87}},"19":{"start":{"line":83,"column":4},"end":{"line":83,"column":62}},"20":{"start":{"line":84,"column":4},"end":{"line":84,"column":3346}},"21":{"start":{"line":86,"column":6},"end":{"line":86,"column":93}},"22":{"start":{"line":87,"column":6},"end":{"line":87,"column":22}},"23":{"start":{"line":90,"column":4},"end":{"line":90,"column":16}},"24":{"start":{"line":91,"column":4},"end":{"line":91,"column":3721}},"25":{"start":{"line":92,"column":6},"end":{"line":92,"column":84}},"26":{"start":{"line":93,"column":6},"end":{"line":93,"column":3831}},"27":{"start":{"line":96,"column":6},"end":{"line":96,"column":25}},"28":{"start":{"line":103,"column":4},"end":{"line":103,"column":29}},"29":{"start":{"line":106,"column":4},"end":{"line":106,"column":87}},"30":{"start":{"line":109,"column":4},"end":{"line":109,"column":99}},"31":{"start":{"line":112,"column":4},"end":{"line":112,"column":4696}},"32":{"start":{"line":114,"column":6},"end":{"line":114,"column":84}},"33":{"start":{"line":115,"column":6},"end":{"line":115,"column":4879}},"34":{"start":{"line":116,"column":8},"end":{"line":116,"column":4990}},"35":{"start":{"line":118,"column":8},"end":{"line":118,"column":54}},"36":{"start":{"line":120,"column":6},"end":{"line":120,"column":5125}},"37":{"start":{"line":121,"column":8},"end":{"line":121,"column":5234}},"38":{"start":{"line":123,"column":8},"end":{"line":123,"column":50}},"39":{"start":{"line":139,"column":4},"end":{"line":139,"column":29}},"40":{"start":{"line":140,"column":4},"end":{"line":140,"column":87}},"41":{"start":{"line":141,"column":4},"end":{"line":141,"column":99}},"42":{"start":{"line":142,"column":4},"end":{"line":142,"column":24}},"43":{"start":{"line":145,"column":4},"end":{"line":145,"column":6483}},"44":{"start":{"line":146,"column":6},"end":{"line":146,"column":97}},"45":{"start":{"line":147,"column":6},"end":{"line":147,"column":93}},"46":{"start":{"line":157,"column":4},"end":{"line":157,"column":95}},"47":{"start":{"line":159,"column":4},"end":{"line":159,"column":50}},"48":{"start":{"line":169,"column":4},"end":{"line":169,"column":77}},"49":{"start":{"line":170,"column":4},"end":{"line":170,"column":63}},"50":{"start":{"line":171,"column":4},"end":{"line":171,"column":39}},"51":{"start":{"line":177,"column":4},"end":{"line":177,"column":65}},"52":{"start":{"line":179,"column":4},"end":{"line":179,"column":26}},"53":{"start":{"line":179,"column":20},"end":{"line":179,"column":26}}},"branchMap":{"1":{"line":13,"type":"if","locations":[{"start":{"line":13,"column":4},"end":{"line":13,"column":4}},{"start":{"line":13,"column":4},"end":{"line":13,"column":4}}]},"2":{"line":18,"type":"if","locations":[{"start":{"line":18,"column":4},"end":{"line":18,"column":4}},{"start":{"line":18,"column":4},"end":{"line":18,"column":4}}]},"3":{"line":24,"type":"if","locations":[{"start":{"line":24,"column":4},"end":{"line":24,"column":4}},{"start":{"line":24,"column":4},"end":{"line":24,"column":4}}]},"4":{"line":29,"type":"if","locations":[{"start":{"line":29,"column":4},"end":{"line":29,"column":4}},{"start":{"line":29,"column":4},"end":{"line":29,"column":4}}]},"5":{"line":34,"type":"if","locations":[{"start":{"line":34,"column":4},"end":{"line":34,"column":4}},{"start":{"line":34,"column":4},"end":{"line":34,"column":4}}]},"6":{"line":47,"type":"if","locations":[{"start":{"line":47,"column":4},"end":{"line":47,"column":4}},{"start":{"line":47,"column":4},"end":{"line":47,"column":4}}]},"7":{"line":70,"type":"if","locations":[{"start":{"line":70,"column":4},"end":{"line":70,"column":4}},{"start":{"line":70,"column":4},"end":{"line":70,"column":4}}]},"8":{"line":73,"type":"if","locations":[{"start":{"line":73,"column":4},"end":{"line":73,"column":4}},{"start":{"line":73,"column":4},"end":{"line":73,"column":4}}]},"9":{"line":83,"type":"if","locations":[{"start":{"line":83,"column":4},"end":{"line":83,"column":4}},{"start":{"line":83,"column":4},"end":{"line":83,"column":4}}]},"10":{"line":84,"type":"if","locations":[{"start":{"line":84,"column":4},"end":{"line":84,"column":4}},{"start":{"line":84,"column":4},"end":{"line":84,"column":4}}]},"11":{"line":93,"type":"if","locations":[{"start":{"line":93,"column":6},"end":{"line":93,"column":6}},{"start":{"line":93,"column":6},"end":{"line":93,"column":6}}]},"12":{"line":112,"type":"if","locations":[{"start":{"line":112,"column":4},"end":{"line":112,"column":4}},{"start":{"line":112,"column":4},"end":{"line":112,"column":4}}]},"13":{"line":115,"type":"if","locations":[{"start":{"line":115,"column":6},"end":{"line":115,"column":6}},{"start":{"line":115,"column":6},"end":{"line":115,"column":6}}]},"14":{"line":118,"type":"if","locations":[{"start":{"line":118,"column":8},"end":{"line":118,"column":8}},{"start":{"line":118,"column":8},"end":{"line":118,"column":8}}]},"15":{"line":120,"type":"if","locations":[{"start":{"line":120,"column":6},"end":{"line":120,"column":6}},{"start":{"line":120,"column":6},"end":{"line":120,"column":6}}]},"16":{"line":123,"type":"if","locations":[{"start":{"line":123,"column":8},"end":{"line":123,"column":8}},{"start":{"line":123,"column":8},"end":{"line":123,"column":8}}]},"17":{"line":142,"type":"if","locations":[{"start":{"line":142,"column":4},"end":{"line":142,"column":4}},{"start":{"line":142,"column":4},"end":{"line":142,"column":4}}]},"18":{"line":145,"type":"if","locations":[{"start":{"line":145,"column":4},"end":{"line":145,"column":4}},{"start":{"line":145,"column":4},"end":{"line":145,"column":4}}]},"19":{"line":179,"type":"if","locations":[{"start":{"line":179,"column":4},"end":{"line":179,"column":4}},{"start":{"line":179,"column":4},"end":{"line":179,"column":4}}]}}},"contracts/libraries/zeppelin/LECRecovery.sol":{"l":{"24":92,"25":92,"26":92,"27":92,"30":92,"31":10,"38":82,"45":82,"46":80,"50":82,"52":80,"67":92},"path":"/home/adxm/github/AventusProtocolFoundation/protocol/contracts/libraries/zeppelin/LECRecovery.sol","s":{"1":92,"2":92,"3":10,"4":82,"5":80,"6":82,"7":80,"8":92},"b":{"1":[10,82],"2":[80,2],"3":[80,2]},"f":{"1":92,"2":92},"fnMap":{"1":{"name":"recover","line":19,"loc":{"start":{"line":19,"column":3},"end":{"line":23,"column":4}}},"2":{"name":"toEthSignedMessageHash","line":60,"loc":{"start":{"line":60,"column":3},"end":{"line":64,"column":4}}}},"statementMap":{"1":{"start":{"line":24,"column":5},"end":{"line":24,"column":39}},"2":{"start":{"line":30,"column":5},"end":{"line":30,"column":878}},"3":{"start":{"line":31,"column":7},"end":{"line":31,"column":26}},"4":{"start":{"line":45,"column":5},"end":{"line":45,"column":1391}},"5":{"start":{"line":46,"column":7},"end":{"line":46,"column":13}},"6":{"start":{"line":50,"column":5},"end":{"line":50,"column":63}},"7":{"start":{"line":52,"column":5},"end":{"line":52,"column":36}},"8":{"start":{"line":67,"column":5},"end":{"line":67,"column":81}}},"branchMap":{"1":{"line":30,"type":"if","locations":[{"start":{"line":30,"column":5},"end":{"line":30,"column":5}},{"start":{"line":30,"column":5},"end":{"line":30,"column":5}}]},"2":{"line":45,"type":"if","locations":[{"start":{"line":45,"column":5},"end":{"line":45,"column":5}},{"start":{"line":45,"column":5},"end":{"line":45,"column":5}}]},"3":{"line":50,"type":"if","locations":[{"start":{"line":50,"column":5},"end":{"line":50,"column":5}},{"start":{"line":50,"column":5},"end":{"line":50,"column":5}}]}}},"contracts/MembersManager.sol":{"l":{"14":2,"22":30,"29":27,"33":16,"37":18,"41":21,"49":31,"57":3},"path":"/home/adxm/github/AventusProtocolFoundation/protocol/contracts/MembersManager.sol","s":{"1":2,"2":21,"3":31,"4":3},"b":{},"f":{"1":2,"2":30,"3":27,"4":16,"5":18,"6":21,"7":31,"8":3},"fnMap":{"1":{"name":"constructor","line":13,"loc":{"start":{"line":13,"column":4},"end":{"line":13,"column":40}}},"2":{"name":"registerMember","line":17,"loc":{"start":{"line":17,"column":4},"end":{"line":21,"column":5}}},"3":{"name":"deregisterMember","line":25,"loc":{"start":{"line":25,"column":4},"end":{"line":28,"column":5}}},"4":{"name":"challengeMember","line":32,"loc":{"start":{"line":32,"column":4},"end":{"line":32,"column":88}}},"5":{"name":"endMemberChallenge","line":36,"loc":{"start":{"line":36,"column":4},"end":{"line":36,"column":91}}},"6":{"name":"getNewMemberDeposit","line":40,"loc":{"start":{"line":40,"column":4},"end":{"line":40,"column":102}}},"7":{"name":"getExistingMemberDeposit","line":44,"loc":{"start":{"line":44,"column":4},"end":{"line":48,"column":5}}},"8":{"name":"memberIsActive","line":52,"loc":{"start":{"line":52,"column":4},"end":{"line":56,"column":5}}}},"statementMap":{"1":{"start":{"line":14,"column":6},"end":{"line":14,"column":11}},"2":{"start":{"line":41,"column":6},"end":{"line":41,"column":65}},"3":{"start":{"line":49,"column":6},"end":{"line":49,"column":92}},"4":{"start":{"line":57,"column":6},"end":{"line":57,"column":72}}},"branchMap":{}},"contracts/MerkleRootsManager.sol":{"l":{"14":2,"20":12},"path":"/home/adxm/github/AventusProtocolFoundation/protocol/contracts/MerkleRootsManager.sol","s":{"1":2},"b":{},"f":{"1":2,"2":12},"fnMap":{"1":{"name":"constructor","line":13,"loc":{"start":{"line":13,"column":4},"end":{"line":13,"column":40}}},"2":{"name":"registerMerkleRoot","line":17,"loc":{"start":{"line":17,"column":4},"end":{"line":19,"column":5}}}},"statementMap":{"1":{"start":{"line":14,"column":6},"end":{"line":14,"column":11}}},"branchMap":{}},"contracts/Owned.sol":{"l":{"7":76,"8":74,"15":4,"16":2},"path":"/home/adxm/github/AventusProtocolFoundation/protocol/contracts/Owned.sol","s":{"1":76,"2":4,"3":2},"b":{"1":[74,2],"2":[2,2]},"f":{"1":76,"2":4},"fnMap":{"1":{"name":"onlyOwner","line":6,"loc":{"start":{"line":6,"column":2},"end":{"line":6,"column":20}}},"2":{"name":"setOwner","line":11,"loc":{"start":{"line":11,"column":2},"end":{"line":14,"column":3}}}},"statementMap":{"1":{"start":{"line":7,"column":4},"end":{"line":7,"column":55}},"2":{"start":{"line":15,"column":4},"end":{"line":15,"column":64}},"3":{"start":{"line":16,"column":4},"end":{"line":16,"column":17}}},"branchMap":{"1":{"line":7,"type":"if","locations":[{"start":{"line":7,"column":4},"end":{"line":7,"column":4}},{"start":{"line":7,"column":4},"end":{"line":7,"column":4}}]},"2":{"line":15,"type":"if","locations":[{"start":{"line":15,"column":4},"end":{"line":15,"column":4}},{"start":{"line":15,"column":4},"end":{"line":15,"column":4}}]}}},"contracts/ParameterRegistry.sol":{"l":{"38":2,"43":2,"44":1,"46":1,"48":1,"50":1,"52":1,"55":1,"57":1,"59":1,"61":1,"63":1,"66":1,"68":1,"70":1},"path":"/home/adxm/github/AventusProtocolFoundation/protocol/contracts/ParameterRegistry.sol","s":{"1":2,"2":2,"3":1},"b":{"1":[1,1]},"f":{"1":2,"2":2},"fnMap":{"1":{"name":"constructor","line":37,"loc":{"start":{"line":37,"column":2},"end":{"line":37,"column":40}}},"2":{"name":"init","line":42,"loc":{"start":{"line":42,"column":2},"end":{"line":42,"column":36}}}},"statementMap":{"1":{"start":{"line":38,"column":4},"end":{"line":38,"column":9}},"2":{"start":{"line":43,"column":4},"end":{"line":43,"column":90}},"3":{"start":{"line":43,"column":84},"end":{"line":43,"column":90}}},"branchMap":{"1":{"line":43,"type":"if","locations":[{"start":{"line":43,"column":4},"end":{"line":43,"column":4}},{"start":{"line":43,"column":4},"end":{"line":43,"column":4}}]}}},"contracts/ProposalsManager.sol":{"l":{"15":2,"19":41,"23":47,"27":40,"31":10,"35":31,"39":19,"43":12,"47":38,"51":1},"path":"/home/adxm/github/AventusProtocolFoundation/protocol/contracts/ProposalsManager.sol","s":{"1":2,"2":12,"3":38,"4":1},"b":{},"f":{"1":2,"2":41,"3":47,"4":40,"5":10,"6":31,"7":19,"8":12,"9":38,"10":1},"fnMap":{"1":{"name":"constructor","line":14,"loc":{"start":{"line":14,"column":2},"end":{"line":14,"column":40}}},"2":{"name":"createGovernanceProposal","line":18,"loc":{"start":{"line":18,"column":2},"end":{"line":18,"column":67}}},"3":{"name":"endGovernanceProposal","line":22,"loc":{"start":{"line":22,"column":2},"end":{"line":22,"column":59}}},"4":{"name":"castVote","line":26,"loc":{"start":{"line":26,"column":2},"end":{"line":26,"column":79}}},"5":{"name":"cancelVote","line":30,"loc":{"start":{"line":30,"column":2},"end":{"line":30,"column":48}}},"6":{"name":"revealVote","line":34,"loc":{"start":{"line":34,"column":2},"end":{"line":34,"column":92}}},"7":{"name":"claimVoterWinnings","line":38,"loc":{"start":{"line":38,"column":2},"end":{"line":38,"column":56}}},"8":{"name":"getGovernanceProposalDeposit","line":42,"loc":{"start":{"line":42,"column":2},"end":{"line":42,"column":87}}},"9":{"name":"getPrevTimeParamForCastVote","line":46,"loc":{"start":{"line":46,"column":2},"end":{"line":46,"column":95}}},"10":{"name":"getAventusTime","line":50,"loc":{"start":{"line":50,"column":2},"end":{"line":50,"column":62}}}},"statementMap":{"1":{"start":{"line":15,"column":4},"end":{"line":15,"column":9}},"2":{"start":{"line":43,"column":4},"end":{"line":43,"column":64}},"3":{"start":{"line":47,"column":4},"end":{"line":47,"column":69}},"4":{"start":{"line":51,"column":4},"end":{"line":51,"column":39}}},"branchMap":{}},"contracts/proxies/PAventities.sol":{"l":{"8":140},"path":"/home/adxm/github/AventusProtocolFoundation/protocol/contracts/proxies/PAventities.sol","s":{"1":140},"b":{},"f":{"1":140},"fnMap":{"1":{"name":"fallback","line":7,"loc":{"start":{"line":7,"column":2},"end":{"line":7,"column":22}}}},"statementMap":{"1":{"start":{"line":8,"column":4},"end":{"line":8,"column":44}}},"branchMap":{}},"contracts/proxies/PAventusTime.sol":{"l":{"8":317},"path":"/home/adxm/github/AventusProtocolFoundation/protocol/contracts/proxies/PAventusTime.sol","s":{"1":317},"b":{},"f":{"1":317},"fnMap":{"1":{"name":"fallback","line":7,"loc":{"start":{"line":7,"column":2},"end":{"line":7,"column":22}}}},"statementMap":{"1":{"start":{"line":8,"column":4},"end":{"line":8,"column":45}}},"branchMap":{}},"contracts/proxies/PAVTManager.sol":{"l":{"8":725},"path":"/home/adxm/github/AventusProtocolFoundation/protocol/contracts/proxies/PAVTManager.sol","s":{"1":725},"b":{},"f":{"1":725},"fnMap":{"1":{"name":"fallback","line":7,"loc":{"start":{"line":7,"column":2},"end":{"line":7,"column":22}}}},"statementMap":{"1":{"start":{"line":8,"column":4},"end":{"line":8,"column":44}}},"branchMap":{}},"contracts/proxies/PDelegate.sol":{"l":{"11":1836,"13":1836,"33":1836,"35":1836,"39":1836},"path":"/home/adxm/github/AventusProtocolFoundation/protocol/contracts/proxies/PDelegate.sol","s":{"1":1836,"2":1836},"b":{"1":[1836,0]},"f":{"1":1836,"2":1836},"fnMap":{"1":{"name":"delegatedFwd","line":10,"loc":{"start":{"line":10,"column":2},"end":{"line":10,"column":70}}},"2":{"name":"isContract","line":28,"loc":{"start":{"line":28,"column":2},"end":{"line":32,"column":3}}}},"statementMap":{"1":{"start":{"line":11,"column":4},"end":{"line":11,"column":27}},"2":{"start":{"line":39,"column":4},"end":{"line":39,"column":24}}},"branchMap":{"1":{"line":11,"type":"if","locations":[{"start":{"line":11,"column":4},"end":{"line":11,"column":4}},{"start":{"line":11,"column":4},"end":{"line":11,"column":4}}]}}},"contracts/proxies/PEvents.sol":{"l":{"8":123},"path":"/home/adxm/github/AventusProtocolFoundation/protocol/contracts/proxies/PEvents.sol","s":{"1":123},"b":{},"f":{"1":123},"fnMap":{"1":{"name":"fallback","line":7,"loc":{"start":{"line":7,"column":2},"end":{"line":7,"column":22}}}},"statementMap":{"1":{"start":{"line":8,"column":4},"end":{"line":8,"column":40}}},"branchMap":{}},"contracts/proxies/PLibraryDelegate.sol":{"l":{"12":1834,"14":1834,"21":1834,"22":1834},"path":"/home/adxm/github/AventusProtocolFoundation/protocol/contracts/proxies/PLibraryDelegate.sol","s":{"1":1834,"2":1834,"3":1834},"b":{"1":[1834,0]},"f":{"1":1834,"2":1834},"fnMap":{"1":{"name":"libraryDelegateFwd","line":9,"loc":{"start":{"line":9,"column":2},"end":{"line":9,"column":74}}},"2":{"name":"addressFromMsgData","line":20,"loc":{"start":{"line":20,"column":2},"end":{"line":20,"column":88}}}},"statementMap":{"1":{"start":{"line":12,"column":4},"end":{"line":12,"column":462}},"2":{"start":{"line":14,"column":4},"end":{"line":14,"column":33}},"3":{"start":{"line":21,"column":4},"end":{"line":21,"column":29}}},"branchMap":{"1":{"line":21,"type":"if","locations":[{"start":{"line":21,"column":4},"end":{"line":21,"column":4}},{"start":{"line":21,"column":4},"end":{"line":21,"column":4}}]}}},"contracts/proxies/PMembers.sol":{"l":{"8":172},"path":"/home/adxm/github/AventusProtocolFoundation/protocol/contracts/proxies/PMembers.sol","s":{"1":172},"b":{},"f":{"1":172},"fnMap":{"1":{"name":"fallback","line":7,"loc":{"start":{"line":7,"column":2},"end":{"line":7,"column":22}}}},"statementMap":{"1":{"start":{"line":8,"column":4},"end":{"line":8,"column":41}}},"branchMap":{}},"contracts/proxies/PMerkleRoots.sol":{"l":{"8":40},"path":"/home/adxm/github/AventusProtocolFoundation/protocol/contracts/proxies/PMerkleRoots.sol","s":{"1":40},"b":{},"f":{"1":40},"fnMap":{"1":{"name":"fallback","line":7,"loc":{"start":{"line":7,"column":2},"end":{"line":7,"column":22}}}},"statementMap":{"1":{"start":{"line":8,"column":4},"end":{"line":8,"column":45}}},"branchMap":{}},"contracts/proxies/PProposals.sol":{"l":{"8":317},"path":"/home/adxm/github/AventusProtocolFoundation/protocol/contracts/proxies/PProposals.sol","s":{"1":317},"b":{},"f":{"1":317},"fnMap":{"1":{"name":"fallback","line":7,"loc":{"start":{"line":7,"column":2},"end":{"line":7,"column":22}}}},"statementMap":{"1":{"start":{"line":8,"column":4},"end":{"line":8,"column":43}}},"branchMap":{}},"contracts/Versioned.sol":{"l":{"9":1,"13":1852},"path":"/home/adxm/github/AventusProtocolFoundation/protocol/contracts/Versioned.sol","s":{"1":1,"2":1852},"b":{},"f":{"1":1,"2":1852},"fnMap":{"1":{"name":"getVersion","line":8,"loc":{"start":{"line":8,"column":2},"end":{"line":8,"column":68}}},"2":{"name":"getVersionMajorMinor","line":12,"loc":{"start":{"line":12,"column":2},"end":{"line":12,"column":78}}}},"statementMap":{"1":{"start":{"line":9,"column":4},"end":{"line":9,"column":90}},"2":{"start":{"line":13,"column":4},"end":{"line":13,"column":71}}},"branchMap":{}}}