{"contracts\\AppsManager.sol":{"l":{"18":1,"25":220,"32":217,"47":9,"51":434},"path":"D:/github/AventusProtocolFoundation/protocol/contracts/AppsManager.sol","s":{"1":1,"2":9,"3":434},"b":{},"f":{"1":1,"2":220,"3":217,"4":0,"5":9,"6":434},"fnMap":{"1":{"name":null,"line":17,"loc":{"start":{"line":17,"column":4},"end":{"line":17,"column":40}}},"2":{"name":"registerApp","line":21,"loc":{"start":{"line":21,"column":4},"end":{"line":24,"column":5}}},"3":{"name":"deregisterApp","line":28,"loc":{"start":{"line":28,"column":4},"end":{"line":31,"column":5}}},"4":{"name":"challengeApp","line":35,"loc":{"start":{"line":35,"column":4},"end":{"line":38,"column":5}}},"5":{"name":"appIsRegistered","line":42,"loc":{"start":{"line":42,"column":4},"end":{"line":46,"column":5}}},"6":{"name":"getAppDeposit","line":50,"loc":{"start":{"line":50,"column":4},"end":{"line":50,"column":69}}}},"statementMap":{"1":{"start":{"line":18,"column":6},"end":{"line":18,"column":11}},"2":{"start":{"line":47,"column":6},"end":{"line":47,"column":82}},"3":{"start":{"line":51,"column":6},"end":{"line":51,"column":43}}},"branchMap":{}},"contracts\\AventusStorage.sol":{"l":{"14":7359,"15":7356,"61":0,"63":0,"65":0,"77":15480,"89":5652,"101":3,"113":2,"125":3,"137":2,"149":3,"161":2,"173":3,"185":2,"197":37,"209":19,"221":13,"233":210,"245":8385,"257":410,"269":3,"281":2,"293":91,"305":193,"317":3,"329":2,"341":3,"353":2,"365":1276,"377":846,"389":3,"401":2,"413":3,"425":2,"437":3,"449":2,"461":3,"473":2,"485":3,"497":2,"509":3,"521":2,"529":8385},"path":"D:/github/AventusProtocolFoundation/protocol/contracts/AventusStorage.sol","s":{"1":7359,"2":0,"3":0,"4":0,"5":15480,"6":5652,"7":3,"8":2,"9":3,"10":2,"11":3,"12":2,"13":3,"14":2,"15":37,"16":19,"17":13,"18":210,"19":8385,"20":410,"21":3,"22":2,"23":91,"24":193,"25":3,"26":2,"27":3,"28":2,"29":1276,"30":846,"31":3,"32":2,"33":3,"34":2,"35":3,"36":2,"37":3,"38":2,"39":3,"40":2,"41":3,"42":2,"43":8385},"b":{"1":[0,0]},"f":{"1":7359,"2":0,"3":15480,"4":5652,"5":3,"6":2,"7":3,"8":2,"9":3,"10":2,"11":3,"12":2,"13":37,"14":19,"15":13,"16":210,"17":8385,"18":410,"19":3,"20":2,"21":91,"22":193,"23":3,"24":2,"25":3,"26":2,"27":1276,"28":846,"29":3,"30":2,"31":3,"32":2,"33":3,"34":2,"35":3,"36":2,"37":3,"38":2,"39":3,"40":2,"41":8385},"fnMap":{"1":{"name":"hasUpdateAccess","line":13,"loc":{"start":{"line":13,"column":2},"end":{"line":13,"column":28}}},"2":{"name":null,"line":60,"loc":{"start":{"line":60,"column":2},"end":{"line":60,"column":30}}},"3":{"name":"getUInt","line":72,"loc":{"start":{"line":72,"column":2},"end":{"line":76,"column":3}}},"4":{"name":"setUInt","line":85,"loc":{"start":{"line":85,"column":2},"end":{"line":88,"column":3}}},"5":{"name":"getUInt128","line":96,"loc":{"start":{"line":96,"column":2},"end":{"line":100,"column":3}}},"6":{"name":"setUInt128","line":109,"loc":{"start":{"line":109,"column":2},"end":{"line":112,"column":3}}},"7":{"name":"getUInt64","line":120,"loc":{"start":{"line":120,"column":2},"end":{"line":124,"column":3}}},"8":{"name":"setUInt64","line":133,"loc":{"start":{"line":133,"column":2},"end":{"line":136,"column":3}}},"9":{"name":"getUInt32","line":144,"loc":{"start":{"line":144,"column":2},"end":{"line":148,"column":3}}},"10":{"name":"setUInt32","line":157,"loc":{"start":{"line":157,"column":2},"end":{"line":160,"column":3}}},"11":{"name":"getUInt16","line":168,"loc":{"start":{"line":168,"column":2},"end":{"line":172,"column":3}}},"12":{"name":"setUInt16","line":181,"loc":{"start":{"line":181,"column":2},"end":{"line":184,"column":3}}},"13":{"name":"getUInt8","line":192,"loc":{"start":{"line":192,"column":2},"end":{"line":196,"column":3}}},"14":{"name":"setUInt8","line":205,"loc":{"start":{"line":205,"column":2},"end":{"line":208,"column":3}}},"15":{"name":"getString","line":216,"loc":{"start":{"line":216,"column":2},"end":{"line":220,"column":3}}},"16":{"name":"setString","line":229,"loc":{"start":{"line":229,"column":2},"end":{"line":232,"column":3}}},"17":{"name":"getAddress","line":240,"loc":{"start":{"line":240,"column":2},"end":{"line":244,"column":3}}},"18":{"name":"setAddress","line":253,"loc":{"start":{"line":253,"column":2},"end":{"line":256,"column":3}}},"19":{"name":"getBytes","line":264,"loc":{"start":{"line":264,"column":2},"end":{"line":268,"column":3}}},"20":{"name":"setBytes","line":277,"loc":{"start":{"line":277,"column":2},"end":{"line":280,"column":3}}},"21":{"name":"getBytes32","line":288,"loc":{"start":{"line":288,"column":2},"end":{"line":292,"column":3}}},"22":{"name":"setBytes32","line":301,"loc":{"start":{"line":301,"column":2},"end":{"line":304,"column":3}}},"23":{"name":"getBytes16","line":312,"loc":{"start":{"line":312,"column":2},"end":{"line":316,"column":3}}},"24":{"name":"setBytes16","line":325,"loc":{"start":{"line":325,"column":2},"end":{"line":328,"column":3}}},"25":{"name":"getBytes8","line":336,"loc":{"start":{"line":336,"column":2},"end":{"line":340,"column":3}}},"26":{"name":"setBytes8","line":349,"loc":{"start":{"line":349,"column":2},"end":{"line":352,"column":3}}},"27":{"name":"getBoolean","line":360,"loc":{"start":{"line":360,"column":2},"end":{"line":364,"column":3}}},"28":{"name":"setBoolean","line":373,"loc":{"start":{"line":373,"column":2},"end":{"line":376,"column":3}}},"29":{"name":"getInt","line":384,"loc":{"start":{"line":384,"column":2},"end":{"line":388,"column":3}}},"30":{"name":"setInt","line":397,"loc":{"start":{"line":397,"column":2},"end":{"line":400,"column":3}}},"31":{"name":"getInt128","line":408,"loc":{"start":{"line":408,"column":2},"end":{"line":412,"column":3}}},"32":{"name":"setInt128","line":421,"loc":{"start":{"line":421,"column":2},"end":{"line":424,"column":3}}},"33":{"name":"getInt64","line":432,"loc":{"start":{"line":432,"column":2},"end":{"line":436,"column":3}}},"34":{"name":"setInt64","line":445,"loc":{"start":{"line":445,"column":2},"end":{"line":448,"column":3}}},"35":{"name":"getInt32","line":456,"loc":{"start":{"line":456,"column":2},"end":{"line":460,"column":3}}},"36":{"name":"setInt32","line":469,"loc":{"start":{"line":469,"column":2},"end":{"line":472,"column":3}}},"37":{"name":"getInt16","line":480,"loc":{"start":{"line":480,"column":2},"end":{"line":484,"column":3}}},"38":{"name":"setInt16","line":493,"loc":{"start":{"line":493,"column":2},"end":{"line":496,"column":3}}},"39":{"name":"getInt8","line":504,"loc":{"start":{"line":504,"column":2},"end":{"line":508,"column":3}}},"40":{"name":"setInt8","line":517,"loc":{"start":{"line":517,"column":2},"end":{"line":520,"column":3}}},"41":{"name":"doGetAddress","line":524,"loc":{"start":{"line":524,"column":2},"end":{"line":528,"column":3}}}},"statementMap":{"1":{"start":{"line":14,"column":4},"end":{"line":14,"column":20}},"2":{"start":{"line":61,"column":4},"end":{"line":61,"column":80}},"3":{"start":{"line":63,"column":4},"end":{"line":63,"column":23}},"4":{"start":{"line":65,"column":4},"end":{"line":65,"column":33}},"5":{"start":{"line":77,"column":4},"end":{"line":77,"column":23}},"6":{"start":{"line":89,"column":4},"end":{"line":89,"column":23}},"7":{"start":{"line":101,"column":4},"end":{"line":101,"column":26}},"8":{"start":{"line":113,"column":4},"end":{"line":113,"column":26}},"9":{"start":{"line":125,"column":4},"end":{"line":125,"column":25}},"10":{"start":{"line":137,"column":4},"end":{"line":137,"column":25}},"11":{"start":{"line":149,"column":4},"end":{"line":149,"column":25}},"12":{"start":{"line":161,"column":4},"end":{"line":161,"column":25}},"13":{"start":{"line":173,"column":4},"end":{"line":173,"column":25}},"14":{"start":{"line":185,"column":4},"end":{"line":185,"column":25}},"15":{"start":{"line":197,"column":4},"end":{"line":197,"column":24}},"16":{"start":{"line":209,"column":4},"end":{"line":209,"column":24}},"17":{"start":{"line":221,"column":4},"end":{"line":221,"column":25}},"18":{"start":{"line":233,"column":4},"end":{"line":233,"column":25}},"19":{"start":{"line":245,"column":4},"end":{"line":245,"column":31}},"20":{"start":{"line":257,"column":4},"end":{"line":257,"column":26}},"21":{"start":{"line":269,"column":4},"end":{"line":269,"column":24}},"22":{"start":{"line":281,"column":4},"end":{"line":281,"column":24}},"23":{"start":{"line":293,"column":4},"end":{"line":293,"column":26}},"24":{"start":{"line":305,"column":4},"end":{"line":305,"column":26}},"25":{"start":{"line":317,"column":4},"end":{"line":317,"column":26}},"26":{"start":{"line":329,"column":4},"end":{"line":329,"column":26}},"27":{"start":{"line":341,"column":4},"end":{"line":341,"column":25}},"28":{"start":{"line":353,"column":4},"end":{"line":353,"column":25}},"29":{"start":{"line":365,"column":4},"end":{"line":365,"column":26}},"30":{"start":{"line":377,"column":4},"end":{"line":377,"column":26}},"31":{"start":{"line":389,"column":4},"end":{"line":389,"column":22}},"32":{"start":{"line":401,"column":4},"end":{"line":401,"column":22}},"33":{"start":{"line":413,"column":4},"end":{"line":413,"column":25}},"34":{"start":{"line":425,"column":4},"end":{"line":425,"column":25}},"35":{"start":{"line":437,"column":4},"end":{"line":437,"column":24}},"36":{"start":{"line":449,"column":4},"end":{"line":449,"column":24}},"37":{"start":{"line":461,"column":4},"end":{"line":461,"column":24}},"38":{"start":{"line":473,"column":4},"end":{"line":473,"column":24}},"39":{"start":{"line":485,"column":4},"end":{"line":485,"column":24}},"40":{"start":{"line":497,"column":4},"end":{"line":497,"column":24}},"41":{"start":{"line":509,"column":4},"end":{"line":509,"column":23}},"42":{"start":{"line":521,"column":4},"end":{"line":521,"column":23}},"43":{"start":{"line":529,"column":4},"end":{"line":529,"column":26}}},"branchMap":{"1":{"line":63,"type":"if","locations":[{"start":{"line":63,"column":4},"end":{"line":63,"column":4}},{"start":{"line":63,"column":4},"end":{"line":63,"column":4}}]}}},"contracts\\AVTManager.sol":{"l":{"18":1,"22":529,"26":507,"30":0,"38":230},"path":"D:/github/AventusProtocolFoundation/protocol/contracts/AVTManager.sol","s":{"1":1,"2":230},"b":{},"f":{"1":1,"2":529,"3":507,"4":0,"5":230},"fnMap":{"1":{"name":null,"line":17,"loc":{"start":{"line":17,"column":2},"end":{"line":17,"column":40}}},"2":{"name":"withdraw","line":21,"loc":{"start":{"line":21,"column":2},"end":{"line":21,"column":56}}},"3":{"name":"deposit","line":25,"loc":{"start":{"line":25,"column":2},"end":{"line":25,"column":55}}},"4":{"name":"transfer","line":29,"loc":{"start":{"line":29,"column":2},"end":{"line":29,"column":92}}},"5":{"name":"getBalance","line":33,"loc":{"start":{"line":33,"column":2},"end":{"line":37,"column":3}}}},"statementMap":{"1":{"start":{"line":18,"column":4},"end":{"line":18,"column":9}},"2":{"start":{"line":38,"column":4},"end":{"line":38,"column":58}}},"branchMap":{}},"contracts\\EventsManager.sol":{"l":{"18":1,"26":120,"35":92,"40":39,"44":32,"48":175,"52":87,"56":92,"60":28,"64":30,"69":24,"75":24,"79":60,"83":18,"91":12,"99":229},"path":"D:/github/AventusProtocolFoundation/protocol/contracts/EventsManager.sol","s":{"1":1,"2":120,"3":92,"4":12,"5":229},"b":{},"f":{"1":1,"2":120,"3":92,"4":39,"5":32,"6":175,"7":87,"8":92,"9":28,"10":30,"11":24,"12":24,"13":60,"14":18,"15":12,"16":229},"fnMap":{"1":{"name":null,"line":17,"loc":{"start":{"line":17,"column":2},"end":{"line":17,"column":40}}},"2":{"name":"createEvent","line":21,"loc":{"start":{"line":21,"column":2},"end":{"line":25,"column":3}}},"3":{"name":"signedCreateEvent","line":30,"loc":{"start":{"line":30,"column":2},"end":{"line":34,"column":3}}},"4":{"name":"cancelEvent","line":39,"loc":{"start":{"line":39,"column":2},"end":{"line":39,"column":46}}},"5":{"name":"signedCancelEvent","line":43,"loc":{"start":{"line":43,"column":2},"end":{"line":43,"column":74}}},"6":{"name":"unlockEventDeposit","line":47,"loc":{"start":{"line":47,"column":2},"end":{"line":47,"column":53}}},"7":{"name":"sellTicket","line":51,"loc":{"start":{"line":51,"column":2},"end":{"line":51,"column":84}}},"8":{"name":"signedSellTicket","line":55,"loc":{"start":{"line":55,"column":2},"end":{"line":55,"column":112}}},"9":{"name":"refundTicket","line":59,"loc":{"start":{"line":59,"column":2},"end":{"line":59,"column":63}}},"10":{"name":"signedRefundTicket","line":63,"loc":{"start":{"line":63,"column":2},"end":{"line":63,"column":91}}},"11":{"name":"resellTicket","line":67,"loc":{"start":{"line":67,"column":2},"end":{"line":68,"column":14}}},"12":{"name":"signedResellTicket","line":72,"loc":{"start":{"line":72,"column":2},"end":{"line":74,"column":14}}},"13":{"name":"registerDelegate","line":78,"loc":{"start":{"line":78,"column":2},"end":{"line":78,"column":84}}},"14":{"name":"deregisterDelegate","line":82,"loc":{"start":{"line":82,"column":2},"end":{"line":82,"column":86}}},"15":{"name":"addressIsDelegate","line":86,"loc":{"start":{"line":86,"column":2},"end":{"line":90,"column":3}}},"16":{"name":"getEventDeposit","line":94,"loc":{"start":{"line":94,"column":2},"end":{"line":98,"column":3}}}},"statementMap":{"1":{"start":{"line":18,"column":4},"end":{"line":18,"column":9}},"2":{"start":{"line":26,"column":4},"end":{"line":26,"column":734}},"3":{"start":{"line":35,"column":4},"end":{"line":35,"column":1161}},"4":{"start":{"line":91,"column":4},"end":{"line":91,"column":73}},"5":{"start":{"line":99,"column":4},"end":{"line":99,"column":129}}},"branchMap":{}},"contracts\\interfaces\\IAppsManager.sol":{"l":{},"path":"D:/github/AventusProtocolFoundation/protocol/contracts/interfaces/IAppsManager.sol","s":{},"b":{},"f":{},"fnMap":{},"statementMap":{},"branchMap":{}},"contracts\\interfaces\\IAventusStorage.sol":{"l":{},"path":"D:/github/AventusProtocolFoundation/protocol/contracts/interfaces/IAventusStorage.sol","s":{},"b":{},"f":{},"fnMap":{},"statementMap":{},"branchMap":{}},"contracts\\interfaces\\IAVTManager.sol":{"l":{},"path":"D:/github/AventusProtocolFoundation/protocol/contracts/interfaces/IAVTManager.sol","s":{},"b":{},"f":{},"fnMap":{},"statementMap":{},"branchMap":{}},"contracts\\interfaces\\IERC20.sol":{"l":{},"path":"D:/github/AventusProtocolFoundation/protocol/contracts/interfaces/IERC20.sol","s":{},"b":{},"f":{},"fnMap":{},"statementMap":{},"branchMap":{}},"contracts\\interfaces\\IEventsManager.sol":{"l":{},"path":"D:/github/AventusProtocolFoundation/protocol/contracts/interfaces/IEventsManager.sol","s":{},"b":{},"f":{},"fnMap":{},"statementMap":{},"branchMap":{}},"contracts\\interfaces\\IProposalsManager.sol":{"l":{},"path":"D:/github/AventusProtocolFoundation/protocol/contracts/interfaces/IProposalsManager.sol","s":{},"b":{},"f":{},"fnMap":{},"statementMap":{},"branchMap":{}},"contracts\\libraries\\LApps.sol":{"l":{"14":220,"18":217,"19":217,"20":217,"21":217,"22":217,"23":217,"28":214,"29":214,"30":214,"34":217,"38":214,"39":214,"40":214,"41":214,"42":214,"43":214,"48":651,"49":651,"57":817},"path":"D:/github/AventusProtocolFoundation/protocol/contracts/libraries/LApps.sol","s":{"1":220,"2":217,"3":217,"4":217,"5":217,"6":217,"7":214,"8":217,"9":214,"10":214,"11":214,"12":214,"13":651,"14":651,"15":817},"b":{"1":[217,3],"2":[214,3],"3":[214,3],"4":[214,0]},"f":{"1":220,"2":217,"3":651,"4":817},"fnMap":{"1":{"name":"registerApp","line":13,"loc":{"start":{"line":13,"column":4},"end":{"line":13,"column":78}}},"2":{"name":"deregisterApp","line":33,"loc":{"start":{"line":33,"column":4},"end":{"line":33,"column":80}}},"3":{"name":"getAppDeposit","line":47,"loc":{"start":{"line":47,"column":4},"end":{"line":47,"column":91}}},"4":{"name":"appIsRegistered","line":52,"loc":{"start":{"line":52,"column":4},"end":{"line":56,"column":5}}}},"statementMap":{"1":{"start":{"line":14,"column":6},"end":{"line":14,"column":510}},"2":{"start":{"line":18,"column":6},"end":{"line":18,"column":95}},"3":{"start":{"line":19,"column":6},"end":{"line":19,"column":46}},"4":{"start":{"line":20,"column":6},"end":{"line":20,"column":79}},"5":{"start":{"line":22,"column":6},"end":{"line":22,"column":83}},"6":{"start":{"line":23,"column":6},"end":{"line":23,"column":1045}},"7":{"start":{"line":30,"column":6},"end":{"line":30,"column":40}},"8":{"start":{"line":34,"column":6},"end":{"line":34,"column":1522}},"9":{"start":{"line":38,"column":6},"end":{"line":38,"column":95}},"10":{"start":{"line":39,"column":6},"end":{"line":39,"column":107}},"11":{"start":{"line":40,"column":6},"end":{"line":40,"column":64}},"12":{"start":{"line":43,"column":6},"end":{"line":43,"column":42}},"13":{"start":{"line":48,"column":6},"end":{"line":48,"column":68}},"14":{"start":{"line":49,"column":6},"end":{"line":49,"column":75}},"15":{"start":{"line":57,"column":6},"end":{"line":57,"column":109}}},"branchMap":{"1":{"line":14,"type":"if","locations":[{"start":{"line":14,"column":6},"end":{"line":14,"column":6}},{"start":{"line":14,"column":6},"end":{"line":14,"column":6}}]},"2":{"line":23,"type":"if","locations":[{"start":{"line":23,"column":6},"end":{"line":23,"column":6}},{"start":{"line":23,"column":6},"end":{"line":23,"column":6}}]},"3":{"line":34,"type":"if","locations":[{"start":{"line":34,"column":6},"end":{"line":34,"column":6}},{"start":{"line":34,"column":6},"end":{"line":34,"column":6}}]},"4":{"line":40,"type":"if","locations":[{"start":{"line":40,"column":6},"end":{"line":40,"column":6}},{"start":{"line":40,"column":6},"end":{"line":40,"column":6}}]}}},"contracts\\libraries\\LAventusTime.sol":{"l":{"7":0},"path":"D:/github/AventusProtocolFoundation/protocol/contracts/libraries/LAventusTime.sol","s":{"1":0},"b":{},"f":{"1":0},"fnMap":{"1":{"name":"getCurrentTime","line":6,"loc":{"start":{"line":6,"column":4},"end":{"line":6,"column":77}}}},"statementMap":{"1":{"start":{"line":7,"column":8},"end":{"line":7,"column":18}}},"branchMap":{}},"contracts\\libraries\\LAVTManager.sol":{"l":{"20":527,"21":527,"22":527,"26":526,"33":529,"34":37,"39":492,"43":492,"49":517,"51":516,"52":516,"57":516,"58":516,"62":529,"63":529,"64":529,"68":529,"75":507,"76":34,"81":473,"87":501,"89":501,"90":501,"95":501,"96":501,"100":0,"101":0,"106":0,"110":0,"116":0,"117":0,"123":0,"132":725,"136":1121,"137":1121,"143":0,"149":0,"150":0,"151":0,"155":0,"158":0,"159":0,"169":1017,"171":1017,"172":501,"174":516,"176":1017,"189":71,"191":71,"204":492,"205":492,"206":492,"212":491},"path":"D:/github/AventusProtocolFoundation/protocol/contracts/libraries/LAVTManager.sol","s":{"1":527,"2":527,"3":527,"4":529,"5":37,"6":492,"7":492,"8":517,"9":516,"10":516,"11":516,"12":516,"13":529,"14":529,"15":529,"16":507,"17":34,"18":473,"19":501,"20":501,"21":501,"22":501,"23":501,"24":0,"25":0,"26":0,"27":0,"28":0,"29":0,"30":0,"31":725,"32":1121,"33":1121,"34":0,"35":0,"36":0,"37":0,"38":0,"39":1017,"40":1017,"41":501,"42":516,"43":71,"44":71,"45":46,"46":25,"47":13,"48":12,"49":492,"50":492,"51":492,"52":491},"b":{"1":[526,1],"2":[37,492],"3":[31,6],"4":[492,0],"5":[486,6],"6":[516,0],"7":[529,0],"8":[34,473],"9":[28,6],"10":[473,0],"11":[501,0],"12":[0,0],"13":[0,0],"14":[0,0],"15":[0,0],"16":[0,0],"17":[0,0],"18":[0,0],"19":[0,0],"20":[501,516],"21":[46,25],"22":[13,12],"23":[491,1]},"f":{"1":527,"2":529,"3":529,"4":507,"5":0,"6":725,"7":1121,"8":0,"9":1017,"10":71,"11":492},"fnMap":{"1":{"name":"decreaseFund","line":19,"loc":{"start":{"line":19,"column":2},"end":{"line":19,"column":106}}},"2":{"name":"withdraw","line":30,"loc":{"start":{"line":30,"column":2},"end":{"line":32,"column":3}}},"3":{"name":"increaseFund","line":61,"loc":{"start":{"line":61,"column":2},"end":{"line":61,"column":105}}},"4":{"name":"deposit","line":72,"loc":{"start":{"line":72,"column":2},"end":{"line":74,"column":3}}},"5":{"name":"transfer","line":99,"loc":{"start":{"line":99,"column":2},"end":{"line":99,"column":118}}},"6":{"name":"getBalance","line":127,"loc":{"start":{"line":127,"column":2},"end":{"line":131,"column":3}}},"7":{"name":"getAVTDecimals","line":135,"loc":{"start":{"line":135,"column":2},"end":{"line":135,"column":108}}},"8":{"name":"doTransfer","line":142,"loc":{"start":{"line":142,"column":2},"end":{"line":142,"column":145}}},"9":{"name":"updateBalance","line":168,"loc":{"start":{"line":168,"column":2},"end":{"line":168,"column":89}}},"10":{"name":"stakeChangeIsBlocked","line":184,"loc":{"start":{"line":184,"column":2},"end":{"line":188,"column":3}}},"11":{"name":"depositWithdrawlIsBlocked","line":199,"loc":{"start":{"line":199,"column":2},"end":{"line":203,"column":3}}}},"statementMap":{"1":{"start":{"line":20,"column":4},"end":{"line":20,"column":76}},"2":{"start":{"line":21,"column":4},"end":{"line":21,"column":43}},"3":{"start":{"line":22,"column":4},"end":{"line":22,"column":1094}},"4":{"start":{"line":33,"column":4},"end":{"line":33,"column":1400}},"5":{"start":{"line":34,"column":6},"end":{"line":34,"column":1468}},"6":{"start":{"line":39,"column":6},"end":{"line":39,"column":1610}},"7":{"start":{"line":43,"column":6},"end":{"line":43,"column":1765}},"8":{"start":{"line":49,"column":4},"end":{"line":49,"column":53}},"9":{"start":{"line":51,"column":4},"end":{"line":51,"column":66}},"10":{"start":{"line":52,"column":4},"end":{"line":52,"column":2042}},"11":{"start":{"line":57,"column":4},"end":{"line":57,"column":42}},"12":{"start":{"line":58,"column":4},"end":{"line":58,"column":48}},"13":{"start":{"line":62,"column":4},"end":{"line":62,"column":74}},"14":{"start":{"line":63,"column":4},"end":{"line":63,"column":43}},"15":{"start":{"line":64,"column":4},"end":{"line":64,"column":2517}},"16":{"start":{"line":75,"column":4},"end":{"line":75,"column":2803}},"17":{"start":{"line":76,"column":6},"end":{"line":76,"column":2871}},"18":{"start":{"line":81,"column":6},"end":{"line":81,"column":3028}},"19":{"start":{"line":87,"column":4},"end":{"line":87,"column":53}},"20":{"start":{"line":89,"column":4},"end":{"line":89,"column":66}},"21":{"start":{"line":90,"column":4},"end":{"line":90,"column":3316}},"22":{"start":{"line":95,"column":4},"end":{"line":95,"column":41}},"23":{"start":{"line":96,"column":4},"end":{"line":96,"column":47}},"24":{"start":{"line":100,"column":4},"end":{"line":100,"column":3688}},"25":{"start":{"line":101,"column":6},"end":{"line":101,"column":3756}},"26":{"start":{"line":106,"column":6},"end":{"line":106,"column":3900}},"27":{"start":{"line":110,"column":6},"end":{"line":110,"column":4062}},"28":{"start":{"line":116,"column":4},"end":{"line":116,"column":4212}},"29":{"start":{"line":117,"column":6},"end":{"line":117,"column":4282}},"30":{"start":{"line":123,"column":4},"end":{"line":123,"column":72}},"31":{"start":{"line":132,"column":4},"end":{"line":132,"column":89}},"32":{"start":{"line":136,"column":4},"end":{"line":136,"column":62}},"33":{"start":{"line":137,"column":4},"end":{"line":137,"column":57}},"34":{"start":{"line":143,"column":4},"end":{"line":143,"column":5336}},"35":{"start":{"line":149,"column":4},"end":{"line":149,"column":84}},"36":{"start":{"line":150,"column":4},"end":{"line":150,"column":54}},"37":{"start":{"line":151,"column":4},"end":{"line":151,"column":5620}},"38":{"start":{"line":158,"column":4},"end":{"line":158,"column":78}},"39":{"start":{"line":169,"column":4},"end":{"line":169,"column":52}},"40":{"start":{"line":171,"column":4},"end":{"line":171,"column":6391}},"41":{"start":{"line":172,"column":6},"end":{"line":172,"column":23}},"42":{"start":{"line":174,"column":6},"end":{"line":174,"column":23}},"43":{"start":{"line":189,"column":4},"end":{"line":189,"column":113}},"44":{"start":{"line":191,"column":4},"end":{"line":191,"column":6964}},"45":{"start":{"line":192,"column":6},"end":{"line":192,"column":21}},"46":{"start":{"line":193,"column":9},"end":{"line":193,"column":7045}},"47":{"start":{"line":194,"column":6},"end":{"line":194,"column":21}},"48":{"start":{"line":196,"column":6},"end":{"line":196,"column":20}},"49":{"start":{"line":204,"column":6},"end":{"line":204,"column":110}},"50":{"start":{"line":205,"column":6},"end":{"line":205,"column":110}},"51":{"start":{"line":206,"column":6},"end":{"line":206,"column":7653}},"52":{"start":{"line":212,"column":6},"end":{"line":212,"column":59}}},"branchMap":{"1":{"line":22,"type":"if","locations":[{"start":{"line":22,"column":4},"end":{"line":22,"column":4}},{"start":{"line":22,"column":4},"end":{"line":22,"column":4}}]},"2":{"line":33,"type":"if","locations":[{"start":{"line":33,"column":4},"end":{"line":33,"column":4}},{"start":{"line":33,"column":4},"end":{"line":33,"column":4}}]},"3":{"line":34,"type":"if","locations":[{"start":{"line":34,"column":6},"end":{"line":34,"column":6}},{"start":{"line":34,"column":6},"end":{"line":34,"column":6}}]},"4":{"line":39,"type":"if","locations":[{"start":{"line":39,"column":6},"end":{"line":39,"column":6}},{"start":{"line":39,"column":6},"end":{"line":39,"column":6}}]},"5":{"line":43,"type":"if","locations":[{"start":{"line":43,"column":6},"end":{"line":43,"column":6}},{"start":{"line":43,"column":6},"end":{"line":43,"column":6}}]},"6":{"line":52,"type":"if","locations":[{"start":{"line":52,"column":4},"end":{"line":52,"column":4}},{"start":{"line":52,"column":4},"end":{"line":52,"column":4}}]},"7":{"line":64,"type":"if","locations":[{"start":{"line":64,"column":4},"end":{"line":64,"column":4}},{"start":{"line":64,"column":4},"end":{"line":64,"column":4}}]},"8":{"line":75,"type":"if","locations":[{"start":{"line":75,"column":4},"end":{"line":75,"column":4}},{"start":{"line":75,"column":4},"end":{"line":75,"column":4}}]},"9":{"line":76,"type":"if","locations":[{"start":{"line":76,"column":6},"end":{"line":76,"column":6}},{"start":{"line":76,"column":6},"end":{"line":76,"column":6}}]},"10":{"line":81,"type":"if","locations":[{"start":{"line":81,"column":6},"end":{"line":81,"column":6}},{"start":{"line":81,"column":6},"end":{"line":81,"column":6}}]},"11":{"line":90,"type":"if","locations":[{"start":{"line":90,"column":4},"end":{"line":90,"column":4}},{"start":{"line":90,"column":4},"end":{"line":90,"column":4}}]},"12":{"line":100,"type":"if","locations":[{"start":{"line":100,"column":4},"end":{"line":100,"column":4}},{"start":{"line":100,"column":4},"end":{"line":100,"column":4}}]},"13":{"line":101,"type":"if","locations":[{"start":{"line":101,"column":6},"end":{"line":101,"column":6}},{"start":{"line":101,"column":6},"end":{"line":101,"column":6}}]},"14":{"line":106,"type":"if","locations":[{"start":{"line":106,"column":6},"end":{"line":106,"column":6}},{"start":{"line":106,"column":6},"end":{"line":106,"column":6}}]},"15":{"line":110,"type":"if","locations":[{"start":{"line":110,"column":6},"end":{"line":110,"column":6}},{"start":{"line":110,"column":6},"end":{"line":110,"column":6}}]},"16":{"line":116,"type":"if","locations":[{"start":{"line":116,"column":4},"end":{"line":116,"column":4}},{"start":{"line":116,"column":4},"end":{"line":116,"column":4}}]},"17":{"line":117,"type":"if","locations":[{"start":{"line":117,"column":6},"end":{"line":117,"column":6}},{"start":{"line":117,"column":6},"end":{"line":117,"column":6}}]},"18":{"line":143,"type":"if","locations":[{"start":{"line":143,"column":4},"end":{"line":143,"column":4}},{"start":{"line":143,"column":4},"end":{"line":143,"column":4}}]},"19":{"line":151,"type":"if","locations":[{"start":{"line":151,"column":4},"end":{"line":151,"column":4}},{"start":{"line":151,"column":4},"end":{"line":151,"column":4}}]},"20":{"line":171,"type":"if","locations":[{"start":{"line":171,"column":4},"end":{"line":171,"column":4}},{"start":{"line":171,"column":4},"end":{"line":171,"column":4}}]},"21":{"line":191,"type":"if","locations":[{"start":{"line":191,"column":4},"end":{"line":191,"column":4}},{"start":{"line":191,"column":4},"end":{"line":191,"column":4}}]},"22":{"line":193,"type":"if","locations":[{"start":{"line":193,"column":9},"end":{"line":193,"column":9}},{"start":{"line":193,"column":9},"end":{"line":193,"column":9}}]},"23":{"line":206,"type":"if","locations":[{"start":{"line":206,"column":6},"end":{"line":206,"column":6}},{"start":{"line":206,"column":6},"end":{"line":206,"column":6}}]}}},"contracts\\libraries\\LEvents.sol":{"l":{"28":117,"32":101,"36":328,"40":311,"44":70,"49":70,"57":120,"60":116,"67":27,"68":19,"75":28,"76":28,"77":28,"78":28,"79":28,"83":16,"84":10,"90":175,"91":171,"97":87,"98":62,"106":88,"107":88,"108":88,"109":88,"111":88,"112":64,"118":28,"119":11,"126":26,"127":26,"128":26,"129":26,"131":26,"132":10,"138":24,"139":16,"140":6,"148":24,"149":24,"150":24,"151":24,"153":24,"154":16,"155":6,"159":48,"160":48,"161":48,"162":48,"163":48,"167":48,"186":54,"187":54,"202":16,"203":10,"204":10,"210":10,"215":7,"219":3,"221":3,"231":25,"242":91,"246":91,"247":91,"248":91,"249":91,"254":90,"258":87,"262":13,"278":28,"286":229,"295":38,"299":257},"path":"D:/github/AventusProtocolFoundation/protocol/contracts/libraries/LEvents.sol","s":{"1":117,"2":328,"3":70,"4":120,"5":116,"6":19,"7":28,"8":28,"9":28,"10":28,"11":28,"12":10,"13":171,"14":87,"15":62,"16":88,"17":88,"18":88,"19":88,"20":88,"21":64,"22":11,"23":26,"24":26,"25":26,"26":26,"27":10,"28":24,"29":6,"30":24,"31":24,"32":24,"33":24,"34":24,"35":6,"36":48,"37":48,"38":48,"39":48,"40":48,"41":48,"42":54,"43":16,"44":10,"45":25,"46":91,"47":91,"48":91,"49":91,"50":91,"51":90,"52":87,"53":13,"54":28,"55":229,"56":38,"57":257},"b":{"1":[101,16],"2":[311,17],"3":[70,0],"4":[16,12],"5":[32,16],"6":[10,6],"7":[90,1],"8":[257,0]},"f":{"1":117,"2":328,"3":70,"4":120,"5":27,"6":28,"7":175,"8":87,"9":88,"10":28,"11":26,"12":24,"13":24,"14":48,"15":48,"16":54,"17":16,"18":10,"19":7,"20":3,"21":25,"22":91,"23":13,"24":28,"25":229,"26":38,"27":257},"fnMap":{"1":{"name":"onlyEventOwner","line":27,"loc":{"start":{"line":27,"column":2},"end":{"line":27,"column":66}}},"2":{"name":"addressIsWhitelisted","line":35,"loc":{"start":{"line":35,"column":2},"end":{"line":35,"column":76}}},"3":{"name":"validDelegateRole","line":43,"loc":{"start":{"line":43,"column":2},"end":{"line":43,"column":68}}},"4":{"name":"createEvent","line":52,"loc":{"start":{"line":52,"column":2},"end":{"line":56,"column":3}}},"5":{"name":"cancelEvent","line":63,"loc":{"start":{"line":63,"column":2},"end":{"line":66,"column":3}}},"6":{"name":"signedCancelEvent","line":71,"loc":{"start":{"line":71,"column":2},"end":{"line":74,"column":3}}},"7":{"name":"unlockEventDeposit","line":87,"loc":{"start":{"line":87,"column":2},"end":{"line":89,"column":3}}},"8":{"name":"sellTicket","line":94,"loc":{"start":{"line":94,"column":2},"end":{"line":96,"column":3}}},"9":{"name":"signedSellTicket","line":101,"loc":{"start":{"line":101,"column":2},"end":{"line":105,"column":3}}},"10":{"name":"refundTicket","line":115,"loc":{"start":{"line":115,"column":2},"end":{"line":117,"column":3}}},"11":{"name":"signedRefundTicket","line":122,"loc":{"start":{"line":122,"column":2},"end":{"line":125,"column":3}}},"12":{"name":"resellTicket","line":135,"loc":{"start":{"line":135,"column":2},"end":{"line":137,"column":3}}},"13":{"name":"signedResellTicket","line":143,"loc":{"start":{"line":143,"column":2},"end":{"line":147,"column":3}}},"14":{"name":"ownerPermissionCheck","line":158,"loc":{"start":{"line":158,"column":3},"end":{"line":158,"column":125}}},"15":{"name":"addressMatch","line":166,"loc":{"start":{"line":166,"column":3},"end":{"line":166,"column":69}}},"16":{"name":"registerDelegate","line":180,"loc":{"start":{"line":180,"column":2},"end":{"line":185,"column":3}}},"17":{"name":"deregisterDelegate","line":197,"loc":{"start":{"line":197,"column":2},"end":{"line":201,"column":3}}},"18":{"name":"setEventAsChallenged","line":208,"loc":{"start":{"line":208,"column":2},"end":{"line":209,"column":14}}},"19":{"name":"setEventAsClearFromChallenge","line":213,"loc":{"start":{"line":213,"column":2},"end":{"line":214,"column":14}}},"20":{"name":"setEventStatusFraudulent","line":218,"loc":{"start":{"line":218,"column":2},"end":{"line":218,"column":85}}},"21":{"name":"getExistingEventDeposit","line":230,"loc":{"start":{"line":230,"column":2},"end":{"line":230,"column":118}}},"22":{"name":"signedCreateEvent","line":235,"loc":{"start":{"line":235,"column":2},"end":{"line":241,"column":3}}},"23":{"name":"eventIsNotUnderChallenge","line":261,"loc":{"start":{"line":261,"column":2},"end":{"line":261,"column":122}}},"24":{"name":"addressIsDelegate","line":273,"loc":{"start":{"line":273,"column":2},"end":{"line":277,"column":3}}},"25":{"name":"getEventDeposit","line":281,"loc":{"start":{"line":281,"column":2},"end":{"line":285,"column":3}}},"26":{"name":"getEventOwner","line":290,"loc":{"start":{"line":290,"column":2},"end":{"line":294,"column":3}}},"27":{"name":"checkNotMsgSender","line":298,"loc":{"start":{"line":298,"column":2},"end":{"line":298,"column":59}}}},"statementMap":{"1":{"start":{"line":28,"column":4},"end":{"line":28,"column":1566}},"2":{"start":{"line":36,"column":4},"end":{"line":36,"column":1794}},"3":{"start":{"line":44,"column":4},"end":{"line":44,"column":2007}},"4":{"start":{"line":57,"column":4},"end":{"line":57,"column":2506}},"5":{"start":{"line":60,"column":4},"end":{"line":60,"column":110}},"6":{"start":{"line":68,"column":4},"end":{"line":68,"column":39}},"7":{"start":{"line":75,"column":4},"end":{"line":75,"column":58}},"8":{"start":{"line":76,"column":4},"end":{"line":76,"column":56}},"9":{"start":{"line":77,"column":4},"end":{"line":77,"column":64}},"10":{"start":{"line":78,"column":4},"end":{"line":78,"column":28}},"11":{"start":{"line":79,"column":4},"end":{"line":79,"column":3384}},"12":{"start":{"line":84,"column":4},"end":{"line":84,"column":45}},"13":{"start":{"line":91,"column":4},"end":{"line":91,"column":40}},"14":{"start":{"line":97,"column":4},"end":{"line":97,"column":100}},"15":{"start":{"line":98,"column":4},"end":{"line":98,"column":50}},"16":{"start":{"line":106,"column":4},"end":{"line":106,"column":82}},"17":{"start":{"line":107,"column":4},"end":{"line":107,"column":56}},"18":{"start":{"line":108,"column":4},"end":{"line":108,"column":64}},"19":{"start":{"line":109,"column":4},"end":{"line":109,"column":28}},"20":{"start":{"line":111,"column":4},"end":{"line":111,"column":96}},"21":{"start":{"line":112,"column":4},"end":{"line":112,"column":56}},"22":{"start":{"line":119,"column":4},"end":{"line":119,"column":45}},"23":{"start":{"line":126,"column":4},"end":{"line":126,"column":69}},"24":{"start":{"line":127,"column":4},"end":{"line":127,"column":56}},"25":{"start":{"line":128,"column":4},"end":{"line":128,"column":64}},"26":{"start":{"line":129,"column":4},"end":{"line":129,"column":28}},"27":{"start":{"line":132,"column":4},"end":{"line":132,"column":51}},"28":{"start":{"line":138,"column":4},"end":{"line":138,"column":72}},"29":{"start":{"line":140,"column":4},"end":{"line":140,"column":56}},"30":{"start":{"line":148,"column":4},"end":{"line":148,"column":98}},"31":{"start":{"line":149,"column":4},"end":{"line":149,"column":56}},"32":{"start":{"line":150,"column":4},"end":{"line":150,"column":64}},"33":{"start":{"line":151,"column":4},"end":{"line":151,"column":28}},"34":{"start":{"line":153,"column":4},"end":{"line":153,"column":72}},"35":{"start":{"line":155,"column":4},"end":{"line":155,"column":62}},"36":{"start":{"line":159,"column":5},"end":{"line":159,"column":124}},"37":{"start":{"line":160,"column":5},"end":{"line":160,"column":84}},"38":{"start":{"line":161,"column":5},"end":{"line":161,"column":57}},"39":{"start":{"line":162,"column":5},"end":{"line":162,"column":67}},"40":{"start":{"line":163,"column":5},"end":{"line":163,"column":38}},"41":{"start":{"line":167,"column":5},"end":{"line":167,"column":7210}},"42":{"start":{"line":187,"column":4},"end":{"line":187,"column":56}},"43":{"start":{"line":202,"column":4},"end":{"line":202,"column":8452}},"44":{"start":{"line":204,"column":6},"end":{"line":204,"column":60}},"45":{"start":{"line":231,"column":4},"end":{"line":231,"column":76}},"46":{"start":{"line":242,"column":4},"end":{"line":242,"column":10352}},"47":{"start":{"line":246,"column":4},"end":{"line":246,"column":56}},"48":{"start":{"line":247,"column":4},"end":{"line":247,"column":64}},"49":{"start":{"line":248,"column":4},"end":{"line":248,"column":28}},"50":{"start":{"line":249,"column":4},"end":{"line":249,"column":10703}},"51":{"start":{"line":254,"column":4},"end":{"line":254,"column":10823}},"52":{"start":{"line":258,"column":4},"end":{"line":258,"column":116}},"53":{"start":{"line":262,"column":4},"end":{"line":262,"column":82}},"54":{"start":{"line":278,"column":4},"end":{"line":278,"column":86}},"55":{"start":{"line":286,"column":4},"end":{"line":286,"column":12218}},"56":{"start":{"line":295,"column":4},"end":{"line":295,"column":64}},"57":{"start":{"line":299,"column":4},"end":{"line":299,"column":12631}}},"branchMap":{"1":{"line":28,"type":"if","locations":[{"start":{"line":28,"column":4},"end":{"line":28,"column":4}},{"start":{"line":28,"column":4},"end":{"line":28,"column":4}}]},"2":{"line":36,"type":"if","locations":[{"start":{"line":36,"column":4},"end":{"line":36,"column":4}},{"start":{"line":36,"column":4},"end":{"line":36,"column":4}}]},"3":{"line":44,"type":"if","locations":[{"start":{"line":44,"column":4},"end":{"line":44,"column":4}},{"start":{"line":44,"column":4},"end":{"line":44,"column":4}}]},"4":{"line":79,"type":"if","locations":[{"start":{"line":79,"column":4},"end":{"line":79,"column":4}},{"start":{"line":79,"column":4},"end":{"line":79,"column":4}}]},"5":{"line":167,"type":"if","locations":[{"start":{"line":167,"column":5},"end":{"line":167,"column":5}},{"start":{"line":167,"column":5},"end":{"line":167,"column":5}}]},"6":{"line":202,"type":"if","locations":[{"start":{"line":202,"column":4},"end":{"line":202,"column":4}},{"start":{"line":202,"column":4},"end":{"line":202,"column":4}}]},"7":{"line":249,"type":"if","locations":[{"start":{"line":249,"column":4},"end":{"line":249,"column":4}},{"start":{"line":249,"column":4},"end":{"line":249,"column":4}}]},"8":{"line":299,"type":"if","locations":[{"start":{"line":299,"column":4},"end":{"line":299,"column":4}},{"start":{"line":299,"column":4},"end":{"line":299,"column":4}}]}}},"contracts\\libraries\\LEventsCommon.sol":{"l":{"16":47,"17":46,"24":210,"26":210,"28":210,"29":210,"30":210,"36":208,"40":206,"44":205,"49":205,"57":490,"61":261,"81":434,"82":434,"98":96,"103":378,"111":621,"115":230,"119":408,"130":301,"135":138,"136":138,"137":138,"138":138,"140":138,"153":434},"path":"D:/github/AventusProtocolFoundation/protocol/contracts/libraries/LEventsCommon.sol","s":{"1":47,"2":46,"3":210,"4":210,"5":210,"6":210,"7":210,"8":208,"9":206,"10":205,"11":490,"12":261,"13":434,"14":434,"15":96,"16":378,"17":621,"18":230,"19":408,"20":301,"21":138,"22":138,"23":138,"24":138,"25":138,"26":434},"b":{"1":[46,1],"2":[210,0],"3":[208,2],"4":[206,2],"5":[205,1],"6":[205,0],"7":[209,52],"8":[134,4]},"f":{"1":47,"2":210,"3":490,"4":261,"5":434,"6":96,"7":378,"8":621,"9":230,"10":408,"11":301,"12":138,"13":434},"fnMap":{"1":{"name":"eventIsNotUnderChallenge","line":14,"loc":{"start":{"line":14,"column":2},"end":{"line":14,"column":124}}},"2":{"name":"validateEventCreation","line":20,"loc":{"start":{"line":20,"column":2},"end":{"line":23,"column":3}}},"3":{"name":"eventValid","line":52,"loc":{"start":{"line":52,"column":2},"end":{"line":56,"column":3}}},"4":{"name":"checkOwnerOrDelegateByRole","line":60,"loc":{"start":{"line":60,"column":2},"end":{"line":60,"column":137}}},"5":{"name":"getEventDeposit","line":76,"loc":{"start":{"line":76,"column":2},"end":{"line":80,"column":3}}},"6":{"name":"addressIsDelegate","line":93,"loc":{"start":{"line":93,"column":2},"end":{"line":97,"column":3}}},"7":{"name":"addressIsOwner","line":102,"loc":{"start":{"line":102,"column":2},"end":{"line":102,"column":118}}},"8":{"name":"getEventOwner","line":106,"loc":{"start":{"line":106,"column":2},"end":{"line":110,"column":3}}},"9":{"name":"getExistingEventDeposit","line":114,"loc":{"start":{"line":114,"column":2},"end":{"line":114,"column":118}}},"10":{"name":"getEventCountKey","line":118,"loc":{"start":{"line":118,"column":2},"end":{"line":118,"column":66}}},"11":{"name":"hashEventParameters","line":122,"loc":{"start":{"line":122,"column":2},"end":{"line":127,"column":3}}},"12":{"name":"checkEventOverCapacity","line":134,"loc":{"start":{"line":134,"column":2},"end":{"line":134,"column":117}}},"13":{"name":"getDepositInUSCents","line":146,"loc":{"start":{"line":146,"column":2},"end":{"line":150,"column":3}}}},"statementMap":{"1":{"start":{"line":16,"column":4},"end":{"line":16,"column":65}},"2":{"start":{"line":17,"column":4},"end":{"line":17,"column":106}},"3":{"start":{"line":24,"column":4},"end":{"line":24,"column":1327}},"4":{"start":{"line":26,"column":4},"end":{"line":26,"column":84}},"5":{"start":{"line":28,"column":4},"end":{"line":28,"column":101}},"6":{"start":{"line":29,"column":4},"end":{"line":29,"column":42}},"7":{"start":{"line":30,"column":4},"end":{"line":30,"column":1684}},"8":{"start":{"line":36,"column":4},"end":{"line":36,"column":1983}},"9":{"start":{"line":40,"column":4},"end":{"line":40,"column":2100}},"10":{"start":{"line":44,"column":4},"end":{"line":44,"column":2215}},"11":{"start":{"line":57,"column":4},"end":{"line":57,"column":74}},"12":{"start":{"line":61,"column":4},"end":{"line":61,"column":2737}},"13":{"start":{"line":81,"column":4},"end":{"line":81,"column":115}},"14":{"start":{"line":82,"column":4},"end":{"line":82,"column":82}},"15":{"start":{"line":98,"column":4},"end":{"line":98,"column":4392}},"16":{"start":{"line":103,"column":4},"end":{"line":103,"column":57}},"17":{"start":{"line":111,"column":4},"end":{"line":111,"column":93}},"18":{"start":{"line":115,"column":4},"end":{"line":115,"column":94}},"19":{"start":{"line":119,"column":4},"end":{"line":119,"column":23}},"20":{"start":{"line":130,"column":4},"end":{"line":130,"column":5784}},"21":{"start":{"line":135,"column":4},"end":{"line":135,"column":95}},"22":{"start":{"line":136,"column":4},"end":{"line":136,"column":97}},"23":{"start":{"line":137,"column":4},"end":{"line":137,"column":117}},"24":{"start":{"line":138,"column":4},"end":{"line":138,"column":20}},"25":{"start":{"line":140,"column":4},"end":{"line":140,"column":6401}},"26":{"start":{"line":153,"column":4},"end":{"line":153,"column":6959}}},"branchMap":{"1":{"line":16,"type":"if","locations":[{"start":{"line":16,"column":4},"end":{"line":16,"column":4}},{"start":{"line":16,"column":4},"end":{"line":16,"column":4}}]},"2":{"line":29,"type":"if","locations":[{"start":{"line":29,"column":4},"end":{"line":29,"column":4}},{"start":{"line":29,"column":4},"end":{"line":29,"column":4}}]},"3":{"line":30,"type":"if","locations":[{"start":{"line":30,"column":4},"end":{"line":30,"column":4}},{"start":{"line":30,"column":4},"end":{"line":30,"column":4}}]},"4":{"line":36,"type":"if","locations":[{"start":{"line":36,"column":4},"end":{"line":36,"column":4}},{"start":{"line":36,"column":4},"end":{"line":36,"column":4}}]},"5":{"line":40,"type":"if","locations":[{"start":{"line":40,"column":4},"end":{"line":40,"column":4}},{"start":{"line":40,"column":4},"end":{"line":40,"column":4}}]},"6":{"line":44,"type":"if","locations":[{"start":{"line":44,"column":4},"end":{"line":44,"column":4}},{"start":{"line":44,"column":4},"end":{"line":44,"column":4}}]},"7":{"line":61,"type":"if","locations":[{"start":{"line":61,"column":4},"end":{"line":61,"column":4}},{"start":{"line":61,"column":4},"end":{"line":61,"column":4}}]},"8":{"line":140,"type":"if","locations":[{"start":{"line":140,"column":4},"end":{"line":140,"column":4}},{"start":{"line":140,"column":4},"end":{"line":140,"column":4}}]}}},"contracts\\libraries\\LEventsEnact.sol":{"l":{"7":229,"8":185,"12":32,"13":24,"17":50,"21":45,"25":37,"29":33,"33":186,"37":172,"41":207,"45":205,"49":443,"53":443,"57":175,"58":175,"62":163,"66":159,"70":33,"71":33,"72":33,"76":29,"80":34,"84":33,"99":21,"100":21,"101":21,"102":21,"103":21,"104":21,"118":29,"119":29,"138":12,"160":210,"162":205,"164":205,"165":205,"166":205,"169":205,"170":205,"171":205,"176":203,"177":203,"178":203,"179":203,"180":203,"181":203,"182":203,"189":205,"190":205,"191":205,"192":205,"196":203,"197":203,"198":203,"220":138,"222":134,"223":134,"225":126,"226":126,"227":126,"231":21,"235":134,"239":126,"243":21,"247":21,"251":29,"260":443,"261":443,"262":443,"263":443,"267":45,"271":155},"path":"D:/github/AventusProtocolFoundation/protocol/contracts/libraries/LEventsEnact.sol","s":{"1":50,"2":45,"3":37,"4":186,"5":207,"6":443,"7":175,"8":175,"9":163,"10":33,"11":33,"12":33,"13":34,"14":21,"15":21,"16":21,"17":21,"18":21,"19":29,"20":29,"21":205,"22":205,"23":205,"24":205,"25":205,"26":205,"27":205,"28":205,"29":205,"30":205,"31":203,"32":138,"33":134,"34":134,"35":134,"36":21,"37":443,"38":443,"39":443,"40":443,"41":45,"42":155},"b":{"1":[45,5],"2":[37,8],"3":[33,4],"4":[172,14],"5":[205,2],"6":[443,0],"7":[163,12],"8":[159,4],"9":[29,4],"10":[33,1],"11":[203,2],"12":[203,2],"13":[203,0],"14":[126,8],"15":[21,0]},"f":{"1":229,"2":32,"3":50,"4":186,"5":207,"6":443,"7":175,"8":33,"9":34,"10":21,"11":29,"12":12,"13":210,"14":205,"15":138,"16":21,"17":134,"18":21,"19":29,"20":443,"21":45,"22":155},"fnMap":{"1":{"name":"onlyEventOwnerOrPrimaryDelegate","line":6,"loc":{"start":{"line":6,"column":2},"end":{"line":6,"column":114}}},"2":{"name":"onlyEventOwnerOrSecondaryDelegate","line":11,"loc":{"start":{"line":11,"column":2},"end":{"line":11,"column":116}}},"3":{"name":"ticketIsRefundableOrResellable","line":16,"loc":{"start":{"line":16,"column":2},"end":{"line":16,"column":98}}},"4":{"name":"isActiveEvent","line":32,"loc":{"start":{"line":32,"column":2},"end":{"line":32,"column":65}}},"5":{"name":"isInactiveEvent","line":40,"loc":{"start":{"line":40,"column":2},"end":{"line":40,"column":67}}},"6":{"name":"isValidEvent","line":48,"loc":{"start":{"line":48,"column":2},"end":{"line":48,"column":64}}},"7":{"name":"inTicketSalePeriod","line":56,"loc":{"start":{"line":56,"column":2},"end":{"line":56,"column":71}}},"8":{"name":"ticketSaleNotInProgress","line":69,"loc":{"start":{"line":69,"column":2},"end":{"line":69,"column":75}}},"9":{"name":"isNotUnderChallenge","line":79,"loc":{"start":{"line":79,"column":2},"end":{"line":79,"column":71}}},"10":{"name":"doRefundTicket","line":94,"loc":{"start":{"line":94,"column":2},"end":{"line":98,"column":3}}},"11":{"name":"doCancelEvent","line":112,"loc":{"start":{"line":112,"column":2},"end":{"line":117,"column":3}}},"12":{"name":"doResellTicket","line":132,"loc":{"start":{"line":132,"column":2},"end":{"line":137,"column":3}}},"13":{"name":"doCreateEvent","line":155,"loc":{"start":{"line":155,"column":2},"end":{"line":159,"column":3}}},"14":{"name":"doUnlockEventDeposit","line":185,"loc":{"start":{"line":185,"column":2},"end":{"line":188,"column":3}}},"15":{"name":"doSellTicket","line":212,"loc":{"start":{"line":212,"column":2},"end":{"line":218,"column":3}}},"16":{"name":"setTicketStatusRefunded","line":230,"loc":{"start":{"line":230,"column":2},"end":{"line":230,"column":99}}},"17":{"name":"setTicketHashOwned","line":234,"loc":{"start":{"line":234,"column":2},"end":{"line":234,"column":78}}},"18":{"name":"setTicketHashNotOwned","line":242,"loc":{"start":{"line":242,"column":2},"end":{"line":242,"column":81}}},"19":{"name":"setEventStatusCancelled","line":250,"loc":{"start":{"line":250,"column":2},"end":{"line":250,"column":83}}},"20":{"name":"eventActive","line":254,"loc":{"start":{"line":254,"column":2},"end":{"line":259,"column":3}}},"21":{"name":"isTicketRefunded","line":266,"loc":{"start":{"line":266,"column":2},"end":{"line":266,"column":122}}},"22":{"name":"ticketHashIsOwned","line":270,"loc":{"start":{"line":270,"column":2},"end":{"line":270,"column":108}}}},"statementMap":{"1":{"start":{"line":17,"column":4},"end":{"line":17,"column":668}},"2":{"start":{"line":21,"column":4},"end":{"line":21,"column":760}},"3":{"start":{"line":25,"column":4},"end":{"line":25,"column":887}},"4":{"start":{"line":33,"column":4},"end":{"line":33,"column":1147}},"5":{"start":{"line":41,"column":4},"end":{"line":41,"column":1325}},"6":{"start":{"line":49,"column":4},"end":{"line":49,"column":1503}},"7":{"start":{"line":57,"column":4},"end":{"line":57,"column":59}},"8":{"start":{"line":58,"column":4},"end":{"line":58,"column":1760}},"9":{"start":{"line":62,"column":4},"end":{"line":62,"column":1932}},"10":{"start":{"line":70,"column":4},"end":{"line":70,"column":101}},"11":{"start":{"line":71,"column":4},"end":{"line":71,"column":117}},"12":{"start":{"line":72,"column":4},"end":{"line":72,"column":2454}},"13":{"start":{"line":80,"column":4},"end":{"line":80,"column":2659}},"14":{"start":{"line":99,"column":4},"end":{"line":99,"column":98}},"15":{"start":{"line":100,"column":4},"end":{"line":100,"column":63}},"16":{"start":{"line":102,"column":4},"end":{"line":102,"column":57}},"17":{"start":{"line":103,"column":4},"end":{"line":103,"column":126}},"18":{"start":{"line":104,"column":4},"end":{"line":104,"column":46}},"19":{"start":{"line":118,"column":4},"end":{"line":118,"column":46}},"20":{"start":{"line":119,"column":4},"end":{"line":119,"column":43}},"21":{"start":{"line":162,"column":4},"end":{"line":162,"column":68}},"22":{"start":{"line":164,"column":4},"end":{"line":164,"column":28}},"23":{"start":{"line":165,"column":4},"end":{"line":165,"column":32}},"24":{"start":{"line":166,"column":4},"end":{"line":166,"column":6562}},"25":{"start":{"line":169,"column":4},"end":{"line":169,"column":72}},"26":{"start":{"line":171,"column":4},"end":{"line":171,"column":6770}},"27":{"start":{"line":189,"column":4},"end":{"line":189,"column":66}},"28":{"start":{"line":190,"column":4},"end":{"line":190,"column":71}},"29":{"start":{"line":191,"column":4},"end":{"line":191,"column":80}},"30":{"start":{"line":192,"column":4},"end":{"line":192,"column":7977}},"31":{"start":{"line":196,"column":4},"end":{"line":196,"column":48}},"32":{"start":{"line":220,"column":4},"end":{"line":220,"column":71}},"33":{"start":{"line":222,"column":4},"end":{"line":222,"column":96}},"34":{"start":{"line":223,"column":4},"end":{"line":223,"column":43}},"35":{"start":{"line":235,"column":4},"end":{"line":235,"column":10099}},"36":{"start":{"line":243,"column":4},"end":{"line":243,"column":10337}},"37":{"start":{"line":260,"column":4},"end":{"line":260,"column":146}},"38":{"start":{"line":261,"column":4},"end":{"line":261,"column":106}},"39":{"start":{"line":262,"column":4},"end":{"line":262,"column":107}},"40":{"start":{"line":263,"column":4},"end":{"line":263,"column":73}},"41":{"start":{"line":267,"column":4},"end":{"line":267,"column":115}},"42":{"start":{"line":271,"column":4},"end":{"line":271,"column":42}}},"branchMap":{"1":{"line":17,"type":"if","locations":[{"start":{"line":17,"column":4},"end":{"line":17,"column":4}},{"start":{"line":17,"column":4},"end":{"line":17,"column":4}}]},"2":{"line":21,"type":"if","locations":[{"start":{"line":21,"column":4},"end":{"line":21,"column":4}},{"start":{"line":21,"column":4},"end":{"line":21,"column":4}}]},"3":{"line":25,"type":"if","locations":[{"start":{"line":25,"column":4},"end":{"line":25,"column":4}},{"start":{"line":25,"column":4},"end":{"line":25,"column":4}}]},"4":{"line":33,"type":"if","locations":[{"start":{"line":33,"column":4},"end":{"line":33,"column":4}},{"start":{"line":33,"column":4},"end":{"line":33,"column":4}}]},"5":{"line":41,"type":"if","locations":[{"start":{"line":41,"column":4},"end":{"line":41,"column":4}},{"start":{"line":41,"column":4},"end":{"line":41,"column":4}}]},"6":{"line":49,"type":"if","locations":[{"start":{"line":49,"column":4},"end":{"line":49,"column":4}},{"start":{"line":49,"column":4},"end":{"line":49,"column":4}}]},"7":{"line":58,"type":"if","locations":[{"start":{"line":58,"column":4},"end":{"line":58,"column":4}},{"start":{"line":58,"column":4},"end":{"line":58,"column":4}}]},"8":{"line":62,"type":"if","locations":[{"start":{"line":62,"column":4},"end":{"line":62,"column":4}},{"start":{"line":62,"column":4},"end":{"line":62,"column":4}}]},"9":{"line":72,"type":"if","locations":[{"start":{"line":72,"column":4},"end":{"line":72,"column":4}},{"start":{"line":72,"column":4},"end":{"line":72,"column":4}}]},"10":{"line":80,"type":"if","locations":[{"start":{"line":80,"column":4},"end":{"line":80,"column":4}},{"start":{"line":80,"column":4},"end":{"line":80,"column":4}}]},"11":{"line":171,"type":"if","locations":[{"start":{"line":171,"column":4},"end":{"line":171,"column":4}},{"start":{"line":171,"column":4},"end":{"line":171,"column":4}}]},"12":{"line":192,"type":"if","locations":[{"start":{"line":192,"column":4},"end":{"line":192,"column":4}},{"start":{"line":192,"column":4},"end":{"line":192,"column":4}}]},"13":{"line":196,"type":"if","locations":[{"start":{"line":196,"column":4},"end":{"line":196,"column":4}},{"start":{"line":196,"column":4},"end":{"line":196,"column":4}}]},"14":{"line":235,"type":"if","locations":[{"start":{"line":235,"column":4},"end":{"line":235,"column":4}},{"start":{"line":235,"column":4},"end":{"line":235,"column":4}}]},"15":{"line":243,"type":"if","locations":[{"start":{"line":243,"column":4},"end":{"line":243,"column":4}},{"start":{"line":243,"column":4},"end":{"line":243,"column":4}}]}}},"contracts\\libraries\\LProposal.sol":{"l":{"25":40,"29":40,"34":128,"38":116,"42":13,"46":11,"53":31,"55":30,"56":30,"57":30,"58":30,"60":30,"72":36,"73":31,"78":37,"79":37,"81":31,"82":31,"83":31,"96":11,"97":11,"98":10,"99":10,"101":10,"102":10,"103":10,"104":10,"105":10,"106":10,"110":8,"111":8,"117":40,"118":10,"120":40,"122":40,"123":40,"124":40,"125":40,"129":43,"134":36,"135":36,"140":40,"141":40,"142":40,"143":40,"144":40,"145":40,"146":40,"159":42,"161":42,"162":42,"164":42,"165":42,"166":42,"171":40,"172":40,"173":40,"174":40,"175":40,"176":40,"186":40,"187":40,"191":40,"195":40,"200":40,"201":40,"202":40,"203":40,"209":10,"211":10,"212":10,"213":10,"214":3,"215":3,"217":7,"218":7,"221":10,"222":10,"223":10,"224":10,"227":10,"228":10,"235":10,"237":10,"238":10,"239":10,"247":215,"255":90,"269":165,"270":165,"271":165,"272":165,"274":165,"276":165,"277":42,"294":160,"300":170,"304":10},"path":"D:/github/AventusProtocolFoundation/protocol/contracts/libraries/LProposal.sol","s":{"1":40,"2":128,"3":13,"4":31,"5":30,"6":30,"7":30,"8":30,"9":30,"10":31,"11":37,"12":31,"13":31,"14":31,"15":11,"16":11,"17":10,"18":10,"19":10,"20":10,"21":10,"22":10,"23":8,"24":40,"25":10,"26":40,"27":40,"28":40,"29":40,"30":40,"31":43,"32":36,"33":36,"34":40,"35":40,"36":40,"37":40,"38":40,"39":42,"40":42,"41":42,"42":42,"43":42,"44":40,"45":40,"46":40,"47":40,"48":40,"49":40,"50":40,"51":10,"52":10,"53":10,"54":3,"55":7,"56":10,"57":10,"58":10,"59":10,"60":10,"61":10,"62":10,"63":215,"64":90,"65":165,"66":165,"67":165,"68":165,"69":165,"70":165,"71":42,"72":123,"73":8,"74":115,"75":38,"76":77,"77":32,"78":45,"79":41,"80":4,"81":160,"82":170,"83":10},"b":{"1":[40,0],"2":[116,12],"3":[11,2],"4":[10,30],"5":[40,0],"6":[40,2],"7":[3,7],"8":[42,123],"9":[8,115],"10":[38,77],"11":[32,45],"12":[41,4]},"f":{"1":40,"2":128,"3":13,"4":31,"5":36,"6":37,"7":11,"8":8,"9":40,"10":43,"11":36,"12":40,"13":42,"14":40,"15":10,"16":10,"17":215,"18":90,"19":165,"20":160,"21":170,"22":10},"fnMap":{"1":{"name":"onlyProposalOwner","line":24,"loc":{"start":{"line":24,"column":2},"end":{"line":24,"column":72}}},"2":{"name":"isStatus","line":33,"loc":{"start":{"line":33,"column":2},"end":{"line":33,"column":77}}},"3":{"name":"eventIsNotUnderChallenge","line":41,"loc":{"start":{"line":41,"column":2},"end":{"line":41,"column":76}}},"4":{"name":"createGovernanceProposal","line":49,"loc":{"start":{"line":49,"column":2},"end":{"line":52,"column":3}}},"5":{"name":"castVote","line":63,"loc":{"start":{"line":63,"column":2},"end":{"line":71,"column":3}}},"6":{"name":"revealVote","line":76,"loc":{"start":{"line":76,"column":2},"end":{"line":76,"column":110}}},"7":{"name":"createEventChallenge","line":91,"loc":{"start":{"line":91,"column":2},"end":{"line":95,"column":3}}},"8":{"name":"claimVoterWinnings","line":109,"loc":{"start":{"line":109,"column":2},"end":{"line":109,"column":82}}},"9":{"name":"endProposal","line":114,"loc":{"start":{"line":114,"column":2},"end":{"line":116,"column":3}}},"10":{"name":"getPrevTimeParamForCastVote","line":128,"loc":{"start":{"line":128,"column":2},"end":{"line":128,"column":121}}},"11":{"name":"getGovernanceProposalDeposit","line":133,"loc":{"start":{"line":133,"column":2},"end":{"line":133,"column":106}}},"12":{"name":"unlockProposalDeposit","line":138,"loc":{"start":{"line":138,"column":2},"end":{"line":139,"column":3}}},"13":{"name":"createProposal","line":155,"loc":{"start":{"line":155,"column":2},"end":{"line":158,"column":3}}},"14":{"name":"setProposalTimes","line":181,"loc":{"start":{"line":181,"column":2},"end":{"line":185,"column":3}}},"15":{"name":"doEndEventChallenge","line":206,"loc":{"start":{"line":206,"column":2},"end":{"line":207,"column":66}}},"16":{"name":"endEventChallenge","line":231,"loc":{"start":{"line":231,"column":2},"end":{"line":234,"column":3}}},"17":{"name":"getProposalDeposit","line":242,"loc":{"start":{"line":242,"column":2},"end":{"line":246,"column":3}}},"18":{"name":"getProposalOwner","line":250,"loc":{"start":{"line":250,"column":2},"end":{"line":254,"column":3}}},"19":{"name":"getProposalStatus","line":264,"loc":{"start":{"line":264,"column":2},"end":{"line":268,"column":3}}},"20":{"name":"proposalIsEventChallenge","line":290,"loc":{"start":{"line":290,"column":2},"end":{"line":293,"column":48}}},"21":{"name":"getEventIdFromChallengeProposalId","line":297,"loc":{"start":{"line":297,"column":2},"end":{"line":299,"column":3}}},"22":{"name":"challengerIsWinner","line":303,"loc":{"start":{"line":303,"column":2},"end":{"line":303,"column":99}}}},"statementMap":{"1":{"start":{"line":25,"column":4},"end":{"line":25,"column":1417}},"2":{"start":{"line":34,"column":4},"end":{"line":34,"column":1714}},"3":{"start":{"line":42,"column":4},"end":{"line":42,"column":1930}},"4":{"start":{"line":53,"column":4},"end":{"line":53,"column":81}},"5":{"start":{"line":55,"column":4},"end":{"line":55,"column":107}},"6":{"start":{"line":56,"column":4},"end":{"line":56,"column":113}},"7":{"start":{"line":57,"column":4},"end":{"line":57,"column":109}},"8":{"start":{"line":58,"column":4},"end":{"line":58,"column":111}},"9":{"start":{"line":60,"column":4},"end":{"line":60,"column":116}},"10":{"start":{"line":73,"column":4},"end":{"line":73,"column":65}},"11":{"start":{"line":78,"column":4},"end":{"line":78,"column":65}},"12":{"start":{"line":81,"column":4},"end":{"line":81,"column":113}},"13":{"start":{"line":82,"column":4},"end":{"line":82,"column":109}},"14":{"start":{"line":83,"column":4},"end":{"line":83,"column":73}},"15":{"start":{"line":96,"column":4},"end":{"line":96,"column":69}},"16":{"start":{"line":97,"column":4},"end":{"line":97,"column":59}},"17":{"start":{"line":101,"column":4},"end":{"line":101,"column":95}},"18":{"start":{"line":102,"column":4},"end":{"line":102,"column":116}},"19":{"start":{"line":103,"column":4},"end":{"line":103,"column":122}},"20":{"start":{"line":104,"column":4},"end":{"line":104,"column":118}},"21":{"start":{"line":105,"column":4},"end":{"line":105,"column":120}},"22":{"start":{"line":106,"column":4},"end":{"line":106,"column":160}},"23":{"start":{"line":111,"column":4},"end":{"line":111,"column":43}},"24":{"start":{"line":117,"column":4},"end":{"line":117,"column":5671}},"25":{"start":{"line":118,"column":6},"end":{"line":118,"column":45}},"26":{"start":{"line":120,"column":4},"end":{"line":120,"column":47}},"27":{"start":{"line":122,"column":4},"end":{"line":122,"column":116}},"28":{"start":{"line":123,"column":4},"end":{"line":123,"column":120}},"29":{"start":{"line":124,"column":4},"end":{"line":124,"column":109}},"30":{"start":{"line":125,"column":4},"end":{"line":125,"column":74}},"31":{"start":{"line":129,"column":4},"end":{"line":129,"column":81}},"32":{"start":{"line":134,"column":4},"end":{"line":134,"column":87}},"33":{"start":{"line":135,"column":4},"end":{"line":135,"column":73}},"34":{"start":{"line":140,"column":4},"end":{"line":140,"column":66}},"35":{"start":{"line":141,"column":4},"end":{"line":141,"column":95}},"36":{"start":{"line":142,"column":4},"end":{"line":142,"column":64}},"37":{"start":{"line":143,"column":4},"end":{"line":143,"column":67}},"38":{"start":{"line":144,"column":4},"end":{"line":144,"column":46}},"39":{"start":{"line":159,"column":4},"end":{"line":159,"column":29}},"40":{"start":{"line":161,"column":4},"end":{"line":161,"column":87}},"41":{"start":{"line":164,"column":4},"end":{"line":164,"column":64}},"42":{"start":{"line":165,"column":4},"end":{"line":165,"column":75}},"43":{"start":{"line":166,"column":4},"end":{"line":166,"column":8182}},"44":{"start":{"line":171,"column":4},"end":{"line":171,"column":58}},"45":{"start":{"line":172,"column":4},"end":{"line":172,"column":34}},"46":{"start":{"line":176,"column":4},"end":{"line":176,"column":42}},"47":{"start":{"line":186,"column":4},"end":{"line":186,"column":61}},"48":{"start":{"line":187,"column":4},"end":{"line":187,"column":9184}},"49":{"start":{"line":191,"column":4},"end":{"line":191,"column":9454}},"50":{"start":{"line":195,"column":4},"end":{"line":195,"column":9726}},"51":{"start":{"line":209,"column":4},"end":{"line":209,"column":73}},"52":{"start":{"line":212,"column":4},"end":{"line":212,"column":56}},"53":{"start":{"line":213,"column":4},"end":{"line":213,"column":10788}},"54":{"start":{"line":215,"column":6},"end":{"line":215,"column":42}},"55":{"start":{"line":218,"column":6},"end":{"line":218,"column":45}},"56":{"start":{"line":221,"column":4},"end":{"line":221,"column":59}},"57":{"start":{"line":222,"column":4},"end":{"line":222,"column":63}},"58":{"start":{"line":223,"column":4},"end":{"line":223,"column":65}},"59":{"start":{"line":235,"column":4},"end":{"line":235,"column":70}},"60":{"start":{"line":237,"column":4},"end":{"line":237,"column":124}},"61":{"start":{"line":238,"column":4},"end":{"line":238,"column":127}},"62":{"start":{"line":239,"column":4},"end":{"line":239,"column":94}},"63":{"start":{"line":247,"column":4},"end":{"line":247,"column":95}},"64":{"start":{"line":255,"column":4},"end":{"line":255,"column":94}},"65":{"start":{"line":269,"column":4},"end":{"line":269,"column":107}},"66":{"start":{"line":270,"column":4},"end":{"line":270,"column":113}},"67":{"start":{"line":271,"column":4},"end":{"line":271,"column":109}},"68":{"start":{"line":272,"column":4},"end":{"line":272,"column":59}},"69":{"start":{"line":274,"column":4},"end":{"line":274,"column":59}},"70":{"start":{"line":276,"column":4},"end":{"line":276,"column":13623}},"71":{"start":{"line":277,"column":6},"end":{"line":277,"column":19}},"72":{"start":{"line":278,"column":9},"end":{"line":278,"column":13678}},"73":{"start":{"line":279,"column":6},"end":{"line":279,"column":19}},"74":{"start":{"line":280,"column":9},"end":{"line":280,"column":13754}},"75":{"start":{"line":281,"column":6},"end":{"line":281,"column":19}},"76":{"start":{"line":282,"column":9},"end":{"line":282,"column":13831}},"77":{"start":{"line":283,"column":6},"end":{"line":283,"column":19}},"78":{"start":{"line":284,"column":9},"end":{"line":284,"column":13909}},"79":{"start":{"line":285,"column":6},"end":{"line":285,"column":19}},"80":{"start":{"line":287,"column":6},"end":{"line":287,"column":19}},"81":{"start":{"line":294,"column":4},"end":{"line":294,"column":94}},"82":{"start":{"line":300,"column":4},"end":{"line":300,"column":111}},"83":{"start":{"line":304,"column":4},"end":{"line":304,"column":46}}},"branchMap":{"1":{"line":25,"type":"if","locations":[{"start":{"line":25,"column":4},"end":{"line":25,"column":4}},{"start":{"line":25,"column":4},"end":{"line":25,"column":4}}]},"2":{"line":34,"type":"if","locations":[{"start":{"line":34,"column":4},"end":{"line":34,"column":4}},{"start":{"line":34,"column":4},"end":{"line":34,"column":4}}]},"3":{"line":42,"type":"if","locations":[{"start":{"line":42,"column":4},"end":{"line":42,"column":4}},{"start":{"line":42,"column":4},"end":{"line":42,"column":4}}]},"4":{"line":117,"type":"if","locations":[{"start":{"line":117,"column":4},"end":{"line":117,"column":4}},{"start":{"line":117,"column":4},"end":{"line":117,"column":4}}]},"5":{"line":144,"type":"if","locations":[{"start":{"line":144,"column":4},"end":{"line":144,"column":4}},{"start":{"line":144,"column":4},"end":{"line":144,"column":4}}]},"6":{"line":166,"type":"if","locations":[{"start":{"line":166,"column":4},"end":{"line":166,"column":4}},{"start":{"line":166,"column":4},"end":{"line":166,"column":4}}]},"7":{"line":213,"type":"if","locations":[{"start":{"line":213,"column":4},"end":{"line":213,"column":4}},{"start":{"line":213,"column":4},"end":{"line":213,"column":4}}]},"8":{"line":276,"type":"if","locations":[{"start":{"line":276,"column":4},"end":{"line":276,"column":4}},{"start":{"line":276,"column":4},"end":{"line":276,"column":4}}]},"9":{"line":278,"type":"if","locations":[{"start":{"line":278,"column":9},"end":{"line":278,"column":9}},{"start":{"line":278,"column":9},"end":{"line":278,"column":9}}]},"10":{"line":280,"type":"if","locations":[{"start":{"line":280,"column":9},"end":{"line":280,"column":9}},{"start":{"line":280,"column":9},"end":{"line":280,"column":9}}]},"11":{"line":282,"type":"if","locations":[{"start":{"line":282,"column":9},"end":{"line":282,"column":9}},{"start":{"line":282,"column":9},"end":{"line":282,"column":9}}]},"12":{"line":284,"type":"if","locations":[{"start":{"line":284,"column":9},"end":{"line":284,"column":9}},{"start":{"line":284,"column":9},"end":{"line":284,"column":9}}]}}},"contracts\\libraries\\LProposalVoting.sol":{"l":{"25":36,"27":36,"31":34,"33":34,"45":37,"49":35,"55":35,"56":35,"57":35,"58":35,"64":31,"71":31,"72":31,"74":14,"75":14,"78":14,"79":14,"80":14,"81":14,"84":31,"94":43,"95":43,"96":43,"100":42,"102":3,"103":3,"106":39,"107":39,"108":48,"109":48,"110":39,"112":9,"119":34,"122":34,"125":34,"128":34,"130":33,"131":33,"132":4,"137":32,"138":2,"145":30,"146":30,"147":30,"148":30,"151":31,"157":31,"158":31,"159":31,"160":31,"163":31,"164":30,"165":30,"167":30,"168":30,"170":1,"173":31},"path":"D:/github/AventusProtocolFoundation/protocol/contracts/libraries/LProposalVoting.sol","s":{"1":36,"2":36,"3":34,"4":37,"5":35,"6":35,"7":35,"8":35,"9":35,"10":31,"11":31,"12":31,"13":14,"14":14,"15":14,"16":31,"17":43,"18":43,"19":43,"20":42,"21":3,"22":3,"23":39,"24":39,"25":48,"26":48,"27":9,"28":34,"29":34,"30":34,"31":34,"32":33,"33":33,"34":4,"35":32,"36":2,"37":31,"38":31,"39":31,"40":31,"41":31,"42":30,"43":30},"b":{"1":[34,2],"2":[35,2],"3":[35,0],"4":[31,4],"5":[31,0],"6":[14,17],"7":[42,1],"8":[3,39],"9":[39,9],"10":[33,1],"11":[4,29],"12":[3,1],"13":[2,30],"14":[0,2],"15":[31,0],"16":[30,1]},"f":{"1":36,"2":37,"3":43,"4":34,"5":31},"fnMap":{"1":{"name":"castVote","line":16,"loc":{"start":{"line":16,"column":2},"end":{"line":24,"column":3}}},"2":{"name":"revealVote","line":44,"loc":{"start":{"line":44,"column":2},"end":{"line":44,"column":132}}},"3":{"name":"getPrevTimeParamForCastVote","line":93,"loc":{"start":{"line":93,"column":2},"end":{"line":93,"column":121}}},"4":{"name":"addSendersVoteToDLL","line":118,"loc":{"start":{"line":118,"column":2},"end":{"line":118,"column":98}}},"5":{"name":"removeSendersVoteFromDLL","line":156,"loc":{"start":{"line":156,"column":2},"end":{"line":156,"column":87}}}},"statementMap":{"1":{"start":{"line":25,"column":4},"end":{"line":25,"column":96}},"2":{"start":{"line":27,"column":4},"end":{"line":27,"column":871}},"3":{"start":{"line":33,"column":4},"end":{"line":33,"column":56}},"4":{"start":{"line":45,"column":4},"end":{"line":45,"column":1569}},"5":{"start":{"line":49,"column":4},"end":{"line":49,"column":1690}},"6":{"start":{"line":55,"column":4},"end":{"line":55,"column":77}},"7":{"start":{"line":56,"column":4},"end":{"line":56,"column":56}},"8":{"start":{"line":57,"column":4},"end":{"line":57,"column":63}},"9":{"start":{"line":58,"column":4},"end":{"line":58,"column":2048}},"10":{"start":{"line":64,"column":4},"end":{"line":64,"column":2221}},"11":{"start":{"line":71,"column":4},"end":{"line":71,"column":64}},"12":{"start":{"line":72,"column":4},"end":{"line":72,"column":2623}},"13":{"start":{"line":74,"column":6},"end":{"line":74,"column":115}},"14":{"start":{"line":78,"column":6},"end":{"line":78,"column":121}},"15":{"start":{"line":79,"column":6},"end":{"line":79,"column":76}},"16":{"start":{"line":84,"column":4},"end":{"line":84,"column":50}},"17":{"start":{"line":94,"column":4},"end":{"line":94,"column":29}},"18":{"start":{"line":95,"column":4},"end":{"line":95,"column":117}},"19":{"start":{"line":96,"column":4},"end":{"line":96,"column":4017}},"20":{"start":{"line":100,"column":4},"end":{"line":100,"column":4143}},"21":{"start":{"line":102,"column":6},"end":{"line":102,"column":111}},"22":{"start":{"line":103,"column":6},"end":{"line":103,"column":12}},"23":{"start":{"line":106,"column":4},"end":{"line":106,"column":16}},"24":{"start":{"line":107,"column":4},"end":{"line":107,"column":4544}},"25":{"start":{"line":108,"column":6},"end":{"line":108,"column":106}},"26":{"start":{"line":109,"column":6},"end":{"line":109,"column":4678}},"27":{"start":{"line":112,"column":6},"end":{"line":112,"column":25}},"28":{"start":{"line":119,"column":4},"end":{"line":119,"column":29}},"29":{"start":{"line":122,"column":4},"end":{"line":122,"column":117}},"30":{"start":{"line":125,"column":4},"end":{"line":125,"column":110}},"31":{"start":{"line":128,"column":4},"end":{"line":128,"column":5603}},"32":{"start":{"line":130,"column":6},"end":{"line":130,"column":106}},"33":{"start":{"line":131,"column":6},"end":{"line":131,"column":5811}},"34":{"start":{"line":132,"column":8},"end":{"line":132,"column":5844}},"35":{"start":{"line":137,"column":6},"end":{"line":137,"column":6110}},"36":{"start":{"line":138,"column":8},"end":{"line":138,"column":6142}},"37":{"start":{"line":157,"column":4},"end":{"line":157,"column":29}},"38":{"start":{"line":158,"column":4},"end":{"line":158,"column":117}},"39":{"start":{"line":159,"column":4},"end":{"line":159,"column":110}},"40":{"start":{"line":160,"column":4},"end":{"line":160,"column":68}},"41":{"start":{"line":163,"column":4},"end":{"line":163,"column":7780}},"42":{"start":{"line":164,"column":6},"end":{"line":164,"column":115}},"43":{"start":{"line":165,"column":6},"end":{"line":165,"column":115}}},"branchMap":{"1":{"line":27,"type":"if","locations":[{"start":{"line":27,"column":4},"end":{"line":27,"column":4}},{"start":{"line":27,"column":4},"end":{"line":27,"column":4}}]},"2":{"line":45,"type":"if","locations":[{"start":{"line":45,"column":4},"end":{"line":45,"column":4}},{"start":{"line":45,"column":4},"end":{"line":45,"column":4}}]},"3":{"line":49,"type":"if","locations":[{"start":{"line":49,"column":4},"end":{"line":49,"column":4}},{"start":{"line":49,"column":4},"end":{"line":49,"column":4}}]},"4":{"line":58,"type":"if","locations":[{"start":{"line":58,"column":4},"end":{"line":58,"column":4}},{"start":{"line":58,"column":4},"end":{"line":58,"column":4}}]},"5":{"line":64,"type":"if","locations":[{"start":{"line":64,"column":4},"end":{"line":64,"column":4}},{"start":{"line":64,"column":4},"end":{"line":64,"column":4}}]},"6":{"line":72,"type":"if","locations":[{"start":{"line":72,"column":4},"end":{"line":72,"column":4}},{"start":{"line":72,"column":4},"end":{"line":72,"column":4}}]},"7":{"line":96,"type":"if","locations":[{"start":{"line":96,"column":4},"end":{"line":96,"column":4}},{"start":{"line":96,"column":4},"end":{"line":96,"column":4}}]},"8":{"line":100,"type":"if","locations":[{"start":{"line":100,"column":4},"end":{"line":100,"column":4}},{"start":{"line":100,"column":4},"end":{"line":100,"column":4}}]},"9":{"line":109,"type":"if","locations":[{"start":{"line":109,"column":6},"end":{"line":109,"column":6}},{"start":{"line":109,"column":6},"end":{"line":109,"column":6}}]},"10":{"line":128,"type":"if","locations":[{"start":{"line":128,"column":4},"end":{"line":128,"column":4}},{"start":{"line":128,"column":4},"end":{"line":128,"column":4}}]},"11":{"line":131,"type":"if","locations":[{"start":{"line":131,"column":6},"end":{"line":131,"column":6}},{"start":{"line":131,"column":6},"end":{"line":131,"column":6}}]},"12":{"line":132,"type":"if","locations":[{"start":{"line":132,"column":8},"end":{"line":132,"column":8}},{"start":{"line":132,"column":8},"end":{"line":132,"column":8}}]},"13":{"line":137,"type":"if","locations":[{"start":{"line":137,"column":6},"end":{"line":137,"column":6}},{"start":{"line":137,"column":6},"end":{"line":137,"column":6}}]},"14":{"line":138,"type":"if","locations":[{"start":{"line":138,"column":8},"end":{"line":138,"column":8}},{"start":{"line":138,"column":8},"end":{"line":138,"column":8}}]},"15":{"line":160,"type":"if","locations":[{"start":{"line":160,"column":4},"end":{"line":160,"column":4}},{"start":{"line":160,"column":4},"end":{"line":160,"column":4}}]},"16":{"line":163,"type":"if","locations":[{"start":{"line":163,"column":4},"end":{"line":163,"column":4}},{"start":{"line":163,"column":4},"end":{"line":163,"column":4}}]}}},"contracts\\libraries\\LProposalWinnings.sol":{"l":{"21":8,"22":8,"23":8,"24":8,"25":8,"30":8,"31":8,"32":8,"33":8,"35":8,"36":8,"39":8,"40":8,"41":8,"42":8,"45":8,"58":10,"81":10,"83":10,"84":10,"86":10,"87":10,"89":10,"91":10,"93":5,"96":5,"97":5,"99":10,"108":10,"117":28},"path":"D:/github/AventusProtocolFoundation/protocol/contracts/libraries/LProposalWinnings.sol","s":{"1":8,"2":8,"3":8,"4":8,"5":8,"6":8,"7":8,"8":8,"9":8,"10":8,"11":8,"12":8,"13":8,"14":8,"15":10,"16":10,"17":10,"18":10,"19":10,"20":10,"21":10,"22":10,"23":5,"24":10},"b":{"1":[8,0],"2":[8,0],"3":[8,0],"4":[8,0],"5":[5,5]},"f":{"1":8,"2":10,"3":10,"4":10,"5":28},"fnMap":{"1":{"name":"claimVoterWinnings","line":20,"loc":{"start":{"line":20,"column":4},"end":{"line":20,"column":82}}},"2":{"name":"doEventWinningsDistribution","line":48,"loc":{"start":{"line":48,"column":4},"end":{"line":57,"column":5}}},"3":{"name":"distributeChallengeWinnings","line":70,"loc":{"start":{"line":70,"column":2},"end":{"line":80,"column":3}}},"4":{"name":"takeAllWinningsFromProposalLoser","line":102,"loc":{"start":{"line":102,"column":2},"end":{"line":107,"column":3}}},"5":{"name":"giveWinnings","line":111,"loc":{"start":{"line":111,"column":2},"end":{"line":116,"column":3}}}},"statementMap":{"1":{"start":{"line":21,"column":6},"end":{"line":21,"column":31}},"2":{"start":{"line":22,"column":6},"end":{"line":22,"column":115}},"3":{"start":{"line":23,"column":6},"end":{"line":23,"column":129}},"4":{"start":{"line":24,"column":6},"end":{"line":24,"column":54}},"5":{"start":{"line":25,"column":6},"end":{"line":25,"column":1192}},"6":{"start":{"line":30,"column":6},"end":{"line":30,"column":121}},"7":{"start":{"line":31,"column":6},"end":{"line":31,"column":31}},"8":{"start":{"line":32,"column":6},"end":{"line":32,"column":121}},"9":{"start":{"line":33,"column":6},"end":{"line":33,"column":35}},"10":{"start":{"line":35,"column":6},"end":{"line":35,"column":72}},"11":{"start":{"line":36,"column":6},"end":{"line":36,"column":47}},"12":{"start":{"line":39,"column":6},"end":{"line":39,"column":125}},"13":{"start":{"line":40,"column":6},"end":{"line":40,"column":84}},"14":{"start":{"line":41,"column":6},"end":{"line":41,"column":53}},"15":{"start":{"line":58,"column":6},"end":{"line":58,"column":2552}},"16":{"start":{"line":81,"column":4},"end":{"line":81,"column":64}},"17":{"start":{"line":83,"column":4},"end":{"line":83,"column":95}},"18":{"start":{"line":84,"column":4},"end":{"line":84,"column":63}},"19":{"start":{"line":86,"column":4},"end":{"line":86,"column":38}},"20":{"start":{"line":87,"column":4},"end":{"line":87,"column":93}},"21":{"start":{"line":89,"column":4},"end":{"line":89,"column":73}},"22":{"start":{"line":91,"column":4},"end":{"line":91,"column":3882}},"23":{"start":{"line":93,"column":6},"end":{"line":93,"column":45}},"24":{"start":{"line":99,"column":4},"end":{"line":99,"column":70}}},"branchMap":{"1":{"line":25,"type":"if","locations":[{"start":{"line":25,"column":6},"end":{"line":25,"column":6}},{"start":{"line":25,"column":6},"end":{"line":25,"column":6}}]},"2":{"line":31,"type":"if","locations":[{"start":{"line":31,"column":6},"end":{"line":31,"column":6}},{"start":{"line":31,"column":6},"end":{"line":31,"column":6}}]},"3":{"line":33,"type":"if","locations":[{"start":{"line":33,"column":6},"end":{"line":33,"column":6}},{"start":{"line":33,"column":6},"end":{"line":33,"column":6}}]},"4":{"line":41,"type":"if","locations":[{"start":{"line":41,"column":6},"end":{"line":41,"column":6}},{"start":{"line":41,"column":6},"end":{"line":41,"column":6}}]},"5":{"line":91,"type":"if","locations":[{"start":{"line":91,"column":4},"end":{"line":91,"column":4}},{"start":{"line":91,"column":4},"end":{"line":91,"column":4}}]}}},"contracts\\libraries\\testing\\LAventusTimeMock.sol":{"l":{"9":1058},"path":"D:/github/AventusProtocolFoundation/protocol/contracts/libraries/testing/LAventusTimeMock.sol","s":{"1":1058},"b":{},"f":{"1":1058},"fnMap":{"1":{"name":"getCurrentTime","line":8,"loc":{"start":{"line":8,"column":2},"end":{"line":8,"column":84}}}},"statementMap":{"1":{"start":{"line":9,"column":6},"end":{"line":9,"column":49}}},"branchMap":{}},"contracts\\libraries\\testing\\LProposalForTesting.sol":{"l":{"11":1,"12":1,"16":1},"path":"D:/github/AventusProtocolFoundation/protocol/contracts/libraries/testing/LProposalForTesting.sol","s":{"1":1,"2":1,"3":1},"b":{},"f":{"1":1,"2":1,"3":0},"fnMap":{"1":{"name":"createGovernanceProposal","line":10,"loc":{"start":{"line":10,"column":2},"end":{"line":10,"column":94}}},"2":{"name":"getGovernanceProposalDeposit","line":15,"loc":{"start":{"line":15,"column":2},"end":{"line":15,"column":91}}},"3":{"name":"endProposal","line":19,"loc":{"start":{"line":19,"column":2},"end":{"line":19,"column":65}}}},"statementMap":{"1":{"start":{"line":11,"column":4},"end":{"line":11,"column":21}},"2":{"start":{"line":12,"column":4},"end":{"line":12,"column":71}},"3":{"start":{"line":16,"column":4},"end":{"line":16,"column":15}}},"branchMap":{}},"contracts\\libraries\\zeppelin\\LECRecovery.sol":{"l":{"28":340,"29":340,"30":340,"33":340,"34":1,"41":339,"48":339,"49":338,"53":339,"54":1,"57":338,"73":340},"path":"D:/github/AventusProtocolFoundation/protocol/contracts/libraries/zeppelin/LECRecovery.sol","s":{"1":340,"2":1,"3":339,"4":338,"5":339,"6":1,"7":338,"8":340},"b":{"1":[1,339],"2":[338,1],"3":[1,338]},"f":{"1":340,"2":340},"fnMap":{"1":{"name":"recover","line":23,"loc":{"start":{"line":23,"column":3},"end":{"line":27,"column":4}}},"2":{"name":"toEthSignedMessageHash","line":66,"loc":{"start":{"line":66,"column":3},"end":{"line":70,"column":4}}}},"statementMap":{"1":{"start":{"line":33,"column":5},"end":{"line":33,"column":1012}},"2":{"start":{"line":34,"column":7},"end":{"line":34,"column":26}},"3":{"start":{"line":48,"column":5},"end":{"line":48,"column":1540}},"4":{"start":{"line":49,"column":7},"end":{"line":49,"column":13}},"5":{"start":{"line":53,"column":5},"end":{"line":53,"column":1648}},"6":{"start":{"line":54,"column":7},"end":{"line":54,"column":26}},"7":{"start":{"line":57,"column":7},"end":{"line":57,"column":38}},"8":{"start":{"line":73,"column":5},"end":{"line":73,"column":2176}}},"branchMap":{"1":{"line":33,"type":"if","locations":[{"start":{"line":33,"column":5},"end":{"line":33,"column":5}},{"start":{"line":33,"column":5},"end":{"line":33,"column":5}}]},"2":{"line":48,"type":"if","locations":[{"start":{"line":48,"column":5},"end":{"line":48,"column":5}},{"start":{"line":48,"column":5},"end":{"line":48,"column":5}}]},"3":{"line":53,"type":"if","locations":[{"start":{"line":53,"column":5},"end":{"line":53,"column":5}},{"start":{"line":53,"column":5},"end":{"line":53,"column":5}}]}}},"contracts\\MultiAccess.sol":{"l":{"12":6,"13":6,"17":1,"18":1,"22":7359},"path":"D:/github/AventusProtocolFoundation/protocol/contracts/MultiAccess.sol","s":{"1":6,"2":6,"3":1,"4":1,"5":7359},"b":{"1":[7356,3]},"f":{"1":6,"2":1,"3":7359},"fnMap":{"1":{"name":"allowAccess","line":11,"loc":{"start":{"line":11,"column":2},"end":{"line":11,"column":59}}},"2":{"name":"denyAccess","line":16,"loc":{"start":{"line":16,"column":2},"end":{"line":16,"column":58}}},"3":{"name":"isAllowedAccess","line":21,"loc":{"start":{"line":21,"column":2},"end":{"line":21,"column":42}}}},"statementMap":{"1":{"start":{"line":12,"column":4},"end":{"line":12,"column":33}},"2":{"start":{"line":13,"column":4},"end":{"line":13,"column":35}},"3":{"start":{"line":17,"column":4},"end":{"line":17,"column":34}},"4":{"start":{"line":18,"column":4},"end":{"line":18,"column":34}},"5":{"start":{"line":22,"column":4},"end":{"line":22,"column":60}}},"branchMap":{"1":{"line":22,"type":"if","locations":[{"start":{"line":22,"column":4},"end":{"line":22,"column":4}},{"start":{"line":22,"column":4},"end":{"line":22,"column":4}}]}}},"contracts\\Owned.sol":{"l":{"7":450,"8":450,"15":2,"17":2},"path":"D:/github/AventusProtocolFoundation/protocol/contracts/Owned.sol","s":{"1":450,"2":2,"3":2},"b":{"1":[450,0],"2":[2,0]},"f":{"1":450,"2":2},"fnMap":{"1":{"name":"onlyOwner","line":6,"loc":{"start":{"line":6,"column":2},"end":{"line":6,"column":20}}},"2":{"name":"setOwner","line":11,"loc":{"start":{"line":11,"column":2},"end":{"line":14,"column":3}}}},"statementMap":{"1":{"start":{"line":7,"column":4},"end":{"line":7,"column":32}},"2":{"start":{"line":15,"column":4},"end":{"line":15,"column":26}},"3":{"start":{"line":17,"column":4},"end":{"line":17,"column":17}}},"branchMap":{"1":{"line":7,"type":"if","locations":[{"start":{"line":7,"column":4},"end":{"line":7,"column":4}},{"start":{"line":7,"column":4},"end":{"line":7,"column":4}}]},"2":{"line":15,"type":"if","locations":[{"start":{"line":15,"column":4},"end":{"line":15,"column":4}},{"start":{"line":15,"column":4},"end":{"line":15,"column":4}}]}}},"contracts\\ParameterRegistry.sol":{"l":{"38":1,"43":1,"44":1,"45":1,"46":1,"48":1,"49":1,"50":1,"52":1,"53":1,"54":1,"55":1,"56":1,"57":1,"59":1,"60":1},"path":"D:/github/AventusProtocolFoundation/protocol/contracts/ParameterRegistry.sol","s":{"1":1},"b":{},"f":{"1":1,"2":1},"fnMap":{"1":{"name":null,"line":37,"loc":{"start":{"line":37,"column":2},"end":{"line":37,"column":40}}},"2":{"name":"setupDefaultParameters","line":42,"loc":{"start":{"line":42,"column":2},"end":{"line":42,"column":54}}}},"statementMap":{"1":{"start":{"line":38,"column":4},"end":{"line":38,"column":9}}},"branchMap":{}},"contracts\\ProposalsManager.sol":{"l":{"19":1,"23":32,"27":13,"31":43,"35":46,"39":37,"43":8,"47":6,"51":14,"55":43},"path":"D:/github/AventusProtocolFoundation/protocol/contracts/ProposalsManager.sol","s":{"1":1,"2":32,"3":13,"4":6,"5":14,"6":43},"b":{},"f":{"1":1,"2":32,"3":13,"4":43,"5":46,"6":37,"7":8,"8":6,"9":14,"10":43},"fnMap":{"1":{"name":null,"line":18,"loc":{"start":{"line":18,"column":2},"end":{"line":18,"column":40}}},"2":{"name":"createGovernanceProposal","line":22,"loc":{"start":{"line":22,"column":2},"end":{"line":22,"column":85}}},"3":{"name":"createEventChallenge","line":26,"loc":{"start":{"line":26,"column":2},"end":{"line":26,"column":82}}},"4":{"name":"endProposal","line":30,"loc":{"start":{"line":30,"column":2},"end":{"line":30,"column":49}}},"5":{"name":"castVote","line":34,"loc":{"start":{"line":34,"column":2},"end":{"line":34,"column":79}}},"6":{"name":"revealVote","line":38,"loc":{"start":{"line":38,"column":2},"end":{"line":38,"column":84}}},"7":{"name":"claimVoterWinnings","line":42,"loc":{"start":{"line":42,"column":2},"end":{"line":42,"column":56}}},"8":{"name":"getGovernanceProposalDeposit","line":46,"loc":{"start":{"line":46,"column":2},"end":{"line":46,"column":87}}},"9":{"name":"getExistingEventDeposit","line":50,"loc":{"start":{"line":50,"column":2},"end":{"line":50,"column":91}}},"10":{"name":"getPrevTimeParamForCastVote","line":54,"loc":{"start":{"line":54,"column":2},"end":{"line":54,"column":95}}}},"statementMap":{"1":{"start":{"line":19,"column":4},"end":{"line":19,"column":9}},"2":{"start":{"line":23,"column":4},"end":{"line":23,"column":61}},"3":{"start":{"line":27,"column":4},"end":{"line":27,"column":60}},"4":{"start":{"line":47,"column":4},"end":{"line":47,"column":63}},"5":{"start":{"line":51,"column":4},"end":{"line":51,"column":63}},"6":{"start":{"line":55,"column":4},"end":{"line":55,"column":68}}},"branchMap":{}},"contracts\\proxies\\PApps.sol":{"l":{"8":1251},"path":"D:/github/AventusProtocolFoundation/protocol/contracts/proxies/PApps.sol","s":{"1":1251},"b":{},"f":{"1":1251},"fnMap":{"1":{"name":null,"line":7,"loc":{"start":{"line":7,"column":2},"end":{"line":7,"column":28}}}},"statementMap":{"1":{"start":{"line":8,"column":4},"end":{"line":8,"column":38}}},"branchMap":{}},"contracts\\proxies\\PAventusTime.sol":{"l":{"8":1058},"path":"D:/github/AventusProtocolFoundation/protocol/contracts/proxies/PAventusTime.sol","s":{"1":1058},"b":{},"f":{"1":1058},"fnMap":{"1":{"name":null,"line":7,"loc":{"start":{"line":7,"column":2},"end":{"line":7,"column":28}}}},"statementMap":{"1":{"start":{"line":8,"column":4},"end":{"line":8,"column":45}}},"branchMap":{}},"contracts\\proxies\\PAVTManager.sol":{"l":{"8":2920},"path":"D:/github/AventusProtocolFoundation/protocol/contracts/proxies/PAVTManager.sol","s":{"1":2920},"b":{},"f":{"1":2920},"fnMap":{"1":{"name":null,"line":7,"loc":{"start":{"line":7,"column":2},"end":{"line":7,"column":28}}}},"statementMap":{"1":{"start":{"line":8,"column":4},"end":{"line":8,"column":44}}},"branchMap":{}},"contracts\\proxies\\PDelegate.sol":{"l":{"11":6587,"13":6587,"32":6587,"34":6587,"38":6587},"path":"D:/github/AventusProtocolFoundation/protocol/contracts/proxies/PDelegate.sol","s":{"1":6587,"2":6587},"b":{"1":[6587,0]},"f":{"1":6587,"2":6587},"fnMap":{"1":{"name":"delegatedFwd","line":10,"loc":{"start":{"line":10,"column":2},"end":{"line":10,"column":63}}},"2":{"name":"isContract","line":27,"loc":{"start":{"line":27,"column":2},"end":{"line":31,"column":3}}}},"statementMap":{"1":{"start":{"line":11,"column":4},"end":{"line":11,"column":29}},"2":{"start":{"line":38,"column":4},"end":{"line":38,"column":24}}},"branchMap":{"1":{"line":11,"type":"if","locations":[{"start":{"line":11,"column":4},"end":{"line":11,"column":4}},{"start":{"line":11,"column":4},"end":{"line":11,"column":4}}]}}},"contracts\\proxies\\PEvents.sol":{"l":{"8":1130},"path":"D:/github/AventusProtocolFoundation/protocol/contracts/proxies/PEvents.sol","s":{"1":1130},"b":{},"f":{"1":1130},"fnMap":{"1":{"name":null,"line":7,"loc":{"start":{"line":7,"column":2},"end":{"line":7,"column":28}}}},"statementMap":{"1":{"start":{"line":8,"column":4},"end":{"line":8,"column":40}}},"branchMap":{}},"contracts\\proxies\\PLibraryDelegate.sol":{"l":{"12":6587,"14":6587,"26":6587,"27":6587,"28":131740,"29":131740,"31":6587},"path":"D:/github/AventusProtocolFoundation/protocol/contracts/proxies/PLibraryDelegate.sol","s":{"1":6587,"2":6587,"3":6587,"4":6587,"5":131740,"6":131740,"7":6587},"b":{},"f":{"1":6587,"2":6587},"fnMap":{"1":{"name":"libraryDelegateFwd","line":9,"loc":{"start":{"line":9,"column":2},"end":{"line":9,"column":67}}},"2":{"name":"addressFromMsgData","line":25,"loc":{"start":{"line":25,"column":2},"end":{"line":25,"column":81}}}},"statementMap":{"1":{"start":{"line":12,"column":4},"end":{"line":12,"column":467}},"2":{"start":{"line":14,"column":4},"end":{"line":14,"column":33}},"3":{"start":{"line":26,"column":4},"end":{"line":26,"column":18}},"4":{"start":{"line":27,"column":4},"end":{"line":27,"column":1276}},"5":{"start":{"line":28,"column":6},"end":{"line":28,"column":18}},"6":{"start":{"line":29,"column":6},"end":{"line":29,"column":29}},"7":{"start":{"line":31,"column":4},"end":{"line":31,"column":28}}},"branchMap":{}},"contracts\\proxies\\PProposal.sol":{"l":{"8":228},"path":"D:/github/AventusProtocolFoundation/protocol/contracts/proxies/PProposal.sol","s":{"1":228},"b":{},"f":{"1":228},"fnMap":{"1":{"name":null,"line":7,"loc":{"start":{"line":7,"column":2},"end":{"line":7,"column":28}}}},"statementMap":{"1":{"start":{"line":8,"column":4},"end":{"line":8,"column":42}}},"branchMap":{}},"contracts\\Versioned.sol":{"l":{"9":1,"13":6590},"path":"D:/github/AventusProtocolFoundation/protocol/contracts/Versioned.sol","s":{"1":1,"2":6590},"b":{},"f":{"1":1,"2":6590},"fnMap":{"1":{"name":"getVersion","line":8,"loc":{"start":{"line":8,"column":2},"end":{"line":8,"column":61}}},"2":{"name":"getVersionMajorMinor","line":12,"loc":{"start":{"line":12,"column":2},"end":{"line":12,"column":71}}}},"statementMap":{"1":{"start":{"line":9,"column":4},"end":{"line":9,"column":90}},"2":{"start":{"line":13,"column":4},"end":{"line":13,"column":71}}},"branchMap":{}}}