TN:
SF:/home/adxm/github/AventusProtocolFoundation/protocol/contracts/AventusStorage.sol
FN:16,onlyWithWriteAccess
FN:21,onlyWithTransferAVTAccess
FN:36,allowAccess
FN:41,denyAccess
FN:46,transferAVTTo
FN:52,transferAVTFrom
FN:61,fallback
FN:69,getUInt
FN:77,setUInt
FN:84,getString
FN:92,setString
FN:99,getAddress
FN:107,setAddress
FN:114,getBytes
FN:122,setBytes
FN:129,getBytes32
FN:137,setBytes32
FN:144,getBoolean
FN:152,setBoolean
FN:159,getInt
FN:167,setInt
FN:174,doGetAddress
FN:182,isAllowedAccess
FN:186,getKey
FNF:24
FNH:24
FNDA:1818,onlyWithWriteAccess
FNDA:342,onlyWithTransferAVTAccess
FNDA:9,allowAccess
FNDA:2,denyAccess
FNDA:199,transferAVTTo
FNDA:139,transferAVTFrom
FNDA:4,fallback
FNDA:4269,getUInt
FNDA:1503,setUInt
FNDA:3,getString
FNDA:7,setString
FNDA:2214,getAddress
FNDA:173,setAddress
FNDA:3,getBytes
FNDA:2,setBytes
FNDA:90,getBytes32
FNDA:79,setBytes32
FNDA:169,getBoolean
FNDA:46,setBoolean
FNDA:3,getInt
FNDA:2,setInt
FNDA:2556,doGetAddress
FNDA:2160,isAllowedAccess
FNDA:1971,getKey
DA:17,1818
DA:18,1812
DA:22,342
DA:23,338
DA:37,9
DA:38,9
DA:42,2
DA:43,2
DA:47,199
DA:49,199
DA:53,139
DA:55,139
DA:62,4
DA:64,4
DA:66,2
DA:74,4269
DA:81,1503
DA:89,3
DA:96,7
DA:104,2214
DA:111,173
DA:119,3
DA:126,2
DA:134,90
DA:141,79
DA:149,169
DA:156,46
DA:164,3
DA:171,2
DA:179,2556
DA:183,2160
DA:191,1971
LF:32
LH:32
BRDA:49,1,0,199
BRDA:49,1,1,0
BRDA:55,2,0,131
BRDA:55,2,1,8
BRDA:64,3,0,2
BRDA:64,3,1,2
BRDA:183,4,0,2150
BRDA:183,4,1,10
BRF:8
BRH:7
end_of_record
TN:
SF:/home/adxm/github/AventusProtocolFoundation/protocol/contracts/AVTManager.sol
FN:13,constructor
FN:17,withdraw
FN:21,deposit
FN:25,transfer
FN:29,getBalance
FNF:5
FNH:5
FNDA:2,constructor
FNDA:204,withdraw
FNDA:142,deposit
FNDA:24,transfer
FNDA:157,getBalance
DA:14,2
DA:18,204
DA:22,142
DA:26,24
DA:34,157
LF:5
LH:5
BRF:0
BRH:0
end_of_record
TN:
SF:/home/adxm/github/AventusProtocolFoundation/protocol/contracts/EventsManager.sol
FN:13,constructor
FN:17,createEvent
FN:24,sellTicket
FN:28,cancelTicket
FN:32,resellTicket
FN:38,listTicket
FN:47,registerRoleOnEvent
FNF:7
FNH:7
FNDA:2,constructor
FNDA:19,createEvent
FNDA:26,sellTicket
FNDA:13,cancelTicket
FNDA:16,resellTicket
FNDA:16,listTicket
FNDA:13,registerRoleOnEvent
DA:14,2
DA:21,19
DA:25,26
DA:29,13
DA:35,16
DA:42,16
DA:43,16
DA:44,4
DA:48,13
LF:9
LH:9
BRF:0
BRH:0
end_of_record
TN:
SF:/home/adxm/github/AventusProtocolFoundation/protocol/contracts/interfaces/IAventusStorage.sol
FNF:0
FNH:0
LF:0
LH:0
BRF:0
BRH:0
end_of_record
TN:
SF:/home/adxm/github/AventusProtocolFoundation/protocol/contracts/interfaces/IAVTManager.sol
FNF:0
FNH:0
LF:0
LH:0
BRF:0
BRH:0
end_of_record
TN:
SF:/home/adxm/github/AventusProtocolFoundation/protocol/contracts/interfaces/IERC20.sol
FNF:0
FNH:0
LF:0
LH:0
BRF:0
BRH:0
end_of_record
TN:
SF:/home/adxm/github/AventusProtocolFoundation/protocol/contracts/interfaces/IEventsManager.sol
FNF:0
FNH:0
LF:0
LH:0
BRF:0
BRH:0
end_of_record
TN:
SF:/home/adxm/github/AventusProtocolFoundation/protocol/contracts/interfaces/IMembersManager.sol
FNF:0
FNH:0
LF:0
LH:0
BRF:0
BRH:0
end_of_record
TN:
SF:/home/adxm/github/AventusProtocolFoundation/protocol/contracts/interfaces/IMerkleRootsManager.sol
FNF:0
FNH:0
LF:0
LH:0
BRF:0
BRH:0
end_of_record
TN:
SF:/home/adxm/github/AventusProtocolFoundation/protocol/contracts/interfaces/IProposalsManager.sol
FNF:0
FNH:0
LF:0
LH:0
BRF:0
BRH:0
end_of_record
TN:
SF:/home/adxm/github/AventusProtocolFoundation/protocol/contracts/libraries/LAventities.sol
FN:14,onlyActiveAndNotUnderChallengeAventity
FN:19,registerAventity
FN:32,deregisterAventity
FN:39,challengeAventity
FN:54,endAventityChallenge
FN:66,claimVoterWinnings
FN:71,getAventityDepositor
FN:79,getExistingAventityDeposit
FN:83,aventityIsActive
FN:91,aventityIsActiveAndNotUnderChallenge
FN:100,unlockAventityDeposit
FN:108,aventityIsNotUnderChallenge
FN:116,setAventityStatusFraudulent
FN:123,setAventityAsClearFromChallenge
FN:129,finaliseChallenge
FNF:15
FNH:15
FNDA:35,onlyActiveAndNotUnderChallengeAventity
FNDA:22,registerAventity
FNDA:19,deregisterAventity
FNDA:10,challengeAventity
FNDA:12,endAventityChallenge
FNDA:19,claimVoterWinnings
FNDA:10,getAventityDepositor
FNDA:69,getExistingAventityDeposit
FNDA:58,aventityIsActive
FNDA:35,aventityIsActiveAndNotUnderChallenge
FNDA:20,unlockAventityDeposit
FNDA:31,aventityIsNotUnderChallenge
FNDA:1,setAventityStatusFraudulent
FNDA:10,setAventityAsClearFromChallenge
FNDA:10,finaliseChallenge
DA:15,35
DA:16,29
DA:23,22
DA:25,20
DA:27,20
DA:28,20
DA:29,20
DA:36,19
DA:44,10
DA:45,10
DA:46,10
DA:48,10
DA:49,10
DA:51,10
DA:58,12
DA:59,12
DA:61,10
DA:63,10
DA:67,19
DA:68,9
DA:76,10
DA:80,69
DA:88,58
DA:96,35
DA:101,20
DA:102,20
DA:103,20
DA:105,20
DA:113,31
DA:117,1
DA:120,1
DA:126,10
DA:133,10
DA:134,10
DA:137,10
DA:140,10
DA:142,10
DA:143,10
DA:145,10
DA:146,10
DA:147,10
DA:148,10
DA:150,10
DA:151,1
DA:152,1
DA:153,1
DA:154,1
DA:155,1
DA:157,9
DA:158,9
DA:159,9
DA:160,9
DA:161,9
DA:164,10
DA:165,10
DA:168,10
DA:169,10
LF:57
LH:57
BRDA:15,1,0,29
BRDA:15,1,1,6
BRDA:59,2,0,10
BRDA:59,2,1,2
BRDA:150,3,0,1
BRDA:150,3,1,9
BRF:6
BRH:6
end_of_record
TN:
SF:/home/adxm/github/AventusProtocolFoundation/protocol/contracts/libraries/LAventitiesChallenges.sol
FN:17,claimVoterWinnings
FN:47,doWinningsDistribution
FN:79,takeAllWinningsFromProposalLoser
FN:88,giveWinnings
FNF:4
FNH:4
FNDA:19,claimVoterWinnings
FNDA:10,doWinningsDistribution
FNDA:10,takeAllWinningsFromProposalLoser
FNDA:29,giveWinnings
DA:18,19
DA:19,19
DA:20,19
DA:21,19
DA:23,9
DA:24,9
DA:25,9
DA:26,9
DA:28,9
DA:30,9
DA:32,9
DA:33,5
DA:35,4
DA:37,9
DA:39,9
DA:41,9
DA:44,9
DA:56,10
DA:57,10
DA:58,10
DA:59,10
DA:61,10
DA:62,10
DA:63,10
DA:65,10
DA:67,10
DA:69,5
DA:70,5
DA:73,5
DA:76,10
DA:85,10
DA:94,29
LF:32
LH:32
BRDA:21,1,0,9
BRDA:21,1,1,10
BRDA:24,2,0,9
BRDA:24,2,1,0
BRDA:26,3,0,9
BRDA:26,3,1,0
BRDA:32,4,0,5
BRDA:32,4,1,4
BRDA:41,5,0,9
BRDA:41,5,1,0
BRDA:67,6,0,5
BRDA:67,6,1,5
BRF:12
BRH:9
end_of_record
TN:
SF:/home/adxm/github/AventusProtocolFoundation/protocol/contracts/libraries/LAventitiesStorage.sol
FN:23,getAventityCount
FN:31,setAventityCount
FN:35,getLobbyingPeriodDays
FN:43,getVotingPeriodDays
FN:51,getRevealingPeriodDays
FN:59,getWinningsForChallengeWinnerPercentage
FN:67,getWinningsForChallengeEnderPercentage
FN:75,getDepositor
FN:83,setDepositor
FN:87,getChallengeProposalId
FN:95,setChallengeProposalId
FN:99,getDeposit
FN:107,setDeposit
FN:111,getWinningProposalOption
FN:119,setWinningProposalOption
FN:123,getTotalWinningStake
FN:131,setTotalWinningStake
FN:135,getTotalWinningsToVoters
FN:143,setTotalWinningsToVoters
FN:147,initialiseVotersWinningsPot
FN:153,getVotersWinningsPot
FN:161,reduceVotersWinningsPot
FN:170,incrementNumVotersClaimed
FN:179,getVotersWinningsPotKey
FNF:24
FNH:24
FNDA:20,getAventityCount
FNDA:20,setAventityCount
FNDA:10,getLobbyingPeriodDays
FNDA:10,getVotingPeriodDays
FNDA:10,getRevealingPeriodDays
FNDA:10,getWinningsForChallengeWinnerPercentage
FNDA:10,getWinningsForChallengeEnderPercentage
FNDA:30,getDepositor
FNDA:20,setDepositor
FNDA:43,getChallengeProposalId
FNDA:20,setChallengeProposalId
FNDA:113,getDeposit
FNDA:40,setDeposit
FNDA:19,getWinningProposalOption
FNDA:10,setWinningProposalOption
FNDA:9,getTotalWinningStake
FNDA:10,setTotalWinningStake
FNDA:9,getTotalWinningsToVoters
FNDA:5,setTotalWinningsToVoters
FNDA:5,initialiseVotersWinningsPot
FNDA:10,getVotersWinningsPot
FNDA:9,reduceVotersWinningsPot
FNDA:9,incrementNumVotersClaimed
FNDA:24,getVotersWinningsPotKey
DA:28,20
DA:32,20
DA:40,10
DA:48,10
DA:56,10
DA:64,10
DA:72,10
DA:80,30
DA:84,20
DA:92,43
DA:96,20
DA:104,113
DA:108,40
DA:116,19
DA:120,10
DA:128,9
DA:132,10
DA:140,9
DA:144,5
DA:148,5
DA:149,5
DA:150,5
DA:158,10
DA:162,9
DA:163,9
DA:164,9
DA:165,9
DA:167,9
DA:174,9
DA:175,9
DA:176,9
DA:184,24
LF:32
LH:32
BRDA:149,1,0,5
BRDA:149,1,1,0
BRDA:162,2,0,9
BRDA:162,2,1,0
BRDA:165,3,0,9
BRDA:165,3,1,0
BRF:6
BRH:3
end_of_record
TN:
SF:/home/adxm/github/AventusProtocolFoundation/protocol/contracts/libraries/LAVTManager.sol
FN:16,withdraw
FN:31,deposit
FN:45,transfer
FN:65,lockDeposit
FN:74,unlockDeposit
FN:81,getBalance
FN:92,decreaseFund
FN:96,increaseFund
FN:102,doTransfer
FN:115,stakeChangeIsBlocked
FN:130,depositWithdrawlIsBlocked
FNF:11
FNH:11
FNDA:204,withdraw
FNDA:142,deposit
FNDA:24,transfer
FNDA:72,lockDeposit
FNDA:67,unlockDeposit
FNDA:332,getBalance
FNDA:214,decreaseFund
FNDA:169,increaseFund
FNDA:8,doTransfer
FNDA:109,stakeChangeIsBlocked
FNDA:155,depositWithdrawlIsBlocked
DA:19,204
DA:20,56
DA:22,148
DA:23,146
DA:26,198
DA:27,196
DA:28,196
DA:34,142
DA:35,35
DA:37,107
DA:40,138
DA:41,136
DA:42,128
DA:49,24
DA:50,11
DA:52,13
DA:53,9
DA:56,14
DA:57,7
DA:59,7
DA:62,8
DA:66,72
DA:67,72
DA:69,72
DA:71,68
DA:75,67
DA:76,67
DA:77,67
DA:78,67
DA:86,332
DA:88,332
DA:89,331
DA:93,214
DA:97,169
DA:106,8
DA:109,6
DA:112,2
DA:120,109
DA:122,109
DA:135,155
DA:136,155
DA:137,155
DA:140,149
LF:43
LH:43
BRDA:19,1,0,56
BRDA:19,1,1,148
BRDA:20,2,0,54
BRDA:20,2,1,2
BRDA:22,3,0,146
BRDA:22,3,1,2
BRDA:23,4,0,144
BRDA:23,4,1,2
BRDA:34,5,0,35
BRDA:34,5,1,107
BRDA:35,6,0,33
BRDA:35,6,1,2
BRDA:37,7,0,105
BRDA:37,7,1,2
BRDA:49,8,0,11
BRDA:49,8,1,13
BRDA:50,9,0,9
BRDA:50,9,1,2
BRDA:52,10,0,9
BRDA:52,10,1,4
BRDA:53,11,0,5
BRDA:53,11,1,4
BRDA:56,12,0,7
BRDA:56,12,1,7
BRDA:57,13,0,5
BRDA:57,13,1,2
BRDA:59,14,0,3
BRDA:59,14,1,4
BRDA:69,15,0,68
BRDA:69,15,1,4
BRDA:75,16,0,67
BRDA:75,16,1,0
BRDA:77,17,0,67
BRDA:77,17,1,0
BRDA:88,18,0,331
BRDA:88,18,1,1
BRDA:106,19,0,6
BRDA:106,19,1,2
BRDA:122,20,0,100
BRDA:122,20,1,9
BRDA:124,21,0,1
BRDA:124,21,1,8
BRDA:137,22,0,149
BRDA:137,22,1,6
BRF:44
BRH:42
end_of_record
TN:
SF:/home/adxm/github/AventusProtocolFoundation/protocol/contracts/libraries/LAVTStorage.sol
FN:12,getFundBalance
FN:20,decreaseFund
FN:27,increaseFund
FN:34,getExpectedDeposits
FN:42,setExpectedDeposits
FN:46,getStakeUnblockTime
FNF:6
FNH:6
FNDA:403,getFundBalance
FNDA:214,decreaseFund
FNDA:169,increaseFund
FNDA:294,getExpectedDeposits
FNDA:135,setExpectedDeposits
FNDA:109,getStakeUnblockTime
DA:17,403
DA:21,214
DA:22,214
DA:23,214
DA:24,208
DA:28,169
DA:29,169
DA:30,169
DA:31,167
DA:39,294
DA:43,135
DA:51,109
LF:12
LH:12
BRDA:23,1,0,208
BRDA:23,1,1,6
BRDA:30,2,0,167
BRDA:30,2,1,2
BRF:4
BRH:4
end_of_record
TN:
SF:/home/adxm/github/AventusProtocolFoundation/protocol/contracts/libraries/LEvents.sol
FN:34,onlyWhenTrading
FN:39,onlyWhenExistent
FN:44,createEvent
FN:53,sellTicket
FN:62,cancelTicket
FN:70,resellTicket
FN:80,listTicketA
FN:91,listTicketB
FN:101,listTicketC
FN:113,registerRoleOnEvent
FN:121,getEventState
FNF:11
FNH:11
FNDA:71,onlyWhenTrading
FNDA:13,onlyWhenExistent
FNDA:19,createEvent
FNDA:22,sellTicket
FNDA:11,cancelTicket
FNDA:14,resellTicket
FNDA:16,listTicketA
FNDA:14,listTicketB
FNDA:4,listTicketC
FNDA:11,registerRoleOnEvent
FNDA:84,getEventState
DA:35,71
DA:36,61
DA:40,13
DA:41,11
DA:48,19
DA:50,11
DA:58,22
DA:59,18
DA:66,11
DA:67,3
DA:75,14
DA:77,4
DA:85,16
DA:86,16
DA:88,16
DA:96,14
DA:97,14
DA:98,14
DA:105,4
DA:106,4
DA:107,4
DA:108,2
DA:110,2
DA:117,11
DA:118,5
DA:122,84
DA:123,84
DA:125,74
DA:126,74
DA:128,72
LF:30
LH:30
BRDA:35,1,0,61
BRDA:35,1,1,10
BRDA:40,2,0,11
BRDA:40,2,1,2
BRDA:98,3,0,4
BRDA:98,3,1,10
BRDA:123,4,0,10
BRDA:123,4,1,74
BRDA:126,5,0,2
BRDA:126,5,1,72
BRF:10
BRH:10
end_of_record
TN:
SF:/home/adxm/github/AventusProtocolFoundation/protocol/contracts/libraries/LEventsEvents.sol
FN:8,createEvent
FNF:1
FNH:1
FNDA:19,createEvent
DA:13,19
DA:14,19
DA:16,17
DA:17,17
DA:18,17
DA:20,17
DA:21,5
DA:24,13
DA:26,13
DA:27,13
DA:28,13
LF:11
LH:11
BRDA:13,1,0,19
BRDA:13,1,1,0
BRDA:14,2,0,17
BRDA:14,2,1,2
BRDA:20,3,0,5
BRDA:20,3,1,12
BRF:6
BRH:5
end_of_record
TN:
SF:/home/adxm/github/AventusProtocolFoundation/protocol/contracts/libraries/LEventsRoles.sol
FN:11,onlyEventOwner
FN:16,onlyValidEventRole
FN:21,registerRoleOnEvent
FN:30,isVendorOnEvent
FN:38,isResellerOnEvent
FN:46,isValidatorOrVendorOnEvent
FN:56,isValidatorOrResellerOnEvent
FN:66,isTraderOnEvent
FN:76,isValidEventRole
FN:85,isEventOwner
FNF:10
FNH:10
FNDA:11,onlyEventOwner
FNDA:9,onlyValidEventRole
FNDA:7,registerRoleOnEvent
FNDA:34,isVendorOnEvent
FNDA:4,isResellerOnEvent
FNDA:15,isValidatorOrVendorOnEvent
FNDA:14,isValidatorOrResellerOnEvent
FNDA:83,isTraderOnEvent
FNDA:9,isValidEventRole
FNDA:94,isEventOwner
DA:12,11
DA:13,9
DA:17,9
DA:18,7
DA:26,7
DA:27,5
DA:35,34
DA:43,4
DA:51,15
DA:52,15
DA:53,15
DA:61,14
DA:62,14
DA:63,14
DA:71,83
DA:72,83
DA:73,83
DA:81,9
DA:82,9
DA:90,94
LF:20
LH:20
BRDA:12,1,0,9
BRDA:12,1,1,2
BRDA:17,2,0,7
BRDA:17,2,1,2
BRDA:26,3,0,5
BRDA:26,3,1,2
BRF:6
BRH:6
end_of_record
TN:
SF:/home/adxm/github/AventusProtocolFoundation/protocol/contracts/libraries/LEventsStorage.sol
FN:12,getEventCount
FN:20,setEventCount
FN:24,isRoleOnEvent
FN:33,setRoleOnEvent
FN:39,getTicketOwner
FN:47,setTicketOwner
FN:51,getOffSaleTime
FN:59,setOffSaleTime
FN:65,getEventOwner
FN:73,setEventOwner
FN:77,setTemporaryLeafHashAndOwner
FN:85,clearTemporaryLeafHashAndOwner
FN:93,getLeafHashOwner
FN:101,getLeafHash
FN:109,getLeafHashKey
FN:117,getLeafHashOwnerKey
FNF:16
FNH:16
FNDA:13,getEventCount
FNDA:13,setEventCount
FNDA:119,isRoleOnEvent
FNDA:5,setRoleOnEvent
FNDA:60,getTicketOwner
FNDA:27,setTicketOwner
FNDA:74,getOffSaleTime
FNDA:13,setOffSaleTime
FNDA:181,getEventOwner
FNDA:13,setEventOwner
FNDA:16,setTemporaryLeafHashAndOwner
FNDA:2,clearTemporaryLeafHashAndOwner
FNDA:4,getLeafHashOwner
FNDA:20,getLeafHash
FNDA:38,getLeafHashKey
FNDA:22,getLeafHashOwnerKey
DA:17,13
DA:21,13
DA:29,119
DA:36,5
DA:44,60
DA:48,27
DA:56,74
DA:60,13
DA:61,13
DA:62,11
DA:70,181
DA:74,13
DA:81,16
DA:82,16
DA:88,2
DA:89,2
DA:90,2
DA:98,4
DA:106,20
DA:114,38
DA:122,22
LF:21
LH:21
BRDA:61,1,0,11
BRDA:61,1,1,2
BRF:2
BRH:2
end_of_record
TN:
SF:/home/adxm/github/AventusProtocolFoundation/protocol/contracts/libraries/LEventsTickets.sol
FN:11,onlyActiveTicket
FN:16,onlyValidatorOrVendorOnEvent
FN:22,onlyValidatorOrResellerOnEvent
FN:28,onlyVendorOnEvent
FN:33,cancelTicket
FN:49,resellTicket
FN:62,sellTicket
FN:70,listTicket
FN:87,doResellTicket
FN:100,getSignerAndValidateProof
FN:115,resellTicketOwnerPermissionCheck
FN:125,addTicket
FN:136,ticketIsActive
FN:143,blockTicket
FNF:14
FNH:14
FNDA:21,onlyActiveTicket
FNDA:15,onlyValidatorOrVendorOnEvent
FNDA:14,onlyValidatorOrResellerOnEvent
FNDA:22,onlyVendorOnEvent
FNDA:7,cancelTicket
FNDA:10,resellTicket
FNDA:20,sellTicket
FNDA:2,listTicket
FNDA:10,doResellTicket
FNDA:8,getSignerAndValidateProof
FNDA:10,resellTicketOwnerPermissionCheck
FNDA:22,addTicket
FNDA:43,ticketIsActive
FNDA:3,blockTicket
DA:12,21
DA:13,17
DA:17,15
DA:19,11
DA:23,14
DA:25,12
DA:29,22
DA:30,20
DA:38,7
DA:39,7
DA:40,7
DA:41,7
DA:42,3
DA:44,3
DA:45,1
DA:55,10
DA:57,4
DA:58,1
DA:67,20
DA:76,2
DA:77,2
DA:78,2
DA:80,2
DA:82,2
DA:83,1
DA:91,10
DA:93,6
DA:94,6
DA:95,6
DA:97,4
DA:106,8
DA:107,8
DA:108,7
DA:111,8
DA:119,10
DA:120,10
DA:121,10
DA:122,10
DA:131,22
DA:132,22
DA:133,20
DA:139,43
DA:140,43
DA:146,3
DA:148,3
LF:45
LH:45
BRDA:12,1,0,17
BRDA:12,1,1,4
BRDA:17,2,0,11
BRDA:17,2,1,4
BRDA:23,3,0,12
BRDA:23,3,1,2
BRDA:29,4,0,20
BRDA:29,4,1,2
BRDA:41,5,0,3
BRDA:41,5,1,4
BRDA:44,6,0,1
BRDA:44,6,1,2
BRDA:57,7,0,1
BRDA:57,7,1,3
BRDA:82,8,0,1
BRDA:82,8,1,1
BRDA:107,9,0,7
BRDA:107,9,1,1
BRDA:111,10,0,6
BRDA:111,10,1,2
BRDA:122,11,0,6
BRDA:122,11,1,4
BRDA:132,12,0,20
BRDA:132,12,1,2
BRF:24
BRH:24
end_of_record
TN:
SF:/home/adxm/github/AventusProtocolFoundation/protocol/contracts/libraries/LMembers.sol
FN:20,onlyValidMemberType
FN:25,onlyAfterCoolingOffPeriod
FN:30,onlyIfNotAlreadyRegistered
FN:35,onlyIfRegistered
FN:40,registerMember
FN:58,deregisterMember
FN:69,challengeMember
FN:79,endMemberChallenge
FN:94,getExistingMemberDeposit
FN:104,checkValidatorActiveAndRecordInteraction
FN:111,memberIsActive
FN:120,getNewMemberDeposit
FN:129,getAventityIdForMember
FN:137,recordInteraction
FN:141,isAfterCoolingOffPeriod
FN:154,isValidMemberType
FNF:16
FNH:16
FNDA:73,onlyValidMemberType
FNDA:21,onlyAfterCoolingOffPeriod
FNDA:28,onlyIfNotAlreadyRegistered
FNDA:58,onlyIfRegistered
FNDA:26,registerMember
FNDA:19,deregisterMember
FNDA:16,challengeMember
FNDA:18,endMemberChallenge
FNDA:29,getExistingMemberDeposit
FNDA:8,checkValidatorActiveAndRecordInteraction
FNDA:23,memberIsActive
FNDA:42,getNewMemberDeposit
FNDA:191,getAventityIdForMember
FNDA:10,recordInteraction
FNDA:21,isAfterCoolingOffPeriod
FNDA:73,isValidMemberType
DA:21,73
DA:22,70
DA:26,21
DA:27,19
DA:31,28
DA:32,26
DA:36,58
DA:37,50
DA:46,26
DA:47,24
DA:49,22
DA:50,22
DA:53,20
DA:55,20
DA:62,19
DA:63,19
DA:64,19
DA:66,19
DA:72,16
DA:73,16
DA:74,10
DA:76,10
DA:82,18
DA:83,18
DA:85,12
DA:87,10
DA:88,1
DA:91,10
DA:100,29
DA:101,29
DA:107,8
DA:108,4
DA:116,23
DA:117,23
DA:126,42
DA:134,191
DA:138,10
DA:147,21
DA:148,21
DA:150,7
DA:151,7
DA:155,73
DA:156,73
LF:43
LH:43
BRDA:21,1,0,70
BRDA:21,1,1,3
BRDA:26,2,0,19
BRDA:26,2,1,2
BRDA:31,3,0,26
BRDA:31,3,1,2
BRDA:36,4,0,50
BRDA:36,4,1,8
BRDA:46,5,0,24
BRDA:46,5,1,2
BRDA:47,6,0,22
BRDA:47,6,1,2
BRDA:83,7,0,12
BRDA:83,7,1,6
BRDA:87,8,0,1
BRDA:87,8,1,9
BRDA:107,9,0,4
BRDA:107,9,1,4
BRDA:148,10,0,14
BRDA:148,10,1,7
BRF:20
BRH:20
end_of_record
TN:
SF:/home/adxm/github/AventusProtocolFoundation/protocol/contracts/libraries/LMembersStorage.sol
FN:10,getFixedDepositAmount
FN:18,getAventityId
FN:27,setAventityId
FN:33,clearAventityId
FN:37,setLastInteractionTime
FN:43,getLastInteractionTime
FN:52,getCoolingOffPeriod
FNF:7
FNH:7
FNDA:42,getFixedDepositAmount
FNDA:191,getAventityId
FNDA:20,setAventityId
FNDA:20,clearAventityId
FNDA:10,setLastInteractionTime
FNDA:21,getLastInteractionTime
FNDA:7,getCoolingOffPeriod
DA:15,42
DA:23,191
DA:30,20
DA:34,20
DA:38,10
DA:39,10
DA:48,21
DA:57,7
LF:8
LH:8
BRF:0
BRH:0
end_of_record
TN:
SF:/home/adxm/github/AventusProtocolFoundation/protocol/contracts/libraries/LMerkleRoots.sol
FN:12,onlyActiveValidator
FN:17,onlyIfNotAlreadyActive
FN:23,generateMerkleRoot
FN:44,registerMerkleRoot
FN:54,merkleRootIsActive
FNF:5
FNH:5
FNDA:12,onlyActiveValidator
FNDA:8,onlyIfNotAlreadyActive
FNDA:14,generateMerkleRoot
FNDA:6,registerMerkleRoot
FNDA:22,merkleRootIsActive
DA:13,12
DA:14,8
DA:18,8
DA:19,6
DA:28,14
DA:30,14
DA:31,140
DA:33,140
DA:35,73
DA:38,67
DA:41,14
DA:49,6
DA:50,6
DA:51,6
DA:56,22
LF:15
LH:15
BRDA:13,1,0,8
BRDA:13,1,1,4
BRDA:18,2,0,6
BRDA:18,2,1,2
BRDA:33,3,0,73
BRDA:33,3,1,67
BRF:6
BRH:6
end_of_record
TN:
SF:/home/adxm/github/AventusProtocolFoundation/protocol/contracts/libraries/LMerkleRootsStorage.sol
FN:8,getRootHashOwner
FN:16,setRootHashOwner
FNF:2
FNH:2
FNDA:22,getRootHashOwner
FNDA:6,setRootHashOwner
DA:13,22
DA:17,6
LF:2
LH:2
BRF:0
BRH:0
end_of_record
TN:
SF:/home/adxm/github/AventusProtocolFoundation/protocol/contracts/libraries/LProposals.sol
FN:21,onlyInVotingPeriod
FN:26,onlyAfterRevealingFinishedAndProposalNotEnded
FN:31,onlyGovernanceProposals
FN:36,createGovernanceProposal
FN:47,createProposal
FN:56,castVote
FN:69,cancelVote
FN:79,revealVote
FN:86,endGovernanceProposal
FN:94,getPrevTimeParamForCastVote
FN:98,getAventusTime
FN:102,getTotalRevealedStake
FN:110,getOwner
FN:118,getRevealedVoterStake
FN:126,clearRevealedStake
FN:130,getNumVotersRevealedWithStake
FN:138,getGovernanceProposalDeposit
FN:142,endProposal
FN:153,getTimestamps
FN:164,doCreateGovernanceProposal
FNF:20
FNH:20
FNDA:40,onlyInVotingPeriod
FNDA:53,onlyAfterRevealingFinishedAndProposalNotEnded
FNDA:45,onlyGovernanceProposals
FNDA:40,createGovernanceProposal
FNDA:10,createProposal
FNDA:38,castVote
FNDA:10,cancelVote
FNDA:31,revealVote
FNDA:43,endGovernanceProposal
FNDA:38,getPrevTimeParamForCastVote
FNDA:1,getAventusTime
FNDA:20,getTotalRevealedStake
FNDA:10,getOwner
FNDA:19,getRevealedVoterStake
FNDA:9,clearRevealedStake
FNDA:9,getNumVotersRevealedWithStake
FNDA:51,getGovernanceProposalDeposit
FNDA:47,endProposal
FNDA:48,getTimestamps
FNDA:40,doCreateGovernanceProposal
DA:22,40
DA:23,38
DA:27,53
DA:28,47
DA:32,45
DA:33,43
DA:37,40
DA:38,40
DA:39,38
DA:42,38
DA:44,38
DA:52,10
DA:65,38
DA:66,32
DA:75,10
DA:76,2
DA:80,31
DA:81,21
DA:82,21
DA:83,21
DA:90,43
DA:91,37
DA:95,38
DA:99,1
DA:107,20
DA:115,10
DA:123,19
DA:127,9
DA:135,9
DA:139,51
DA:147,47
DA:149,47
DA:150,47
DA:158,48
DA:159,48
DA:160,48
DA:161,48
DA:165,40
DA:166,40
DA:167,40
DA:168,40
LF:41
LH:41
BRDA:22,1,0,38
BRDA:22,1,1,2
BRDA:27,2,0,47
BRDA:27,2,1,6
BRDA:32,3,0,43
BRDA:32,3,1,2
BRF:6
BRH:6
end_of_record
TN:
SF:/home/adxm/github/AventusProtocolFoundation/protocol/contracts/libraries/LProposalsEnact.sol
FN:12,doUnlockProposalDeposit
FN:25,doCreateProposal
FN:42,inRevealingPeriodOrLater
FN:54,inRevealingPeriod
FN:58,inVotingPeriodOrAfterRevealingFinished
FN:70,inVotingPeriod
FN:74,afterRevealingFinishedAndProposalNotEnded
FN:88,doGetProposalStatus
FN:114,setProposalTimes
FN:129,getProposalDeposit
FN:137,getProposalOwner
FN:145,thereAreUnrevealedVotes
FNF:12
FNH:12
FNDA:47,doUnlockProposalDeposit
FNDA:50,doCreateProposal
FNDA:31,inRevealingPeriodOrLater
FNDA:21,inRevealingPeriod
FNDA:10,inVotingPeriodOrAfterRevealingFinished
FNDA:40,inVotingPeriod
FNDA:53,afterRevealingFinishedAndProposalNotEnded
FNDA:155,doGetProposalStatus
FNDA:48,setProposalTimes
FNDA:202,getProposalDeposit
FNDA:47,getProposalOwner
FNDA:50,thereAreUnrevealedVotes
DA:13,47
DA:14,47
DA:15,47
DA:16,47
DA:30,50
DA:32,50
DA:34,48
DA:35,48
DA:36,48
DA:37,48
DA:38,48
DA:39,48
DA:47,31
DA:48,31
DA:55,21
DA:63,10
DA:64,10
DA:71,40
DA:79,53
DA:93,155
DA:94,155
DA:95,155
DA:96,155
DA:98,155
DA:100,155
DA:101,6
DA:103,2
DA:105,46
DA:107,47
DA:109,52
DA:111,2
DA:118,48
DA:119,48
DA:120,48
DA:121,48
DA:123,48
DA:124,48
DA:125,48
DA:126,48
DA:134,202
DA:142,47
DA:146,50
LF:42
LH:42
BRDA:100,1,0,6
BRDA:100,1,1,149
BRDA:102,2,0,2
BRDA:102,2,1,147
BRDA:104,3,0,46
BRDA:104,3,1,101
BRDA:106,4,0,47
BRDA:106,4,1,54
BRDA:108,5,0,52
BRDA:108,5,1,2
BRF:10
BRH:10
end_of_record
TN:
SF:/home/adxm/github/AventusProtocolFoundation/protocol/contracts/libraries/LProposalsStorage.sol
FN:20,getGovernanceProposalDeposit
FN:28,getGovernanceProposalLobbyingPeriodDays
FN:36,getGovernanceProposalVotingPeriodDays
FN:44,getGovernanceProposalRevealingPeriodDays
FN:52,getProposalCount
FN:60,setProposalCount
FN:64,getRevealedVoterStake
FN:73,setRevealedVoterStake
FN:80,getDeposit
FN:88,setDeposit
FN:92,isGovernanceProposal
FN:100,setGovernanceProposal
FN:104,getLobbyingStart
FN:112,setLobbyingStart
FN:116,getOwner
FN:124,setOwner
FN:128,getTotalRevealedStake
FN:136,increaseTotalRevealedStake
FN:143,getNumVotersRevealedWithStake
FN:151,incrementNumVotersRevealedWithStake
FN:157,getRevealingEnd
FN:165,setRevealingEnd
FN:169,getRevealingStart
FN:177,setRevealingStart
FN:181,getUnrevealedVotesCount
FN:189,setUnrevealedVotesCount
FN:193,getVotingStart
FN:201,setVotingStart
FN:205,getVoteCountForRevealTime
FN:213,setVoteCountForRevealTime
FN:217,getNextRevealTime
FN:225,setNextRevealTime
FN:229,getPreviousRevealTime
FN:237,setPreviousRevealTime
FN:241,getVoterSecret
FN:249,setVoterSecret
FN:253,getTotalRevealedStakeKey
FN:261,getNumVotersRevealedWithStakeKey
FNF:38
FNH:38
FNDA:51,getGovernanceProposalDeposit
FNDA:40,getGovernanceProposalLobbyingPeriodDays
FNDA:40,getGovernanceProposalVotingPeriodDays
FNDA:40,getGovernanceProposalRevealingPeriodDays
FNDA:48,getProposalCount
FNDA:48,setProposalCount
FNDA:19,getRevealedVoterStake
FNDA:20,setRevealedVoterStake
FNDA:202,getDeposit
FNDA:95,setDeposit
FNDA:45,isGovernanceProposal
FNDA:38,setGovernanceProposal
FNDA:48,getLobbyingStart
FNDA:48,setLobbyingStart
FNDA:57,getOwner
FNDA:48,setOwner
FNDA:114,getTotalRevealedStake
FNDA:11,increaseTotalRevealedStake
FNDA:9,getNumVotersRevealedWithStake
FNDA:11,incrementNumVotersRevealedWithStake
FNDA:224,getRevealingEnd
FNDA:48,setRevealingEnd
FNDA:321,getRevealingStart
FNDA:48,setRevealingStart
FNDA:109,getUnrevealedVotesCount
FNDA:59,setUnrevealedVotesCount
FNDA:203,getVotingStart
FNDA:48,setVotingStart
FNDA:113,getVoteCountForRevealTime
FNDA:33,setVoteCountForRevealTime
FNDA:155,getNextRevealTime
FNDA:84,setNextRevealTime
FNDA:23,getPreviousRevealTime
FNDA:84,setPreviousRevealTime
FNDA:67,getVoterSecret
FNDA:59,setVoterSecret
FNDA:125,getTotalRevealedStakeKey
FNDA:20,getNumVotersRevealedWithStakeKey
DA:25,51
DA:33,40
DA:41,40
DA:49,40
DA:57,48
DA:61,48
DA:69,19
DA:76,20
DA:77,20
DA:85,202
DA:89,95
DA:97,45
DA:101,38
DA:109,48
DA:113,48
DA:121,57
DA:125,48
DA:133,114
DA:139,11
DA:140,11
DA:148,9
DA:153,11
DA:154,11
DA:162,224
DA:166,48
DA:174,321
DA:178,48
DA:186,109
DA:190,59
DA:198,203
DA:202,48
DA:210,113
DA:214,33
DA:222,155
DA:226,84
DA:234,23
DA:238,84
DA:246,67
DA:250,59
DA:258,125
DA:266,20
LF:41
LH:41
BRF:0
BRH:0
end_of_record
TN:
SF:/home/adxm/github/AventusProtocolFoundation/protocol/contracts/libraries/LProposalsVoting.sol
FN:11,onlyInVotingPeriodOrAfterRevealingFinished
FN:17,onlyInRevealingPeriodOrLater
FN:22,onlyUnrevealedVote
FN:28,onlyWhenVoterIsSender
FN:33,onlyValidOptionId
FN:38,castVote
FN:55,cancelVote
FN:62,revealVote
FN:80,getPrevTimeParamForCastVote
FN:102,addSendersVoteToDLL
FN:138,removeSendersVoteFromDLL
FN:156,doRemoveVote
FN:163,checkVoterIsSender
FN:174,addVoterStakeToProposal
FNF:14
FNH:14
FNDA:10,onlyInVotingPeriodOrAfterRevealingFinished
FNDA:31,onlyInRevealingPeriodOrLater
FNDA:6,onlyUnrevealedVote
FNDA:27,onlyWhenVoterIsSender
FNDA:29,onlyValidOptionId
FNDA:38,castVote
FNDA:2,cancelVote
FNDA:23,revealVote
FNDA:38,getPrevTimeParamForCastVote
FNDA:36,addSendersVoteToDLL
FNDA:23,removeSendersVoteFromDLL
FNDA:23,doRemoveVote
FNDA:27,checkVoterIsSender
FNDA:20,addVoterStakeToProposal
DA:12,10
DA:13,10
DA:14,6
DA:18,31
DA:19,29
DA:23,6
DA:24,6
DA:25,2
DA:29,27
DA:30,23
DA:34,29
DA:35,27
DA:47,38
DA:48,36
DA:50,36
DA:51,36
DA:52,36
DA:59,2
DA:68,23
DA:70,23
DA:73,21
DA:74,20
DA:77,21
DA:81,38
DA:82,38
DA:83,38
DA:84,37
DA:86,1
DA:87,1
DA:90,36
DA:91,36
DA:92,98
DA:93,98
DA:94,36
DA:96,62
DA:103,36
DA:106,36
DA:109,36
DA:112,36
DA:114,35
DA:115,35
DA:116,16
DA:118,16
DA:120,33
DA:121,3
DA:123,3
DA:127,31
DA:128,31
DA:129,31
DA:130,31
DA:133,32
DA:139,23
DA:140,23
DA:141,23
DA:142,23
DA:145,23
DA:146,22
DA:147,22
DA:149,22
DA:150,22
DA:152,1
DA:157,23
DA:158,23
DA:159,23
DA:160,23
DA:169,27
DA:170,27
DA:171,25
DA:177,20
DA:179,20
DA:181,11
DA:183,11
DA:185,11
LF:73
LH:73
BRDA:13,1,0,6
BRDA:13,1,1,4
BRDA:18,2,0,29
BRDA:18,2,1,2
BRDA:24,3,0,2
BRDA:24,3,1,4
BRDA:29,4,0,23
BRDA:29,4,1,4
BRDA:34,5,0,27
BRDA:34,5,1,2
BRDA:47,6,0,36
BRDA:47,6,1,2
BRDA:70,7,0,21
BRDA:70,7,1,2
BRDA:73,8,0,20
BRDA:73,8,1,1
BRDA:83,9,0,37
BRDA:83,9,1,1
BRDA:84,10,0,1
BRDA:84,10,1,36
BRDA:93,11,0,36
BRDA:93,11,1,62
BRDA:112,12,0,35
BRDA:112,12,1,1
BRDA:115,13,0,16
BRDA:115,13,1,19
BRDA:118,14,0,14
BRDA:118,14,1,2
BRDA:120,15,0,3
BRDA:120,15,1,30
BRDA:123,16,0,1
BRDA:123,16,1,2
BRDA:142,17,0,23
BRDA:142,17,1,0
BRDA:145,18,0,22
BRDA:145,18,1,1
BRDA:179,19,0,9
BRDA:179,19,1,11
BRF:38
BRH:37
end_of_record
TN:
SF:/home/adxm/github/AventusProtocolFoundation/protocol/contracts/libraries/zeppelin/LECRecovery.sol
FN:19,recover
FN:60,toEthSignedMessageHash
FNF:2
FNH:2
FNDA:92,recover
FNDA:92,toEthSignedMessageHash
DA:24,92
DA:25,92
DA:26,92
DA:27,92
DA:30,92
DA:31,10
DA:38,82
DA:45,82
DA:46,80
DA:50,82
DA:52,80
DA:67,92
LF:12
LH:12
BRDA:30,1,0,10
BRDA:30,1,1,82
BRDA:45,2,0,80
BRDA:45,2,1,2
BRDA:50,3,0,80
BRDA:50,3,1,2
BRF:6
BRH:6
end_of_record
TN:
SF:/home/adxm/github/AventusProtocolFoundation/protocol/contracts/MembersManager.sol
FN:13,constructor
FN:17,registerMember
FN:25,deregisterMember
FN:32,challengeMember
FN:36,endMemberChallenge
FN:40,getNewMemberDeposit
FN:44,getExistingMemberDeposit
FN:52,memberIsActive
FNF:8
FNH:8
FNDA:2,constructor
FNDA:30,registerMember
FNDA:27,deregisterMember
FNDA:16,challengeMember
FNDA:18,endMemberChallenge
FNDA:21,getNewMemberDeposit
FNDA:31,getExistingMemberDeposit
FNDA:3,memberIsActive
DA:14,2
DA:22,30
DA:29,27
DA:33,16
DA:37,18
DA:41,21
DA:49,31
DA:57,3
LF:8
LH:8
BRF:0
BRH:0
end_of_record
TN:
SF:/home/adxm/github/AventusProtocolFoundation/protocol/contracts/MerkleRootsManager.sol
FN:13,constructor
FN:17,registerMerkleRoot
FNF:2
FNH:2
FNDA:2,constructor
FNDA:12,registerMerkleRoot
DA:14,2
DA:20,12
LF:2
LH:2
BRF:0
BRH:0
end_of_record
TN:
SF:/home/adxm/github/AventusProtocolFoundation/protocol/contracts/Owned.sol
FN:6,onlyOwner
FN:11,setOwner
FNF:2
FNH:2
FNDA:76,onlyOwner
FNDA:4,setOwner
DA:7,76
DA:8,74
DA:15,4
DA:16,2
LF:4
LH:4
BRDA:7,1,0,74
BRDA:7,1,1,2
BRDA:15,2,0,2
BRDA:15,2,1,2
BRF:4
BRH:4
end_of_record
TN:
SF:/home/adxm/github/AventusProtocolFoundation/protocol/contracts/ParameterRegistry.sol
FN:37,constructor
FN:42,init
FNF:2
FNH:2
FNDA:2,constructor
FNDA:2,init
DA:38,2
DA:43,2
DA:44,1
DA:46,1
DA:48,1
DA:50,1
DA:52,1
DA:55,1
DA:57,1
DA:59,1
DA:61,1
DA:63,1
DA:66,1
DA:68,1
DA:70,1
LF:15
LH:15
BRDA:43,1,0,1
BRDA:43,1,1,1
BRF:2
BRH:2
end_of_record
TN:
SF:/home/adxm/github/AventusProtocolFoundation/protocol/contracts/ProposalsManager.sol
FN:14,constructor
FN:18,createGovernanceProposal
FN:22,endGovernanceProposal
FN:26,castVote
FN:30,cancelVote
FN:34,revealVote
FN:38,claimVoterWinnings
FN:42,getGovernanceProposalDeposit
FN:46,getPrevTimeParamForCastVote
FN:50,getAventusTime
FNF:10
FNH:10
FNDA:2,constructor
FNDA:41,createGovernanceProposal
FNDA:47,endGovernanceProposal
FNDA:40,castVote
FNDA:10,cancelVote
FNDA:31,revealVote
FNDA:19,claimVoterWinnings
FNDA:12,getGovernanceProposalDeposit
FNDA:38,getPrevTimeParamForCastVote
FNDA:1,getAventusTime
DA:15,2
DA:19,41
DA:23,47
DA:27,40
DA:31,10
DA:35,31
DA:39,19
DA:43,12
DA:47,38
DA:51,1
LF:10
LH:10
BRF:0
BRH:0
end_of_record
TN:
SF:/home/adxm/github/AventusProtocolFoundation/protocol/contracts/proxies/PAventities.sol
FN:7,fallback
FNF:1
FNH:1
FNDA:140,fallback
DA:8,140
LF:1
LH:1
BRF:0
BRH:0
end_of_record
TN:
SF:/home/adxm/github/AventusProtocolFoundation/protocol/contracts/proxies/PAventusTime.sol
FN:7,fallback
FNF:1
FNH:1
FNDA:317,fallback
DA:8,317
LF:1
LH:1
BRF:0
BRH:0
end_of_record
TN:
SF:/home/adxm/github/AventusProtocolFoundation/protocol/contracts/proxies/PAVTManager.sol
FN:7,fallback
FNF:1
FNH:1
FNDA:725,fallback
DA:8,725
LF:1
LH:1
BRF:0
BRH:0
end_of_record
TN:
SF:/home/adxm/github/AventusProtocolFoundation/protocol/contracts/proxies/PDelegate.sol
FN:10,delegatedFwd
FN:28,isContract
FNF:2
FNH:2
FNDA:1836,delegatedFwd
FNDA:1836,isContract
DA:11,1836
DA:13,1836
DA:33,1836
DA:35,1836
DA:39,1836
LF:5
LH:5
BRDA:11,1,0,1836
BRDA:11,1,1,0
BRF:2
BRH:1
end_of_record
TN:
SF:/home/adxm/github/AventusProtocolFoundation/protocol/contracts/proxies/PEvents.sol
FN:7,fallback
FNF:1
FNH:1
FNDA:123,fallback
DA:8,123
LF:1
LH:1
BRF:0
BRH:0
end_of_record
TN:
SF:/home/adxm/github/AventusProtocolFoundation/protocol/contracts/proxies/PLibraryDelegate.sol
FN:9,libraryDelegateFwd
FN:20,addressFromMsgData
FNF:2
FNH:2
FNDA:1834,libraryDelegateFwd
FNDA:1834,addressFromMsgData
DA:12,1834
DA:14,1834
DA:21,1834
DA:22,1834
LF:4
LH:4
BRDA:21,1,0,1834
BRDA:21,1,1,0
BRF:2
BRH:1
end_of_record
TN:
SF:/home/adxm/github/AventusProtocolFoundation/protocol/contracts/proxies/PMembers.sol
FN:7,fallback
FNF:1
FNH:1
FNDA:172,fallback
DA:8,172
LF:1
LH:1
BRF:0
BRH:0
end_of_record
TN:
SF:/home/adxm/github/AventusProtocolFoundation/protocol/contracts/proxies/PMerkleRoots.sol
FN:7,fallback
FNF:1
FNH:1
FNDA:40,fallback
DA:8,40
LF:1
LH:1
BRF:0
BRH:0
end_of_record
TN:
SF:/home/adxm/github/AventusProtocolFoundation/protocol/contracts/proxies/PProposals.sol
FN:7,fallback
FNF:1
FNH:1
FNDA:317,fallback
DA:8,317
LF:1
LH:1
BRF:0
BRH:0
end_of_record
TN:
SF:/home/adxm/github/AventusProtocolFoundation/protocol/contracts/Versioned.sol
FN:8,getVersion
FN:12,getVersionMajorMinor
FNF:2
FNH:2
FNDA:1,getVersion
FNDA:1852,getVersionMajorMinor
DA:9,1
DA:13,1852
LF:2
LH:2
BRF:0
BRH:0
end_of_record
