TN:
SF:/home/adxm/github/AventusProtocolFoundation/protocol/contracts/AventusStorage.sol
FN:16,onlyWithWriteAccess
FN:21,onlyWithTransferAVTAccess
FN:36,allowAccess
FN:41,denyAccess
FN:46,transferAVTTo
FN:52,transferAVTFrom
FN:61,fallback
FN:71,getUInt
FN:79,setUInt
FN:86,getString
FN:94,setString
FN:101,getAddress
FN:109,setAddress
FN:116,getBytes
FN:124,setBytes
FN:131,getBytes32
FN:139,setBytes32
FN:146,getBoolean
FN:154,setBoolean
FN:161,getInt
FN:169,setInt
FN:176,doGetAddress
FN:184,isAllowedAccess
FN:188,getKey
FNF:24
FNH:24
FNDA:2060,onlyWithWriteAccess
FNDA:321,onlyWithTransferAVTAccess
FNDA:9,allowAccess
FNDA:2,denyAccess
FNDA:178,transferAVTTo
FNDA:139,transferAVTFrom
FNDA:4,fallback
FNDA:4995,getUInt
FNDA:1711,setUInt
FNDA:3,getString
FNDA:7,setString
FNDA:2847,getAddress
FNDA:201,setAddress
FNDA:3,getBytes
FNDA:2,setBytes
FNDA:70,getBytes32
FNDA:61,setBytes32
FNDA:105,getBoolean
FNDA:70,setBoolean
FNDA:3,getInt
FNDA:2,setInt
FNDA:3168,doGetAddress
FNDA:2381,isAllowedAccess
FNDA:2186,getKey
DA:17,2060
DA:18,2054
DA:22,321
DA:23,317
DA:37,9
DA:38,9
DA:42,2
DA:43,2
DA:47,178
DA:53,139
DA:64,4
DA:66,4
DA:68,2
DA:76,4995
DA:83,1711
DA:91,3
DA:98,7
DA:106,2847
DA:113,201
DA:121,3
DA:128,2
DA:136,70
DA:143,61
DA:151,105
DA:158,70
DA:166,3
DA:173,2
DA:181,3168
DA:185,2381
DA:193,2186
LF:30
LH:30
BRDA:66,1,0,2
BRDA:66,1,1,2
BRDA:185,2,0,2371
BRDA:185,2,1,10
BRF:4
BRH:4
end_of_record
TN:
SF:/home/adxm/github/AventusProtocolFoundation/protocol/contracts/AVTManager.sol
FN:13,constructor
FN:17,withdraw
FN:23,deposit
FN:29,transfer
FN:35,getBalance
FNF:5
FNH:5
FNDA:2,constructor
FNDA:179,withdraw
FNDA:140,deposit
FNDA:12,transfer
FNDA:104,getBalance
DA:14,2
DA:20,179
DA:26,140
DA:32,12
DA:40,104
LF:5
LH:5
BRF:0
BRH:0
end_of_record
TN:
SF:/home/adxm/github/AventusProtocolFoundation/protocol/contracts/EventsManager.sol
FN:13,constructor
FN:17,createEvent
FN:24,takeEventOffSale
FN:30,sellTicket
FN:36,cancelTicket
FN:42,resellTicket
FN:48,registerRoleOnEvent
FNF:7
FNH:7
FNDA:2,constructor
FNDA:47,createEvent
FNDA:8,takeEventOffSale
FNDA:20,sellTicket
FNDA:7,cancelTicket
FNDA:12,resellTicket
FNDA:13,registerRoleOnEvent
DA:14,2
DA:21,47
DA:27,8
DA:33,20
DA:39,7
DA:45,12
DA:52,13
LF:7
LH:7
BRF:0
BRH:0
end_of_record
TN:
SF:/home/adxm/github/AventusProtocolFoundation/protocol/contracts/interfaces/IAventusStorage.sol
FNF:0
FNH:0
LF:0
LH:0
BRF:0
BRH:0
end_of_record
TN:
SF:/home/adxm/github/AventusProtocolFoundation/protocol/contracts/interfaces/IAVTManager.sol
FNF:0
FNH:0
LF:0
LH:0
BRF:0
BRH:0
end_of_record
TN:
SF:/home/adxm/github/AventusProtocolFoundation/protocol/contracts/interfaces/IERC20.sol
FNF:0
FNH:0
LF:0
LH:0
BRF:0
BRH:0
end_of_record
TN:
SF:/home/adxm/github/AventusProtocolFoundation/protocol/contracts/interfaces/IEventsManager.sol
FNF:0
FNH:0
LF:0
LH:0
BRF:0
BRH:0
end_of_record
TN:
SF:/home/adxm/github/AventusProtocolFoundation/protocol/contracts/interfaces/IMembersManager.sol
FNF:0
FNH:0
LF:0
LH:0
BRF:0
BRH:0
end_of_record
TN:
SF:/home/adxm/github/AventusProtocolFoundation/protocol/contracts/interfaces/IMerkleRootsManager.sol
FNF:0
FNH:0
LF:0
LH:0
BRF:0
BRH:0
end_of_record
TN:
SF:/home/adxm/github/AventusProtocolFoundation/protocol/contracts/interfaces/IProposalsManager.sol
FNF:0
FNH:0
LF:0
LH:0
BRF:0
BRH:0
end_of_record
TN:
SF:/home/adxm/github/AventusProtocolFoundation/protocol/contracts/libraries/LAventities.sol
FN:14,onlyActiveAndNotUnderChallengeAventity
FN:19,registerAventity
FN:32,deregisterAventity
FN:39,challengeAventity
FN:54,endAventityChallenge
FN:66,claimVoterWinnings
FN:73,getAventityDepositor
FN:81,getExistingAventityDeposit
FN:89,aventityIsActive
FN:97,aventityIsActiveAndNotUnderChallenge
FN:106,unlockAventityDeposit
FN:116,aventityIsNotUnderChallenge
FN:124,setAventityStatusFraudulent
FN:133,setAventityAsClearFromChallenge
FN:139,finaliseChallenge
FNF:15
FNH:15
FNDA:35,onlyActiveAndNotUnderChallengeAventity
FNDA:22,registerAventity
FNDA:19,deregisterAventity
FNDA:10,challengeAventity
FNDA:12,endAventityChallenge
FNDA:19,claimVoterWinnings
FNDA:10,getAventityDepositor
FNDA:69,getExistingAventityDeposit
FNDA:95,aventityIsActive
FNDA:35,aventityIsActiveAndNotUnderChallenge
FNDA:20,unlockAventityDeposit
FNDA:31,aventityIsNotUnderChallenge
FNDA:1,setAventityStatusFraudulent
FNDA:10,setAventityAsClearFromChallenge
FNDA:10,finaliseChallenge
DA:15,35
DA:16,29
DA:23,22
DA:25,20
DA:27,20
DA:28,20
DA:29,20
DA:36,19
DA:44,10
DA:45,10
DA:46,10
DA:48,10
DA:49,10
DA:51,10
DA:58,12
DA:59,12
DA:61,10
DA:63,10
DA:69,19
DA:70,9
DA:78,10
DA:86,69
DA:94,95
DA:102,35
DA:109,20
DA:110,20
DA:111,20
DA:113,20
DA:121,31
DA:127,1
DA:130,1
DA:136,10
DA:143,10
DA:144,10
DA:147,10
DA:150,10
DA:152,10
DA:153,10
DA:155,10
DA:156,10
DA:157,10
DA:158,10
DA:160,10
DA:161,1
DA:162,1
DA:163,1
DA:164,1
DA:165,1
DA:167,9
DA:168,9
DA:169,9
DA:170,9
DA:171,9
DA:174,10
DA:175,10
DA:178,10
DA:179,10
LF:57
LH:57
BRDA:15,1,0,29
BRDA:15,1,1,6
BRDA:59,2,0,10
BRDA:59,2,1,2
BRDA:160,3,0,1
BRDA:160,3,1,9
BRF:6
BRH:6
end_of_record
TN:
SF:/home/adxm/github/AventusProtocolFoundation/protocol/contracts/libraries/LAventitiesChallenges.sol
FN:17,claimVoterWinnings
FN:50,doWinningsDistribution
FN:77,takeAllWinningsFromProposalLoser
FN:83,giveWinnings
FNF:4
FNH:4
FNDA:19,claimVoterWinnings
FNDA:10,doWinningsDistribution
FNDA:10,takeAllWinningsFromProposalLoser
FNDA:29,giveWinnings
DA:20,19
DA:21,19
DA:22,19
DA:23,19
DA:25,9
DA:27,9
DA:30,9
DA:32,9
DA:35,9
DA:36,5
DA:38,4
DA:40,9
DA:42,9
DA:47,9
DA:54,10
DA:55,10
DA:56,10
DA:57,10
DA:59,10
DA:60,10
DA:61,10
DA:63,10
DA:65,10
DA:67,5
DA:68,5
DA:71,5
DA:74,10
DA:80,10
DA:86,29
LF:29
LH:29
BRDA:23,1,0,9
BRDA:23,1,1,10
BRDA:35,2,0,5
BRDA:35,2,1,4
BRDA:65,3,0,5
BRDA:65,3,1,5
BRF:6
BRH:6
end_of_record
TN:
SF:/home/adxm/github/AventusProtocolFoundation/protocol/contracts/libraries/LAventitiesStorage.sol
FN:21,getAventityCount
FN:29,setAventityCount
FN:35,getLobbyingPeriodDays
FN:43,getVotingPeriodDays
FN:51,getRevealingPeriodDays
FN:59,getWinningsForChallengeWinnerPercentage
FN:67,getWinningsForChallengeEnderPercentage
FN:75,getDepositor
FN:83,setDepositor
FN:89,getChallengeProposalId
FN:97,setChallengeProposalId
FN:103,getDeposit
FN:111,setDeposit
FNF:13
FNH:13
FNDA:20,getAventityCount
FNDA:20,setAventityCount
FNDA:10,getLobbyingPeriodDays
FNDA:10,getVotingPeriodDays
FNDA:10,getRevealingPeriodDays
FNDA:10,getWinningsForChallengeWinnerPercentage
FNDA:10,getWinningsForChallengeEnderPercentage
FNDA:30,getDepositor
FNDA:20,setDepositor
FNDA:43,getChallengeProposalId
FNDA:20,setChallengeProposalId
FNDA:154,getDeposit
FNDA:40,setDeposit
DA:26,20
DA:32,20
DA:40,10
DA:48,10
DA:56,10
DA:64,10
DA:72,10
DA:80,30
DA:86,20
DA:94,43
DA:100,20
DA:108,154
DA:114,40
LF:13
LH:13
BRF:0
BRH:0
end_of_record
TN:
SF:/home/adxm/github/AventusProtocolFoundation/protocol/contracts/libraries/LAventusDLL.sol
FN:8,incrementCount
FN:35,decrementCount
FN:52,getPreviousValue
FN:73,getHeadValue
FNF:4
FNH:4
FNDA:36,incrementCount
FNDA:23,decrementCount
FNDA:37,getPreviousValue
FNDA:337,getHeadValue
DA:11,36
DA:14,36
DA:16,35
DA:17,35
DA:18,16
DA:19,16
DA:21,33
DA:22,3
DA:23,3
DA:26,31
DA:27,31
DA:28,31
DA:29,31
DA:32,32
DA:38,23
DA:42,23
DA:43,22
DA:44,22
DA:45,22
DA:46,22
DA:48,1
DA:57,37
DA:59,1
DA:60,1
DA:63,36
DA:64,36
DA:65,98
DA:66,98
DA:67,36
DA:69,62
DA:78,337
LF:31
LH:31
BRDA:14,1,0,35
BRDA:14,1,1,1
BRDA:17,2,0,16
BRDA:17,2,1,19
BRDA:19,3,0,14
BRDA:19,3,1,2
BRDA:21,4,0,3
BRDA:21,4,1,30
BRDA:23,5,0,1
BRDA:23,5,1,2
BRDA:42,6,0,22
BRDA:42,6,1,1
BRDA:57,7,0,1
BRDA:57,7,1,36
BRDA:66,8,0,36
BRDA:66,8,1,62
BRF:16
BRH:16
end_of_record
TN:
SF:/home/adxm/github/AventusProtocolFoundation/protocol/contracts/libraries/LAventusDLLStorage.sol
FN:10,setCount
FN:16,getCount
FN:24,setNext
FN:30,getNext
FN:38,setPrevious
FN:44,getPrevious
FNF:6
FNH:6
FNDA:33,setCount
FNDA:113,getCount
FNDA:84,setNext
FNDA:492,getNext
FNDA:84,setPrevious
FNDA:23,getPrevious
DA:13,33
DA:21,113
DA:27,84
DA:35,492
DA:41,84
DA:49,23
LF:6
LH:6
BRF:0
BRH:0
end_of_record
TN:
SF:/home/adxm/github/AventusProtocolFoundation/protocol/contracts/libraries/LAVTManager.sol
FN:15,withdraw
FN:26,deposit
FN:36,transfer
FN:46,lockDeposit
FN:57,unlockDeposit
FN:66,getBalance
FN:74,decreaseAVT
FN:80,increaseAVT
FN:88,doTransfer
FN:97,votingIsInTheRevealPeriod
FN:112,avtIsLockedUpInDeposits
FNF:11
FNH:11
FNDA:179,withdraw
FNDA:140,deposit
FNDA:12,transfer
FNDA:91,lockDeposit
FNDA:86,unlockDeposit
FNDA:402,getBalance
FNDA:190,decreaseAVT
FNDA:172,increaseAVT
FNDA:4,doTransfer
FNDA:337,votingIsInTheRevealPeriod
FNDA:187,avtIsLockedUpInDeposits
DA:18,179
DA:19,177
DA:21,175
DA:22,175
DA:23,175
DA:29,140
DA:31,138
DA:32,136
DA:33,130
DA:39,12
DA:40,10
DA:41,6
DA:43,4
DA:49,91
DA:50,91
DA:52,91
DA:54,87
DA:61,86
DA:63,86
DA:71,402
DA:77,190
DA:83,172
DA:91,4
DA:93,2
DA:94,2
DA:102,337
DA:104,337
DA:117,187
DA:118,187
DA:119,187
DA:121,181
LF:31
LH:31
BRDA:18,1,0,177
BRDA:18,1,1,2
BRDA:19,2,0,175
BRDA:19,2,1,2
BRDA:29,3,0,138
BRDA:29,3,1,2
BRDA:39,4,0,10
BRDA:39,4,1,2
BRDA:40,5,0,6
BRDA:40,5,1,4
BRDA:41,6,0,4
BRDA:41,6,1,2
BRDA:52,7,0,87
BRDA:52,7,1,4
BRDA:91,8,0,2
BRDA:91,8,1,2
BRDA:104,9,0,328
BRDA:104,9,1,9
BRDA:106,10,0,1
BRDA:106,10,1,8
BRDA:119,11,0,181
BRDA:119,11,1,6
BRF:22
BRH:22
end_of_record
TN:
SF:/home/adxm/github/AventusProtocolFoundation/protocol/contracts/libraries/LAVTStorage.sol
FN:10,getAVTBalance
FN:18,decreaseAVT
FN:29,increaseAVT
FN:38,getExpectedDeposits
FN:46,setExpectedDeposits
FNF:5
FNH:5
FNDA:402,getAVTBalance
FNDA:190,decreaseAVT
FNDA:172,increaseAVT
FNDA:364,getExpectedDeposits
FNDA:173,setExpectedDeposits
DA:15,402
DA:21,190
DA:22,190
DA:26,190
DA:32,172
DA:33,172
DA:34,172
DA:35,170
DA:43,364
DA:49,173
LF:10
LH:10
BRDA:34,1,0,170
BRDA:34,1,1,2
BRF:2
BRH:2
end_of_record
TN:
SF:/home/adxm/github/AventusProtocolFoundation/protocol/contracts/libraries/LEvents.sol
FN:32,onlyWhenTrading
FN:37,onlyWhenExistent
FN:42,createEvent
FN:54,takeEventOffSale
FN:62,sellTicket
FN:71,cancelTicket
FN:79,resellTicket
FN:88,registerRoleOnEvent
FN:97,getEventState
FNF:9
FNH:9
FNDA:47,onlyWhenTrading
FNDA:13,onlyWhenExistent
FNDA:47,createEvent
FNDA:6,takeEventOffSale
FNDA:16,sellTicket
FNDA:5,cancelTicket
FNDA:10,resellTicket
FNDA:11,registerRoleOnEvent
FNDA:60,getEventState
DA:33,47
DA:34,37
DA:38,13
DA:39,11
DA:46,47
DA:48,37
DA:49,37
DA:50,24
DA:58,6
DA:59,2
DA:67,16
DA:68,12
DA:75,5
DA:76,1
DA:84,10
DA:85,2
DA:93,11
DA:94,3
DA:102,60
DA:103,60
DA:105,50
DA:106,50
DA:108,48
LF:23
LH:23
BRDA:33,1,0,37
BRDA:33,1,1,10
BRDA:38,2,0,11
BRDA:38,2,1,2
BRDA:49,3,0,24
BRDA:49,3,1,13
BRDA:103,4,0,10
BRDA:103,4,1,50
BRDA:106,5,0,2
BRDA:106,5,1,48
BRF:10
BRH:10
end_of_record
TN:
SF:/home/adxm/github/AventusProtocolFoundation/protocol/contracts/libraries/LEventsEvents.sol
FN:11,onlyValidatorOnEventOrEventOwner
FN:16,createEvent
FN:43,takeEventOffSale
FNF:3
FNH:3
FNDA:6,onlyValidatorOnEventOrEventOwner
FNDA:47,createEvent
FNDA:4,takeEventOffSale
DA:12,6
DA:13,4
DA:21,47
DA:22,45
DA:24,43
DA:25,43
DA:26,43
DA:27,43
DA:29,41
DA:30,41
DA:32,41
DA:33,28
DA:34,26
DA:37,39
DA:38,39
DA:39,39
DA:40,37
DA:47,4
DA:48,4
DA:49,4
DA:51,2
DA:52,1
DA:55,2
DA:56,2
LF:24
LH:24
BRDA:21,1,0,45
BRDA:21,1,1,2
BRDA:22,2,0,43
BRDA:22,2,1,2
BRDA:27,3,0,41
BRDA:27,3,1,2
BRDA:32,4,0,28
BRDA:32,4,1,13
BRDA:49,5,0,2
BRDA:49,5,1,2
BRDA:51,6,0,1
BRDA:51,6,1,1
BRF:12
BRH:12
end_of_record
TN:
SF:/home/adxm/github/AventusProtocolFoundation/protocol/contracts/libraries/LEventsRoles.sol
FN:13,onlyEventOwnerOrValidator
FN:18,onlyRegistrableEventRole
FN:23,registerRoleOnEvent
FN:41,isVendorOnEvent
FN:49,isResellerOnEvent
FN:57,mustBeValidatorOnEventOrEventOwner
FN:66,isTraderOnEvent
FN:77,isRegistrableEventRole
FN:86,isEventOwner
FNF:9
FNH:9
FNDA:11,onlyEventOwnerOrValidator
FNDA:9,onlyRegistrableEventRole
FNDA:7,registerRoleOnEvent
FNDA:21,isVendorOnEvent
FNDA:10,isResellerOnEvent
FNDA:17,mustBeValidatorOnEventOrEventOwner
FNDA:31,isTraderOnEvent
FNDA:9,isRegistrableEventRole
FNDA:53,isEventOwner
DA:14,11
DA:15,9
DA:19,9
DA:20,7
DA:29,7
DA:30,5
DA:31,5
DA:32,5
DA:34,3
DA:35,1
DA:38,3
DA:46,21
DA:54,10
DA:61,17
DA:62,17
DA:63,17
DA:71,31
DA:72,31
DA:73,31
DA:82,9
DA:83,9
DA:91,53
LF:22
LH:22
BRDA:19,1,0,7
BRDA:19,1,1,2
BRDA:29,2,0,5
BRDA:29,2,1,2
BRDA:32,3,0,3
BRDA:32,3,1,2
BRDA:34,4,0,1
BRDA:34,4,1,2
BRDA:63,5,0,13
BRDA:63,5,1,4
BRF:10
BRH:10
end_of_record
TN:
SF:/home/adxm/github/AventusProtocolFoundation/protocol/contracts/libraries/LEventsStorage.sol
FN:13,getEventCount
FN:21,setEventCount
FN:27,isRoleOnEvent
FN:36,setRoleOnEvent
FN:42,getTicketOwner
FN:50,setTicketOwner
FN:56,getOffSaleTime
FN:64,setOffSaleTime
FN:72,setEventTime
FN:79,getEventOwner
FN:87,setEventOwner
FNF:11
FNH:11
FNDA:41,getEventCount
FNDA:39,setEventCount
FNDA:55,isRoleOnEvent
FNDA:29,setRoleOnEvent
FNDA:31,getTicketOwner
FNDA:15,setTicketOwner
FNDA:50,getOffSaleTime
FNDA:41,setOffSaleTime
FNDA:37,setEventTime
FNDA:118,getEventOwner
FNDA:39,setEventOwner
DA:18,41
DA:24,39
DA:32,55
DA:39,29
DA:47,31
DA:53,15
DA:61,50
DA:67,41
DA:68,41
DA:69,39
DA:76,37
DA:84,118
DA:90,39
LF:13
LH:13
BRDA:68,1,0,39
BRDA:68,1,1,2
BRF:2
BRH:2
end_of_record
TN:
SF:/home/adxm/github/AventusProtocolFoundation/protocol/contracts/libraries/LEventsTickets.sol
FN:13,onlyActiveTicket
FN:18,onlyResellerOnEvent
FN:24,onlyVendorOnEvent
FN:29,cancelTicket
FN:38,resellTicket
FN:48,sellTicket
FN:56,resellTicketOwnerPermissionCheck
FN:67,addTicket
FN:78,ticketIsActive
FNF:9
FNH:9
FNDA:11,onlyActiveTicket
FNDA:10,onlyResellerOnEvent
FNDA:21,onlyVendorOnEvent
FNDA:1,cancelTicket
FNDA:6,resellTicket
FNDA:14,sellTicket
FNDA:6,resellTicketOwnerPermissionCheck
FNDA:14,addTicket
FNDA:25,ticketIsActive
DA:14,11
DA:15,7
DA:19,10
DA:21,8
DA:25,21
DA:26,17
DA:34,1
DA:35,1
DA:44,6
DA:45,2
DA:53,14
DA:61,6
DA:62,6
DA:63,6
DA:64,6
DA:73,14
DA:74,14
DA:75,12
DA:83,25
DA:84,25
LF:20
LH:20
BRDA:14,1,0,7
BRDA:14,1,1,4
BRDA:19,2,0,8
BRDA:19,2,1,2
BRDA:25,3,0,17
BRDA:25,3,1,4
BRDA:64,4,0,2
BRDA:64,4,1,4
BRDA:74,5,0,12
BRDA:74,5,1,2
BRF:10
BRH:10
end_of_record
TN:
SF:/home/adxm/github/AventusProtocolFoundation/protocol/contracts/libraries/LMembers.sol
FN:21,onlyValidMemberType
FN:26,onlyAfterCoolingOffPeriod
FN:31,onlyIfNotAlreadyRegistered
FN:36,onlyIfRegistered
FN:41,registerMember
FN:59,deregisterMember
FN:71,challengeMember
FN:81,endMemberChallenge
FN:97,getExistingMemberDeposit
FN:107,checkValidatorActive
FN:114,updateValidatorDeregistrationTimeIfNecessary
FN:124,memberIsActive
FN:133,getNewMemberDeposit
FN:142,getAventityIdForMember
FN:150,isAfterCoolingOffPeriod
FN:160,isValidMemberType
FNF:16
FNH:16
FNDA:73,onlyValidMemberType
FNDA:21,onlyAfterCoolingOffPeriod
FNDA:28,onlyIfNotAlreadyRegistered
FNDA:58,onlyIfRegistered
FNDA:26,registerMember
FNDA:19,deregisterMember
FNDA:16,challengeMember
FNDA:18,endMemberChallenge
FNDA:29,getExistingMemberDeposit
FNDA:30,checkValidatorActive
FNDA:20,updateValidatorDeregistrationTimeIfNecessary
FNDA:60,memberIsActive
FNDA:42,getNewMemberDeposit
FNDA:228,getAventityIdForMember
FNDA:21,isAfterCoolingOffPeriod
FNDA:73,isValidMemberType
DA:22,73
DA:23,70
DA:27,21
DA:28,19
DA:32,28
DA:33,26
DA:37,58
DA:38,50
DA:47,26
DA:48,24
DA:50,22
DA:51,22
DA:54,20
DA:56,20
DA:64,19
DA:65,19
DA:66,19
DA:68,19
DA:74,16
DA:75,16
DA:76,10
DA:78,10
DA:84,18
DA:85,18
DA:87,12
DA:90,10
DA:91,1
DA:94,10
DA:103,29
DA:104,29
DA:111,30
DA:118,20
DA:119,20
DA:120,17
DA:129,60
DA:130,60
DA:139,42
DA:147,228
DA:155,21
DA:156,21
DA:165,73
DA:166,73
LF:42
LH:42
BRDA:22,1,0,70
BRDA:22,1,1,3
BRDA:27,2,0,19
BRDA:27,2,1,2
BRDA:32,3,0,26
BRDA:32,3,1,2
BRDA:37,4,0,50
BRDA:37,4,1,8
BRDA:47,5,0,24
BRDA:47,5,1,2
BRDA:48,6,0,22
BRDA:48,6,1,2
BRDA:85,7,0,12
BRDA:85,7,1,6
BRDA:90,8,0,1
BRDA:90,8,1,9
BRDA:111,9,0,28
BRDA:111,9,1,2
BRDA:119,10,0,17
BRDA:119,10,1,3
BRF:20
BRH:20
end_of_record
TN:
SF:/home/adxm/github/AventusProtocolFoundation/protocol/contracts/libraries/LMembersStorage.sol
FN:11,getFixedDepositAmount
FN:19,getAventityId
FN:28,setAventityId
FN:34,clearAventityId
FN:40,getEarliestDeregistrationTime
FN:49,setEarliestDeregistrationTime
FNF:6
FNH:6
FNDA:42,getFixedDepositAmount
FNDA:228,getAventityId
FNDA:20,setAventityId
FNDA:20,clearAventityId
FNDA:41,getEarliestDeregistrationTime
FNDA:17,setEarliestDeregistrationTime
DA:16,42
DA:24,228
DA:31,20
DA:37,20
DA:45,41
DA:46,41
DA:53,17
DA:54,17
LF:8
LH:8
BRF:0
BRH:0
end_of_record
TN:
SF:/home/adxm/github/AventusProtocolFoundation/protocol/contracts/libraries/LMerkleRoots.sol
FN:17,onlyActiveValidator
FN:22,onlyIfNotAlreadyActive
FN:27,onlyActive
FN:32,onlyAfterCoolingOffPeriod
FN:41,onlyValidTreeDepth
FN:48,registerMerkleRoot
FN:65,deregisterMerkleRoot
FN:79,autoChallengeTreeDepth
FN:92,autoChallengeLastEventTime
FN:107,getNewMerkleRootDeposit
FN:126,merkleRootIsActive
FN:135,generateMerkleRoot
FN:156,finaliseAutoChallenge
FN:171,setLastEventTime
FN:180,getEventTime
FN:188,max
FNF:16
FNH:16
FNDA:27,onlyActiveValidator
FNDA:25,onlyIfNotAlreadyActive
FNDA:20,onlyActive
FNDA:18,onlyAfterCoolingOffPeriod
FNDA:51,onlyValidTreeDepth
FNDA:23,registerMerkleRoot
FNDA:16,deregisterMerkleRoot
FNDA:11,autoChallengeTreeDepth
FNDA:11,autoChallengeLastEventTime
FNDA:47,getNewMerkleRootDeposit
FNDA:67,merkleRootIsActive
FNDA:22,generateMerkleRoot
FNDA:4,finaliseAutoChallenge
FNDA:20,setLastEventTime
FNDA:3,getEventTime
FNDA:43,max
DA:18,27
DA:19,25
DA:23,25
DA:24,23
DA:28,20
DA:29,18
DA:33,18
DA:34,18
DA:35,18
DA:37,18
DA:38,16
DA:42,51
DA:43,50
DA:45,47
DA:53,23
DA:54,19
DA:56,19
DA:57,19
DA:58,19
DA:59,19
DA:61,19
DA:70,16
DA:71,16
DA:72,16
DA:73,16
DA:75,16
DA:76,16
DA:82,11
DA:83,11
DA:84,5
DA:87,3
DA:88,3
DA:89,3
DA:96,11
DA:97,11
DA:98,3
DA:99,3
DA:102,1
DA:103,1
DA:104,1
DA:113,47
DA:114,47
DA:116,44
DA:117,44
DA:120,43
DA:121,43
DA:123,43
DA:131,67
DA:140,22
DA:142,22
DA:143,142
DA:145,142
DA:147,60
DA:150,82
DA:153,22
DA:159,4
DA:161,4
DA:163,3
DA:164,3
DA:165,3
DA:166,3
DA:167,3
DA:174,20
DA:175,20
DA:176,20
DA:185,3
DA:193,43
DA:195,43
DA:196,23
LF:69
LH:69
BRDA:18,1,0,25
BRDA:18,1,1,2
BRDA:23,2,0,23
BRDA:23,2,1,2
BRDA:28,3,0,18
BRDA:28,3,1,2
BRDA:37,4,0,16
BRDA:37,4,1,2
BRDA:42,5,0,50
BRDA:42,5,1,1
BRDA:43,6,0,47
BRDA:43,6,1,3
BRDA:83,7,0,5
BRDA:83,7,1,6
BRDA:84,8,0,3
BRDA:84,8,1,2
BRDA:97,9,0,3
BRDA:97,9,1,8
BRDA:99,10,0,1
BRDA:99,10,1,2
BRDA:114,11,0,44
BRDA:114,11,1,3
BRDA:117,12,0,43
BRDA:117,12,1,1
BRDA:145,13,0,60
BRDA:145,13,1,82
BRDA:161,14,0,3
BRDA:161,14,1,1
BRDA:195,15,0,23
BRDA:195,15,1,20
BRF:30
BRH:30
end_of_record
TN:
SF:/home/adxm/github/AventusProtocolFoundation/protocol/contracts/libraries/LMerkleRootsStorage.sol
FN:15,getBaseDeposit
FN:23,getCoolingOffPeriod
FN:31,getDepositMultiplier
FN:39,getMaxTreeDepth
FN:47,getMaxInterveningEventTime
FN:55,getRootHashOwner
FN:63,setRootHashOwner
FN:69,getTreeDepth
FN:77,setTreeDepth
FN:83,getLastEventTime
FN:91,setLastEventTime
FN:97,getDeposit
FN:105,setDeposit
FNF:13
FNH:13
FNDA:43,getBaseDeposit
FNDA:38,getCoolingOffPeriod
FNDA:43,getDepositMultiplier
FNDA:50,getMaxTreeDepth
FNDA:44,getMaxInterveningEventTime
FNDA:86,getRootHashOwner
FNDA:35,setRootHashOwner
FNDA:5,getTreeDepth
FNDA:22,setTreeDepth
FNDA:21,getLastEventTime
FNDA:20,setLastEventTime
FNDA:20,getDeposit
FNDA:38,setDeposit
DA:20,43
DA:28,38
DA:36,43
DA:44,50
DA:52,44
DA:60,86
DA:66,35
DA:74,5
DA:80,22
DA:88,21
DA:94,20
DA:102,20
DA:108,38
LF:13
LH:13
BRF:0
BRH:0
end_of_record
TN:
SF:/home/adxm/github/AventusProtocolFoundation/protocol/contracts/libraries/LProposals.sol
FN:21,onlyInVotingPeriod
FN:26,onlyAfterRevealingFinishedAndProposalNotEnded
FN:31,onlyGovernanceProposals
FN:36,createGovernanceProposal
FN:50,createProposal
FN:59,castVote
FN:67,cancelVote
FN:74,revealVote
FN:83,endGovernanceProposal
FN:91,getPrevTimeParamForCastVote
FN:99,getAventusTime
FN:107,getTotalRevealedStake
FN:115,getOwner
FN:123,getRevealedVoterStake
FN:131,clearRevealedStake
FN:137,getNumVotersRevealedWithStake
FN:145,getWinningProposalOption
FN:153,setWinningProposalOption
FN:159,getTotalWinningsToVoters
FN:167,setTotalWinningsToVoters
FN:173,getTotalWinningStake
FN:181,setTotalWinningStake
FN:187,incrementNumVotersClaimed
FN:194,initialiseVotersWinningsPot
FN:200,getVotersWinningsPot
FN:208,reduceVotersWinningsPot
FN:214,getGovernanceProposalDeposit
FN:222,endProposal
FN:233,getTimestamps
FN:244,doCreateGovernanceProposal
FNF:30
FNH:30
FNDA:40,onlyInVotingPeriod
FNDA:53,onlyAfterRevealingFinishedAndProposalNotEnded
FNDA:45,onlyGovernanceProposals
FNDA:40,createGovernanceProposal
FNDA:10,createProposal
FNDA:38,castVote
FNDA:10,cancelVote
FNDA:31,revealVote
FNDA:43,endGovernanceProposal
FNDA:38,getPrevTimeParamForCastVote
FNDA:1,getAventusTime
FNDA:20,getTotalRevealedStake
FNDA:10,getOwner
FNDA:19,getRevealedVoterStake
FNDA:9,clearRevealedStake
FNDA:9,getNumVotersRevealedWithStake
FNDA:19,getWinningProposalOption
FNDA:10,setWinningProposalOption
FNDA:9,getTotalWinningsToVoters
FNDA:5,setTotalWinningsToVoters
FNDA:9,getTotalWinningStake
FNDA:10,setTotalWinningStake
FNDA:9,incrementNumVotersClaimed
FNDA:5,initialiseVotersWinningsPot
FNDA:5,getVotersWinningsPot
FNDA:9,reduceVotersWinningsPot
FNDA:51,getGovernanceProposalDeposit
FNDA:47,endProposal
FNDA:48,getTimestamps
FNDA:40,doCreateGovernanceProposal
DA:22,40
DA:23,38
DA:27,53
DA:28,47
DA:32,45
DA:33,43
DA:39,40
DA:40,40
DA:41,38
DA:44,38
DA:46,38
DA:55,10
DA:63,38
DA:64,32
DA:70,10
DA:71,2
DA:77,31
DA:78,21
DA:79,21
DA:80,21
DA:87,43
DA:88,37
DA:96,38
DA:104,1
DA:112,20
DA:120,10
DA:128,19
DA:134,9
DA:142,9
DA:150,19
DA:156,10
DA:164,9
DA:170,5
DA:178,9
DA:184,10
DA:191,9
DA:197,5
DA:205,5
DA:211,9
DA:219,51
DA:227,47
DA:229,47
DA:230,47
DA:238,48
DA:239,48
DA:240,48
DA:241,48
DA:248,40
DA:249,40
DA:250,40
DA:251,40
LF:51
LH:51
BRDA:22,1,0,38
BRDA:22,1,1,2
BRDA:27,2,0,47
BRDA:27,2,1,6
BRDA:32,3,0,43
BRDA:32,3,1,2
BRF:6
BRH:6
end_of_record
TN:
SF:/home/adxm/github/AventusProtocolFoundation/protocol/contracts/libraries/LProposalsEnact.sol
FN:13,doUnlockProposalDeposit
FN:22,doCreateProposal
FN:39,inRevealingPeriodOrLater
FN:51,inRevealingPeriod
FN:59,inVotingPeriodOrAfterRevealingFinished
FN:71,inVotingPeriod
FN:79,afterRevealingFinishedAndProposalNotEnded
FN:87,doGetProposalStatus
FN:113,setProposalTimes
FN:128,getProposalDeposit
FN:136,getProposalOwner
FN:144,thereAreUnrevealedVotes
FNF:12
FNH:12
FNDA:47,doUnlockProposalDeposit
FNDA:50,doCreateProposal
FNDA:31,inRevealingPeriodOrLater
FNDA:21,inRevealingPeriod
FNDA:10,inVotingPeriodOrAfterRevealingFinished
FNDA:40,inVotingPeriod
FNDA:53,afterRevealingFinishedAndProposalNotEnded
FNDA:155,doGetProposalStatus
FNDA:48,setProposalTimes
FNDA:202,getProposalDeposit
FNDA:47,getProposalOwner
FNDA:50,thereAreUnrevealedVotes
DA:16,47
DA:17,47
DA:18,47
DA:19,47
DA:27,50
DA:29,50
DA:31,48
DA:32,48
DA:33,48
DA:34,48
DA:35,48
DA:36,48
DA:44,31
DA:45,31
DA:56,21
DA:64,10
DA:65,10
DA:76,40
DA:84,53
DA:92,155
DA:93,155
DA:94,155
DA:95,155
DA:97,155
DA:99,155
DA:100,6
DA:102,2
DA:104,46
DA:106,47
DA:108,52
DA:110,2
DA:117,48
DA:118,48
DA:119,48
DA:120,48
DA:122,48
DA:123,48
DA:124,48
DA:125,48
DA:133,202
DA:141,47
DA:149,50
LF:42
LH:42
BRDA:99,1,0,6
BRDA:99,1,1,149
BRDA:101,2,0,2
BRDA:101,2,1,147
BRDA:103,3,0,46
BRDA:103,3,1,101
BRDA:105,4,0,47
BRDA:105,4,1,54
BRDA:107,5,0,52
BRDA:107,5,1,2
BRF:10
BRH:10
end_of_record
TN:
SF:/home/adxm/github/AventusProtocolFoundation/protocol/contracts/libraries/LProposalsStorage.sol
FN:21,getGovernanceProposalDeposit
FN:29,getGovernanceProposalLobbyingPeriodDays
FN:37,getGovernanceProposalVotingPeriodDays
FN:45,getGovernanceProposalRevealingPeriodDays
FN:53,getProposalCount
FN:61,setProposalCount
FN:67,getRevealedVoterStake
FN:76,setRevealedVoterStake
FN:83,getDeposit
FN:91,setDeposit
FN:97,isGovernanceProposal
FN:105,setGovernanceProposal
FN:111,getLobbyingStart
FN:119,setLobbyingStart
FN:125,getOwner
FN:133,setOwner
FN:139,getTotalRevealedStake
FN:147,increaseTotalRevealedStake
FN:154,getNumVotersRevealedWithStake
FN:162,incrementNumVotersRevealedWithStake
FN:168,getRevealingEnd
FN:176,setRevealingEnd
FN:182,getRevealingStart
FN:190,setRevealingStart
FN:196,getUnrevealedVotesCount
FN:204,setUnrevealedVotesCount
FN:210,getVotingStart
FN:218,setVotingStart
FN:224,getVoterSecret
FN:232,setVoterSecret
FN:238,getWinningProposalOption
FN:246,setWinningProposalOption
FN:252,getTotalWinningStake
FN:260,setTotalWinningStake
FN:266,getTotalWinningsToVoters
FN:274,setTotalWinningsToVoters
FN:280,initialiseVotersWinningsPot
FN:288,getVotersWinningsPot
FN:296,reduceVotersWinningsPot
FN:307,incrementNumVotersClaimed
FN:316,getVotersWinningsPotKey
FN:324,getTotalRevealedStakeKey
FN:332,getNumVotersRevealedWithStakeKey
FNF:43
FNH:43
FNDA:51,getGovernanceProposalDeposit
FNDA:40,getGovernanceProposalLobbyingPeriodDays
FNDA:40,getGovernanceProposalVotingPeriodDays
FNDA:40,getGovernanceProposalRevealingPeriodDays
FNDA:48,getProposalCount
FNDA:48,setProposalCount
FNDA:19,getRevealedVoterStake
FNDA:20,setRevealedVoterStake
FNDA:202,getDeposit
FNDA:95,setDeposit
FNDA:45,isGovernanceProposal
FNDA:38,setGovernanceProposal
FNDA:48,getLobbyingStart
FNDA:48,setLobbyingStart
FNDA:57,getOwner
FNDA:48,setOwner
FNDA:114,getTotalRevealedStake
FNDA:11,increaseTotalRevealedStake
FNDA:9,getNumVotersRevealedWithStake
FNDA:11,incrementNumVotersRevealedWithStake
FNDA:224,getRevealingEnd
FNDA:48,setRevealingEnd
FNDA:321,getRevealingStart
FNDA:48,setRevealingStart
FNDA:109,getUnrevealedVotesCount
FNDA:59,setUnrevealedVotesCount
FNDA:203,getVotingStart
FNDA:48,setVotingStart
FNDA:67,getVoterSecret
FNDA:59,setVoterSecret
FNDA:19,getWinningProposalOption
FNDA:10,setWinningProposalOption
FNDA:9,getTotalWinningStake
FNDA:10,setTotalWinningStake
FNDA:9,getTotalWinningsToVoters
FNDA:5,setTotalWinningsToVoters
FNDA:5,initialiseVotersWinningsPot
FNDA:5,getVotersWinningsPot
FNDA:9,reduceVotersWinningsPot
FNDA:9,incrementNumVotersClaimed
FNDA:19,getVotersWinningsPotKey
FNDA:125,getTotalRevealedStakeKey
FNDA:20,getNumVotersRevealedWithStakeKey
DA:26,51
DA:34,40
DA:42,40
DA:50,40
DA:58,48
DA:64,48
DA:72,19
DA:79,20
DA:80,20
DA:88,202
DA:94,95
DA:102,45
DA:108,38
DA:116,48
DA:122,48
DA:130,57
DA:136,48
DA:144,114
DA:150,11
DA:151,11
DA:159,9
DA:164,11
DA:165,11
DA:173,224
DA:179,48
DA:187,321
DA:193,48
DA:201,109
DA:207,59
DA:215,203
DA:221,48
DA:229,67
DA:235,59
DA:243,19
DA:249,10
DA:257,9
DA:263,10
DA:271,9
DA:277,5
DA:283,5
DA:285,5
DA:293,5
DA:300,9
DA:301,9
DA:304,9
DA:311,9
DA:312,9
DA:313,9
DA:321,19
DA:329,125
DA:337,20
LF:51
LH:51
BRF:0
BRH:0
end_of_record
TN:
SF:/home/adxm/github/AventusProtocolFoundation/protocol/contracts/libraries/LProposalsVoting.sol
FN:12,onlyInVotingPeriodOrAfterRevealingFinished
FN:18,onlyInRevealingPeriodOrLater
FN:23,onlyUnrevealedVote
FN:29,onlyWhenVoterIsSender
FN:34,onlyValidOptionId
FN:39,castVote
FN:50,cancelVote
FN:58,getPrevTimeParamForCastVote
FN:68,revealVote
FN:88,addSendersVoteToDLL
FN:99,removeSendersVoteFromDLL
FN:106,doRemoveVote
FN:115,checkVoterIsSender
FN:126,addVoterStakeToProposal
FNF:14
FNH:14
FNDA:10,onlyInVotingPeriodOrAfterRevealingFinished
FNDA:31,onlyInRevealingPeriodOrLater
FNDA:6,onlyUnrevealedVote
FNDA:27,onlyWhenVoterIsSender
FNDA:29,onlyValidOptionId
FNDA:38,castVote
FNDA:2,cancelVote
FNDA:38,getPrevTimeParamForCastVote
FNDA:23,revealVote
FNDA:36,addSendersVoteToDLL
FNDA:23,removeSendersVoteFromDLL
FNDA:23,doRemoveVote
FNDA:27,checkVoterIsSender
FNDA:20,addVoterStakeToProposal
DA:13,10
DA:14,10
DA:15,6
DA:19,31
DA:20,29
DA:24,6
DA:25,6
DA:26,2
DA:30,27
DA:31,23
DA:35,29
DA:36,27
DA:42,38
DA:43,36
DA:45,36
DA:46,36
DA:47,36
DA:55,2
DA:63,38
DA:64,38
DA:65,37
DA:74,23
DA:76,23
DA:79,21
DA:80,20
DA:83,21
DA:92,36
DA:94,36
DA:102,23
DA:103,23
DA:109,23
DA:110,23
DA:111,23
DA:112,23
DA:121,27
DA:122,27
DA:123,25
DA:129,20
DA:131,20
DA:133,11
DA:134,11
DA:135,11
LF:42
LH:42
BRDA:14,1,0,6
BRDA:14,1,1,4
BRDA:19,2,0,29
BRDA:19,2,1,2
BRDA:25,3,0,2
BRDA:25,3,1,4
BRDA:30,4,0,23
BRDA:30,4,1,4
BRDA:35,5,0,27
BRDA:35,5,1,2
BRDA:42,6,0,36
BRDA:42,6,1,2
BRDA:64,7,0,37
BRDA:64,7,1,1
BRDA:76,8,0,21
BRDA:76,8,1,2
BRDA:79,9,0,20
BRDA:79,9,1,1
BRDA:131,10,0,9
BRDA:131,10,1,11
BRF:20
BRH:20
end_of_record
TN:
SF:/home/adxm/github/AventusProtocolFoundation/protocol/contracts/libraries/zeppelin/LECRecovery.sol
FN:19,recover
FN:60,toEthSignedMessageHash
FNF:2
FNH:2
FNDA:85,recover
FNDA:85,toEthSignedMessageHash
DA:24,85
DA:25,85
DA:26,85
DA:27,85
DA:30,85
DA:31,6
DA:38,79
DA:45,79
DA:46,77
DA:50,79
DA:52,77
DA:67,85
LF:12
LH:12
BRDA:30,1,0,6
BRDA:30,1,1,79
BRDA:45,2,0,77
BRDA:45,2,1,2
BRDA:50,3,0,77
BRDA:50,3,1,2
BRF:6
BRH:6
end_of_record
TN:
SF:/home/adxm/github/AventusProtocolFoundation/protocol/contracts/MembersManager.sol
FN:13,constructor
FN:17,registerMember
FN:25,deregisterMember
FN:32,challengeMember
FN:38,endMemberChallenge
FN:44,getNewMemberDeposit
FN:48,getExistingMemberDeposit
FN:56,memberIsActive
FNF:8
FNH:8
FNDA:2,constructor
FNDA:30,registerMember
FNDA:27,deregisterMember
FNDA:16,challengeMember
FNDA:18,endMemberChallenge
FNDA:21,getNewMemberDeposit
FNDA:31,getExistingMemberDeposit
FNDA:3,memberIsActive
DA:14,2
DA:22,30
DA:29,27
DA:35,16
DA:41,18
DA:45,21
DA:53,31
DA:61,3
LF:8
LH:8
BRF:0
BRH:0
end_of_record
TN:
SF:/home/adxm/github/AventusProtocolFoundation/protocol/contracts/MerkleRootsManager.sol
FN:13,constructor
FN:17,registerMerkleRoot
FN:23,deregisterMerkleRoot
FN:29,getNewMerkleRootDeposit
FN:37,autoChallengeTreeDepth
FN:43,autoChallengeLastEventTime
FNF:6
FNH:6
FNDA:2,constructor
FNDA:27,registerMerkleRoot
FNDA:20,deregisterMerkleRoot
FNDA:28,getNewMerkleRootDeposit
FNDA:11,autoChallengeTreeDepth
FNDA:11,autoChallengeLastEventTime
DA:14,2
DA:20,27
DA:26,20
DA:34,28
DA:40,11
DA:46,11
LF:6
LH:6
BRF:0
BRH:0
end_of_record
TN:
SF:/home/adxm/github/AventusProtocolFoundation/protocol/contracts/Owned.sol
FN:6,onlyOwner
FN:11,setOwner
FNF:2
FNH:2
FNDA:76,onlyOwner
FNDA:4,setOwner
DA:7,76
DA:8,74
DA:15,4
DA:16,2
LF:4
LH:4
BRDA:7,1,0,74
BRDA:7,1,1,2
BRDA:15,2,0,2
BRDA:15,2,1,2
BRF:4
BRH:4
end_of_record
TN:
SF:/home/adxm/github/AventusProtocolFoundation/protocol/contracts/ParameterRegistry.sol
FN:48,constructor
FN:53,init
FNF:2
FNH:2
FNDA:2,constructor
FNDA:2,init
DA:49,2
DA:54,2
DA:55,1
DA:57,1
DA:59,1
DA:61,1
DA:63,1
DA:66,1
DA:68,1
DA:70,1
DA:72,1
DA:74,1
DA:77,1
DA:79,1
DA:81,1
DA:82,1
DA:83,1
DA:84,1
DA:85,1
LF:19
LH:19
BRDA:54,1,0,1
BRDA:54,1,1,1
BRF:2
BRH:2
end_of_record
TN:
SF:/home/adxm/github/AventusProtocolFoundation/protocol/contracts/ProposalsManager.sol
FN:14,constructor
FN:18,createGovernanceProposal
FN:24,endGovernanceProposal
FN:30,castVote
FN:36,cancelVote
FN:42,revealVote
FN:48,claimVoterWinnings
FN:54,getGovernanceProposalDeposit
FN:58,getPrevTimeParamForCastVote
FN:62,getAventusTime
FNF:10
FNH:10
FNDA:2,constructor
FNDA:41,createGovernanceProposal
FNDA:47,endGovernanceProposal
FNDA:40,castVote
FNDA:10,cancelVote
FNDA:31,revealVote
FNDA:19,claimVoterWinnings
FNDA:12,getGovernanceProposalDeposit
FNDA:38,getPrevTimeParamForCastVote
FNDA:1,getAventusTime
DA:15,2
DA:21,41
DA:27,47
DA:33,40
DA:39,10
DA:45,31
DA:51,19
DA:55,12
DA:59,38
DA:63,1
LF:10
LH:10
BRF:0
BRH:0
end_of_record
TN:
SF:/home/adxm/github/AventusProtocolFoundation/protocol/contracts/proxies/PAventities.sol
FN:7,fallback
FNF:1
FNH:1
FNDA:177,fallback
DA:8,177
LF:1
LH:1
BRF:0
BRH:0
end_of_record
TN:
SF:/home/adxm/github/AventusProtocolFoundation/protocol/contracts/proxies/PAventusDLL.sol
FN:7,fallback
FNF:1
FNH:1
FNDA:433,fallback
DA:8,433
LF:1
LH:1
BRF:0
BRH:0
end_of_record
TN:
SF:/home/adxm/github/AventusProtocolFoundation/protocol/contracts/proxies/PAventusTime.sol
FN:7,fallback
FNF:1
FNH:1
FNDA:377,fallback
DA:8,377
LF:1
LH:1
BRF:0
BRH:0
end_of_record
TN:
SF:/home/adxm/github/AventusProtocolFoundation/protocol/contracts/proxies/PAVTManager.sol
FN:7,fallback
FNF:1
FNH:1
FNDA:677,fallback
DA:8,677
LF:1
LH:1
BRF:0
BRH:0
end_of_record
TN:
SF:/home/adxm/github/AventusProtocolFoundation/protocol/contracts/proxies/PDelegate.sol
FN:10,delegatedFwd
FNF:1
FNH:1
FNDA:2500,delegatedFwd
DA:15,2500
LF:1
LH:1
BRF:0
BRH:0
end_of_record
TN:
SF:/home/adxm/github/AventusProtocolFoundation/protocol/contracts/proxies/PEvents.sol
FN:7,fallback
FNF:1
FNH:1
FNDA:107,fallback
DA:8,107
LF:1
LH:1
BRF:0
BRH:0
end_of_record
TN:
SF:/home/adxm/github/AventusProtocolFoundation/protocol/contracts/proxies/PLibraryDelegate.sol
FN:9,libraryDelegateFwd
FN:22,addressFromMsgData
FNF:2
FNH:2
FNDA:2498,libraryDelegateFwd
FNDA:2498,addressFromMsgData
DA:14,2498
DA:16,2498
DA:28,2498
LF:3
LH:3
BRF:0
BRH:0
end_of_record
TN:
SF:/home/adxm/github/AventusProtocolFoundation/protocol/contracts/proxies/PMembers.sol
FN:7,fallback
FNF:1
FNH:1
FNDA:223,fallback
DA:8,223
LF:1
LH:1
BRF:0
BRH:0
end_of_record
TN:
SF:/home/adxm/github/AventusProtocolFoundation/protocol/contracts/proxies/PMerkleRoots.sol
FN:7,fallback
FNF:1
FNH:1
FNDA:97,fallback
DA:8,97
LF:1
LH:1
BRF:0
BRH:0
end_of_record
TN:
SF:/home/adxm/github/AventusProtocolFoundation/protocol/contracts/proxies/PProposals.sol
FN:7,fallback
FNF:1
FNH:1
FNDA:407,fallback
DA:8,407
LF:1
LH:1
BRF:0
BRH:0
end_of_record
TN:
SF:/home/adxm/github/AventusProtocolFoundation/protocol/contracts/Versioned.sol
FN:8,getVersion
FN:12,getVersionMajorMinor
FNF:2
FNH:2
FNDA:1,getVersion
FNDA:2517,getVersionMajorMinor
DA:9,1
DA:13,2517
LF:2
LH:2
BRF:0
BRH:0
end_of_record
